[1.360s] Invoking command in '/home/sahil/Desktop/ros_learn/ros2_SLAM/slam_bot/src/my_robot_bringup': PYTHONPATH=/home/sahil/Desktop/ros_learn/ros2_SLAM/build/my_robot_bringup/prefix_override:/usr/lib/python3/dist-packages/colcon_core/task/python/colcon_distutils_commands:/home/sahil/Desktop/ros_learn/ros2_SLAM/install/my_robot_bringup/lib/python3.10/site-packages:${PYTHONPATH} /usr/bin/python3 -W ignore:setup.py install is deprecated -W ignore:easy_install command is deprecated setup.py egg_info --egg-base ../../../build/my_robot_bringup build --build-base /home/sahil/Desktop/ros_learn/ros2_SLAM/build/my_robot_bringup/build install --record /home/sahil/Desktop/ros_learn/ros2_SLAM/build/my_robot_bringup/install.log --single-version-externally-managed install_data
[1.590s] running egg_info
[1.591s] creating ../../../build/my_robot_bringup/my_robot_bringup.egg-info
[1.591s] writing ../../../build/my_robot_bringup/my_robot_bringup.egg-info/PKG-INFO
[1.591s] writing dependency_links to ../../../build/my_robot_bringup/my_robot_bringup.egg-info/dependency_links.txt
[1.591s] writing entry points to ../../../build/my_robot_bringup/my_robot_bringup.egg-info/entry_points.txt
[1.591s] writing requirements to ../../../build/my_robot_bringup/my_robot_bringup.egg-info/requires.txt
[1.591s] writing top-level names to ../../../build/my_robot_bringup/my_robot_bringup.egg-info/top_level.txt
[1.591s] writing manifest file '../../../build/my_robot_bringup/my_robot_bringup.egg-info/SOURCES.txt'
[1.593s] reading manifest file '../../../build/my_robot_bringup/my_robot_bringup.egg-info/SOURCES.txt'
[1.593s] adding license file 'LICENSE'
[1.594s] writing manifest file '../../../build/my_robot_bringup/my_robot_bringup.egg-info/SOURCES.txt'
[1.594s] running build
[1.594s] running build_py
[1.594s] creating /home/sahil/Desktop/ros_learn/ros2_SLAM/build/my_robot_bringup/build
[1.594s] creating /home/sahil/Desktop/ros_learn/ros2_SLAM/build/my_robot_bringup/build/lib
[1.594s] creating /home/sahil/Desktop/ros_learn/ros2_SLAM/build/my_robot_bringup/build/lib/my_robot_bringup
[1.594s] copying my_robot_bringup/__init__.py -> /home/sahil/Desktop/ros_learn/ros2_SLAM/build/my_robot_bringup/build/lib/my_robot_bringup
[1.594s] running install
[1.594s] running install_lib
[1.595s] creating /home/sahil/Desktop/ros_learn/ros2_SLAM/install/my_robot_bringup/lib/python3.10/site-packages/my_robot_bringup
[1.595s] copying /home/sahil/Desktop/ros_learn/ros2_SLAM/build/my_robot_bringup/build/lib/my_robot_bringup/__init__.py -> /home/sahil/Desktop/ros_learn/ros2_SLAM/install/my_robot_bringup/lib/python3.10/site-packages/my_robot_bringup
[1.595s] byte-compiling /home/sahil/Desktop/ros_learn/ros2_SLAM/install/my_robot_bringup/lib/python3.10/site-packages/my_robot_bringup/__init__.py to __init__.cpython-310.pyc
[1.596s] running install_data
[1.596s] creating /home/sahil/Desktop/ros_learn/ros2_SLAM/install/my_robot_bringup/share/ament_index
[1.596s] creating /home/sahil/Desktop/ros_learn/ros2_SLAM/install/my_robot_bringup/share/ament_index/resource_index
[1.596s] creating /home/sahil/Desktop/ros_learn/ros2_SLAM/install/my_robot_bringup/share/ament_index/resource_index/packages
[1.596s] copying resource/my_robot_bringup -> /home/sahil/Desktop/ros_learn/ros2_SLAM/install/my_robot_bringup/share/ament_index/resource_index/packages
[1.596s] copying package.xml -> /home/sahil/Desktop/ros_learn/ros2_SLAM/install/my_robot_bringup/share/my_robot_bringup
[1.596s] creating /home/sahil/Desktop/ros_learn/ros2_SLAM/install/my_robot_bringup/share/my_robot_bringup/launch
[1.596s] copying launch/simulation.launch.py -> /home/sahil/Desktop/ros_learn/ros2_SLAM/install/my_robot_bringup/share/my_robot_bringup/launch
[1.596s] running install_egg_info
[1.598s] Copying ../../../build/my_robot_bringup/my_robot_bringup.egg-info to /home/sahil/Desktop/ros_learn/ros2_SLAM/install/my_robot_bringup/lib/python3.10/site-packages/my_robot_bringup-0.0.0-py3.10.egg-info
[1.598s] running install_scripts
[1.620s] writing list of installed files to '/home/sahil/Desktop/ros_learn/ros2_SLAM/build/my_robot_bringup/install.log'
[1.692s] Invoked command in '/home/sahil/Desktop/ros_learn/ros2_SLAM/slam_bot/src/my_robot_bringup' returned '0': PYTHONPATH=/home/sahil/Desktop/ros_learn/ros2_SLAM/build/my_robot_bringup/prefix_override:/usr/lib/python3/dist-packages/colcon_core/task/python/colcon_distutils_commands:/home/sahil/Desktop/ros_learn/ros2_SLAM/install/my_robot_bringup/lib/python3.10/site-packages:${PYTHONPATH} /usr/bin/python3 -W ignore:setup.py install is deprecated -W ignore:easy_install command is deprecated setup.py egg_info --egg-base ../../../build/my_robot_bringup build --build-base /home/sahil/Desktop/ros_learn/ros2_SLAM/build/my_robot_bringup/build install --record /home/sahil/Desktop/ros_learn/ros2_SLAM/build/my_robot_bringup/install.log --single-version-externally-managed install_data
