[0.798s] Invoking command in '/home/sahil/Desktop/ros_learn/ros2_SLAM/slam_bot/src/my_robot_bringup': PYTHONPATH=/home/sahil/Desktop/ros_learn/ros2_SLAM/build/my_robot_bringup/prefix_override:/usr/lib/python3/dist-packages/colcon_core/task/python/colcon_distutils_commands:/home/sahil/Desktop/ros_learn/ros2_SLAM/install/my_robot_bringup/lib/python3.10/site-packages:${PYTHONPATH} /usr/bin/python3 -W ignore:setup.py install is deprecated -W ignore:easy_install command is deprecated setup.py egg_info --egg-base ../../../build/my_robot_bringup build --build-base /home/sahil/Desktop/ros_learn/ros2_SLAM/build/my_robot_bringup/build install --record /home/sahil/Desktop/ros_learn/ros2_SLAM/build/my_robot_bringup/install.log --single-version-externally-managed install_data
[0.961s] running egg_info
[0.961s] writing ../../../build/my_robot_bringup/my_robot_bringup.egg-info/PKG-INFO
[0.962s] writing dependency_links to ../../../build/my_robot_bringup/my_robot_bringup.egg-info/dependency_links.txt
[0.962s] writing entry points to ../../../build/my_robot_bringup/my_robot_bringup.egg-info/entry_points.txt
[0.962s] writing requirements to ../../../build/my_robot_bringup/my_robot_bringup.egg-info/requires.txt
[0.962s] writing top-level names to ../../../build/my_robot_bringup/my_robot_bringup.egg-info/top_level.txt
[0.963s] reading manifest file '../../../build/my_robot_bringup/my_robot_bringup.egg-info/SOURCES.txt'
[0.963s] adding license file 'LICENSE'
[0.963s] writing manifest file '../../../build/my_robot_bringup/my_robot_bringup.egg-info/SOURCES.txt'
[0.963s] running build
[0.963s] running build_py
[0.964s] running install
[0.964s] running install_lib
[0.964s] running install_data
[0.964s] copying launch/simulation.launch.py -> /home/sahil/Desktop/ros_learn/ros2_SLAM/install/my_robot_bringup/share/my_robot_bringup/launch
[0.965s] running install_egg_info
[0.966s] removing '/home/sahil/Desktop/ros_learn/ros2_SLAM/install/my_robot_bringup/lib/python3.10/site-packages/my_robot_bringup-0.0.0-py3.10.egg-info' (and everything under it)
[0.966s] Copying ../../../build/my_robot_bringup/my_robot_bringup.egg-info to /home/sahil/Desktop/ros_learn/ros2_SLAM/install/my_robot_bringup/lib/python3.10/site-packages/my_robot_bringup-0.0.0-py3.10.egg-info
[0.966s] running install_scripts
[0.980s] writing list of installed files to '/home/sahil/Desktop/ros_learn/ros2_SLAM/build/my_robot_bringup/install.log'
[1.003s] Invoked command in '/home/sahil/Desktop/ros_learn/ros2_SLAM/slam_bot/src/my_robot_bringup' returned '0': PYTHONPATH=/home/sahil/Desktop/ros_learn/ros2_SLAM/build/my_robot_bringup/prefix_override:/usr/lib/python3/dist-packages/colcon_core/task/python/colcon_distutils_commands:/home/sahil/Desktop/ros_learn/ros2_SLAM/install/my_robot_bringup/lib/python3.10/site-packages:${PYTHONPATH} /usr/bin/python3 -W ignore:setup.py install is deprecated -W ignore:easy_install command is deprecated setup.py egg_info --egg-base ../../../build/my_robot_bringup build --build-base /home/sahil/Desktop/ros_learn/ros2_SLAM/build/my_robot_bringup/build install --record /home/sahil/Desktop/ros_learn/ros2_SLAM/build/my_robot_bringup/install.log --single-version-externally-managed install_data
