[0.811s] Invoking command in '/home/sahil/Desktop/ros_learn/slam_bot/src/my_robot_description': PYTHONPATH=/home/sahil/Desktop/ros_learn/slam_bot/build/my_robot_description/prefix_override:/usr/lib/python3/dist-packages/colcon_core/task/python/colcon_distutils_commands:/home/sahil/Desktop/ros_learn/slam_bot/install/my_robot_description/lib/python3.10/site-packages:${PYTHONPATH} /usr/bin/python3 -W ignore:setup.py install is deprecated -W ignore:easy_install command is deprecated setup.py egg_info --egg-base ../../build/my_robot_description build --build-base /home/sahil/Desktop/ros_learn/slam_bot/build/my_robot_description/build install --record /home/sahil/Desktop/ros_learn/slam_bot/build/my_robot_description/install.log --single-version-externally-managed install_data
[0.974s] running egg_info
[0.974s] writing ../../build/my_robot_description/my_robot_description.egg-info/PKG-INFO
[0.975s] writing dependency_links to ../../build/my_robot_description/my_robot_description.egg-info/dependency_links.txt
[0.975s] writing entry points to ../../build/my_robot_description/my_robot_description.egg-info/entry_points.txt
[0.975s] writing requirements to ../../build/my_robot_description/my_robot_description.egg-info/requires.txt
[0.975s] writing top-level names to ../../build/my_robot_description/my_robot_description.egg-info/top_level.txt
[0.976s] reading manifest file '../../build/my_robot_description/my_robot_description.egg-info/SOURCES.txt'
[0.976s] adding license file 'LICENSE'
[0.976s] writing manifest file '../../build/my_robot_description/my_robot_description.egg-info/SOURCES.txt'
[0.977s] running build
[0.977s] running build_py
[0.977s] running install
[0.977s] running install_lib
[0.977s] running install_data
[0.977s] copying urdf/my_robot.urdf.xml -> /home/sahil/Desktop/ros_learn/slam_bot/install/my_robot_description/share/my_robot_description/urdf
[0.977s] running install_egg_info
[0.979s] removing '/home/sahil/Desktop/ros_learn/slam_bot/install/my_robot_description/lib/python3.10/site-packages/my_robot_description-0.0.0-py3.10.egg-info' (and everything under it)
[0.979s] Copying ../../build/my_robot_description/my_robot_description.egg-info to /home/sahil/Desktop/ros_learn/slam_bot/install/my_robot_description/lib/python3.10/site-packages/my_robot_description-0.0.0-py3.10.egg-info
[0.979s] running install_scripts
[0.993s] writing list of installed files to '/home/sahil/Desktop/ros_learn/slam_bot/build/my_robot_description/install.log'
[1.023s] Invoked command in '/home/sahil/Desktop/ros_learn/slam_bot/src/my_robot_description' returned '0': PYTHONPATH=/home/sahil/Desktop/ros_learn/slam_bot/build/my_robot_description/prefix_override:/usr/lib/python3/dist-packages/colcon_core/task/python/colcon_distutils_commands:/home/sahil/Desktop/ros_learn/slam_bot/install/my_robot_description/lib/python3.10/site-packages:${PYTHONPATH} /usr/bin/python3 -W ignore:setup.py install is deprecated -W ignore:easy_install command is deprecated setup.py egg_info --egg-base ../../build/my_robot_description build --build-base /home/sahil/Desktop/ros_learn/slam_bot/build/my_robot_description/build install --record /home/sahil/Desktop/ros_learn/slam_bot/build/my_robot_description/install.log --single-version-externally-managed install_data
