[1.849s] Invoking command in '/home/sahil/Desktop/ros_learn/ros2_SLAM/slam_bot/src/my_robot_bringup': PYTHONPATH=/home/sahil/Desktop/ros_learn/ros2_SLAM/build/my_robot_bringup/prefix_override:/usr/lib/python3/dist-packages/colcon_core/task/python/colcon_distutils_commands:/home/sahil/Desktop/ros_learn/ros2_SLAM/install/my_robot_bringup/lib/python3.10/site-packages:${PYTHONPATH} /usr/bin/python3 -W ignore:setup.py install is deprecated -W ignore:easy_install command is deprecated setup.py egg_info --egg-base ../../../build/my_robot_bringup build --build-base /home/sahil/Desktop/ros_learn/ros2_SLAM/build/my_robot_bringup/build install --record /home/sahil/Desktop/ros_learn/ros2_SLAM/build/my_robot_bringup/install.log --single-version-externally-managed install_data
[2.119s] running egg_info
[2.120s] writing ../../../build/my_robot_bringup/my_robot_bringup.egg-info/PKG-INFO
[2.121s] writing dependency_links to ../../../build/my_robot_bringup/my_robot_bringup.egg-info/dependency_links.txt
[2.121s] writing entry points to ../../../build/my_robot_bringup/my_robot_bringup.egg-info/entry_points.txt
[2.121s] writing requirements to ../../../build/my_robot_bringup/my_robot_bringup.egg-info/requires.txt
[2.121s] writing top-level names to ../../../build/my_robot_bringup/my_robot_bringup.egg-info/top_level.txt
[2.125s] reading manifest file '../../../build/my_robot_bringup/my_robot_bringup.egg-info/SOURCES.txt'
[2.125s] adding license file 'LICENSE'
[2.125s] writing manifest file '../../../build/my_robot_bringup/my_robot_bringup.egg-info/SOURCES.txt'
[2.125s] running build
[2.125s] running build_py
[2.126s] running install
[2.126s] running install_lib
[2.127s] running install_data
[2.127s] running install_egg_info
[2.129s] removing '/home/sahil/Desktop/ros_learn/ros2_SLAM/install/my_robot_bringup/lib/python3.10/site-packages/my_robot_bringup-0.0.0-py3.10.egg-info' (and everything under it)
[2.129s] Copying ../../../build/my_robot_bringup/my_robot_bringup.egg-info to /home/sahil/Desktop/ros_learn/ros2_SLAM/install/my_robot_bringup/lib/python3.10/site-packages/my_robot_bringup-0.0.0-py3.10.egg-info
[2.130s] running install_scripts
[2.153s] writing list of installed files to '/home/sahil/Desktop/ros_learn/ros2_SLAM/build/my_robot_bringup/install.log'
[2.204s] Invoked command in '/home/sahil/Desktop/ros_learn/ros2_SLAM/slam_bot/src/my_robot_bringup' returned '0': PYTHONPATH=/home/sahil/Desktop/ros_learn/ros2_SLAM/build/my_robot_bringup/prefix_override:/usr/lib/python3/dist-packages/colcon_core/task/python/colcon_distutils_commands:/home/sahil/Desktop/ros_learn/ros2_SLAM/install/my_robot_bringup/lib/python3.10/site-packages:${PYTHONPATH} /usr/bin/python3 -W ignore:setup.py install is deprecated -W ignore:easy_install command is deprecated setup.py egg_info --egg-base ../../../build/my_robot_bringup build --build-base /home/sahil/Desktop/ros_learn/ros2_SLAM/build/my_robot_bringup/build install --record /home/sahil/Desktop/ros_learn/ros2_SLAM/build/my_robot_bringup/install.log --single-version-externally-managed install_data
