[0.103s] DEBUG:colcon:Command line arguments: ['/usr/bin/colcon', 'build']
[0.103s] DEBUG:colcon:Parsed command line arguments: Namespace(log_base=None, log_level=None, verb_name='build', build_base='build', install_base='install', merge_install=False, symlink_install=False, test_result_base=None, continue_on_error=False, executor='parallel', parallel_workers=16, event_handlers=None, ignore_user_meta=False, metas=['./colcon.meta'], base_paths=['.'], packages_ignore=None, packages_ignore_regex=None, paths=None, packages_up_to=None, packages_up_to_regex=None, packages_above=None, packages_above_and_dependencies=None, packages_above_depth=None, packages_select_by_dep=None, packages_skip_by_dep=None, packages_skip_up_to=None, packages_select_build_failed=False, packages_skip_build_finished=False, packages_select_test_failures=False, packages_skip_test_passed=False, packages_select=None, packages_skip=None, packages_select_regex=None, packages_skip_regex=None, packages_start=None, packages_end=None, allow_overriding=[], cmake_args=None, cmake_target=None, cmake_target_skip_unavailable=False, cmake_clean_cache=False, cmake_clean_first=False, cmake_force_configure=False, ament_cmake_args=None, catkin_cmake_args=None, catkin_skip_building_tests=False, mixin_files=None, mixin=None, verb_parser=<colcon_mixin.mixin.mixin_argument.MixinArgumentDecorator object at 0x702eef967970>, verb_extension=<colcon_core.verb.build.BuildVerb object at 0x702eef9672e0>, main=<bound method BuildVerb.main of <colcon_core.verb.build.BuildVerb object at 0x702eef9672e0>>, mixin_verb=('build',))
[0.285s] Level 1:colcon.colcon_core.package_discovery:discover_packages(colcon_meta) check parameters
[0.285s] Level 1:colcon.colcon_core.package_discovery:discover_packages(recursive) check parameters
[0.285s] Level 1:colcon.colcon_core.package_discovery:discover_packages(ignore) check parameters
[0.285s] Level 1:colcon.colcon_core.package_discovery:discover_packages(path) check parameters
[0.285s] Level 1:colcon.colcon_core.package_discovery:discover_packages(colcon_meta) discover
[0.286s] Level 1:colcon.colcon_core.package_discovery:discover_packages(recursive) discover
[0.286s] INFO:colcon.colcon_core.package_discovery:Crawling recursively for packages in '/home/sahil/Desktop/ros_learn/ros2_SLAM'
[0.286s] Level 1:colcon.colcon_core.package_identification:_identify(.) by extensions ['ignore', 'ignore_ament_install']
[0.286s] Level 1:colcon.colcon_core.package_identification:_identify(.) by extension 'ignore'
[0.286s] Level 1:colcon.colcon_core.package_identification:_identify(.) by extension 'ignore_ament_install'
[0.286s] Level 1:colcon.colcon_core.package_identification:_identify(.) by extensions ['colcon_pkg']
[0.286s] Level 1:colcon.colcon_core.package_identification:_identify(.) by extension 'colcon_pkg'
[0.286s] Level 1:colcon.colcon_core.package_identification:_identify(.) by extensions ['colcon_meta']
[0.286s] Level 1:colcon.colcon_core.package_identification:_identify(.) by extension 'colcon_meta'
[0.286s] Level 1:colcon.colcon_core.package_identification:_identify(.) by extensions ['ros']
[0.286s] Level 1:colcon.colcon_core.package_identification:_identify(.) by extension 'ros'
[0.307s] Level 1:colcon.colcon_core.package_identification:_identify(.) by extensions ['cmake', 'python']
[0.307s] Level 1:colcon.colcon_core.package_identification:_identify(.) by extension 'cmake'
[0.307s] Level 1:colcon.colcon_core.package_identification:_identify(.) by extension 'python'
[0.307s] Level 1:colcon.colcon_core.package_identification:_identify(.) by extensions ['python_setup_py']
[0.307s] Level 1:colcon.colcon_core.package_identification:_identify(.) by extension 'python_setup_py'
[0.307s] Level 1:colcon.colcon_core.package_identification:_identify(build) by extensions ['ignore', 'ignore_ament_install']
[0.307s] Level 1:colcon.colcon_core.package_identification:_identify(build) by extension 'ignore'
[0.307s] Level 1:colcon.colcon_core.package_identification:_identify(build) ignored
[0.307s] Level 1:colcon.colcon_core.package_identification:_identify(install) by extensions ['ignore', 'ignore_ament_install']
[0.307s] Level 1:colcon.colcon_core.package_identification:_identify(install) by extension 'ignore'
[0.307s] Level 1:colcon.colcon_core.package_identification:_identify(install) ignored
[0.307s] Level 1:colcon.colcon_core.package_identification:_identify(log) by extensions ['ignore', 'ignore_ament_install']
[0.308s] Level 1:colcon.colcon_core.package_identification:_identify(log) by extension 'ignore'
[0.308s] Level 1:colcon.colcon_core.package_identification:_identify(log) ignored
[0.308s] Level 1:colcon.colcon_core.package_identification:_identify(slam_bot) by extensions ['ignore', 'ignore_ament_install']
[0.308s] Level 1:colcon.colcon_core.package_identification:_identify(slam_bot) by extension 'ignore'
[0.308s] Level 1:colcon.colcon_core.package_identification:_identify(slam_bot) by extension 'ignore_ament_install'
[0.308s] Level 1:colcon.colcon_core.package_identification:_identify(slam_bot) by extensions ['colcon_pkg']
[0.308s] Level 1:colcon.colcon_core.package_identification:_identify(slam_bot) by extension 'colcon_pkg'
[0.308s] Level 1:colcon.colcon_core.package_identification:_identify(slam_bot) by extensions ['colcon_meta']
[0.308s] Level 1:colcon.colcon_core.package_identification:_identify(slam_bot) by extension 'colcon_meta'
[0.308s] Level 1:colcon.colcon_core.package_identification:_identify(slam_bot) by extensions ['ros']
[0.308s] Level 1:colcon.colcon_core.package_identification:_identify(slam_bot) by extension 'ros'
[0.308s] Level 1:colcon.colcon_core.package_identification:_identify(slam_bot) by extensions ['cmake', 'python']
[0.308s] Level 1:colcon.colcon_core.package_identification:_identify(slam_bot) by extension 'cmake'
[0.308s] Level 1:colcon.colcon_core.package_identification:_identify(slam_bot) by extension 'python'
[0.308s] Level 1:colcon.colcon_core.package_identification:_identify(slam_bot) by extensions ['python_setup_py']
[0.308s] Level 1:colcon.colcon_core.package_identification:_identify(slam_bot) by extension 'python_setup_py'
[0.308s] Level 1:colcon.colcon_core.package_identification:_identify(slam_bot/build) by extensions ['ignore', 'ignore_ament_install']
[0.308s] Level 1:colcon.colcon_core.package_identification:_identify(slam_bot/build) by extension 'ignore'
[0.308s] Level 1:colcon.colcon_core.package_identification:_identify(slam_bot/build) ignored
[0.308s] Level 1:colcon.colcon_core.package_identification:_identify(slam_bot/install) by extensions ['ignore', 'ignore_ament_install']
[0.308s] Level 1:colcon.colcon_core.package_identification:_identify(slam_bot/install) by extension 'ignore'
[0.308s] Level 1:colcon.colcon_core.package_identification:_identify(slam_bot/install) ignored
[0.308s] Level 1:colcon.colcon_core.package_identification:_identify(slam_bot/log) by extensions ['ignore', 'ignore_ament_install']
[0.308s] Level 1:colcon.colcon_core.package_identification:_identify(slam_bot/log) by extension 'ignore'
[0.308s] Level 1:colcon.colcon_core.package_identification:_identify(slam_bot/log) ignored
[0.309s] Level 1:colcon.colcon_core.package_identification:_identify(slam_bot/src) by extensions ['ignore', 'ignore_ament_install']
[0.309s] Level 1:colcon.colcon_core.package_identification:_identify(slam_bot/src) by extension 'ignore'
[0.309s] Level 1:colcon.colcon_core.package_identification:_identify(slam_bot/src) by extension 'ignore_ament_install'
[0.309s] Level 1:colcon.colcon_core.package_identification:_identify(slam_bot/src) by extensions ['colcon_pkg']
[0.309s] Level 1:colcon.colcon_core.package_identification:_identify(slam_bot/src) by extension 'colcon_pkg'
[0.309s] Level 1:colcon.colcon_core.package_identification:_identify(slam_bot/src) by extensions ['colcon_meta']
[0.309s] Level 1:colcon.colcon_core.package_identification:_identify(slam_bot/src) by extension 'colcon_meta'
[0.309s] Level 1:colcon.colcon_core.package_identification:_identify(slam_bot/src) by extensions ['ros']
[0.309s] Level 1:colcon.colcon_core.package_identification:_identify(slam_bot/src) by extension 'ros'
[0.309s] Level 1:colcon.colcon_core.package_identification:_identify(slam_bot/src) by extensions ['cmake', 'python']
[0.309s] Level 1:colcon.colcon_core.package_identification:_identify(slam_bot/src) by extension 'cmake'
[0.309s] Level 1:colcon.colcon_core.package_identification:_identify(slam_bot/src) by extension 'python'
[0.309s] Level 1:colcon.colcon_core.package_identification:_identify(slam_bot/src) by extensions ['python_setup_py']
[0.309s] Level 1:colcon.colcon_core.package_identification:_identify(slam_bot/src) by extension 'python_setup_py'
[0.309s] Level 1:colcon.colcon_core.package_identification:_identify(slam_bot/src/my_robot_bringup) by extensions ['ignore', 'ignore_ament_install']
[0.309s] Level 1:colcon.colcon_core.package_identification:_identify(slam_bot/src/my_robot_bringup) by extension 'ignore'
[0.309s] Level 1:colcon.colcon_core.package_identification:_identify(slam_bot/src/my_robot_bringup) by extension 'ignore_ament_install'
[0.309s] Level 1:colcon.colcon_core.package_identification:_identify(slam_bot/src/my_robot_bringup) by extensions ['colcon_pkg']
[0.309s] Level 1:colcon.colcon_core.package_identification:_identify(slam_bot/src/my_robot_bringup) by extension 'colcon_pkg'
[0.309s] Level 1:colcon.colcon_core.package_identification:_identify(slam_bot/src/my_robot_bringup) by extensions ['colcon_meta']
[0.309s] Level 1:colcon.colcon_core.package_identification:_identify(slam_bot/src/my_robot_bringup) by extension 'colcon_meta'
[0.309s] Level 1:colcon.colcon_core.package_identification:_identify(slam_bot/src/my_robot_bringup) by extensions ['ros']
[0.309s] Level 1:colcon.colcon_core.package_identification:_identify(slam_bot/src/my_robot_bringup) by extension 'ros'
[0.311s] DEBUG:colcon.colcon_core.package_identification:Package 'slam_bot/src/my_robot_bringup' with type 'ros.ament_python' and name 'my_robot_bringup'
[0.312s] Level 1:colcon.colcon_core.package_identification:_identify(slam_bot/src/my_robot_control) by extensions ['ignore', 'ignore_ament_install']
[0.312s] Level 1:colcon.colcon_core.package_identification:_identify(slam_bot/src/my_robot_control) by extension 'ignore'
[0.312s] Level 1:colcon.colcon_core.package_identification:_identify(slam_bot/src/my_robot_control) by extension 'ignore_ament_install'
[0.312s] Level 1:colcon.colcon_core.package_identification:_identify(slam_bot/src/my_robot_control) by extensions ['colcon_pkg']
[0.312s] Level 1:colcon.colcon_core.package_identification:_identify(slam_bot/src/my_robot_control) by extension 'colcon_pkg'
[0.312s] Level 1:colcon.colcon_core.package_identification:_identify(slam_bot/src/my_robot_control) by extensions ['colcon_meta']
[0.312s] Level 1:colcon.colcon_core.package_identification:_identify(slam_bot/src/my_robot_control) by extension 'colcon_meta'
[0.312s] Level 1:colcon.colcon_core.package_identification:_identify(slam_bot/src/my_robot_control) by extensions ['ros']
[0.312s] Level 1:colcon.colcon_core.package_identification:_identify(slam_bot/src/my_robot_control) by extension 'ros'
[0.312s] DEBUG:colcon.colcon_core.package_identification:Package 'slam_bot/src/my_robot_control' with type 'ros.ament_python' and name 'my_robot_control'
[0.312s] Level 1:colcon.colcon_core.package_identification:_identify(slam_bot/src/my_robot_description) by extensions ['ignore', 'ignore_ament_install']
[0.312s] Level 1:colcon.colcon_core.package_identification:_identify(slam_bot/src/my_robot_description) by extension 'ignore'
[0.312s] Level 1:colcon.colcon_core.package_identification:_identify(slam_bot/src/my_robot_description) by extension 'ignore_ament_install'
[0.313s] Level 1:colcon.colcon_core.package_identification:_identify(slam_bot/src/my_robot_description) by extensions ['colcon_pkg']
[0.313s] Level 1:colcon.colcon_core.package_identification:_identify(slam_bot/src/my_robot_description) by extension 'colcon_pkg'
[0.313s] Level 1:colcon.colcon_core.package_identification:_identify(slam_bot/src/my_robot_description) by extensions ['colcon_meta']
[0.313s] Level 1:colcon.colcon_core.package_identification:_identify(slam_bot/src/my_robot_description) by extension 'colcon_meta'
[0.313s] Level 1:colcon.colcon_core.package_identification:_identify(slam_bot/src/my_robot_description) by extensions ['ros']
[0.313s] Level 1:colcon.colcon_core.package_identification:_identify(slam_bot/src/my_robot_description) by extension 'ros'
[0.313s] DEBUG:colcon.colcon_core.package_identification:Package 'slam_bot/src/my_robot_description' with type 'ros.ament_python' and name 'my_robot_description'
[0.313s] Level 1:colcon.colcon_core.package_discovery:discover_packages(recursive) using defaults
[0.313s] Level 1:colcon.colcon_core.package_discovery:discover_packages(ignore) discover
[0.313s] Level 1:colcon.colcon_core.package_discovery:discover_packages(ignore) using defaults
[0.313s] Level 1:colcon.colcon_core.package_discovery:discover_packages(path) discover
[0.313s] Level 1:colcon.colcon_core.package_discovery:discover_packages(path) using defaults
[0.334s] Level 1:colcon.colcon_core.package_discovery:discover_packages(prefix_path) check parameters
[0.334s] Level 1:colcon.colcon_core.package_discovery:discover_packages(prefix_path) discover
[0.335s] DEBUG:colcon.colcon_installed_package_information.package_discovery:Found 3 installed packages in /home/sahil/Desktop/ros_learn/ros2_SLAM/install
[0.337s] DEBUG:colcon.colcon_installed_package_information.package_discovery:Found 363 installed packages in /opt/ros/humble
[0.338s] Level 1:colcon.colcon_core.package_discovery:discover_packages(prefix_path) using defaults
[0.374s] Level 5:colcon.colcon_core.verb:set package 'my_robot_bringup' build argument 'cmake_args' from command line to 'None'
[0.374s] Level 5:colcon.colcon_core.verb:set package 'my_robot_bringup' build argument 'cmake_target' from command line to 'None'
[0.374s] Level 5:colcon.colcon_core.verb:set package 'my_robot_bringup' build argument 'cmake_target_skip_unavailable' from command line to 'False'
[0.374s] Level 5:colcon.colcon_core.verb:set package 'my_robot_bringup' build argument 'cmake_clean_cache' from command line to 'False'
[0.374s] Level 5:colcon.colcon_core.verb:set package 'my_robot_bringup' build argument 'cmake_clean_first' from command line to 'False'
[0.374s] Level 5:colcon.colcon_core.verb:set package 'my_robot_bringup' build argument 'cmake_force_configure' from command line to 'False'
[0.374s] Level 5:colcon.colcon_core.verb:set package 'my_robot_bringup' build argument 'ament_cmake_args' from command line to 'None'
[0.374s] Level 5:colcon.colcon_core.verb:set package 'my_robot_bringup' build argument 'catkin_cmake_args' from command line to 'None'
[0.374s] Level 5:colcon.colcon_core.verb:set package 'my_robot_bringup' build argument 'catkin_skip_building_tests' from command line to 'False'
[0.374s] DEBUG:colcon.colcon_core.verb:Building package 'my_robot_bringup' with the following arguments: {'ament_cmake_args': None, 'build_base': '/home/sahil/Desktop/ros_learn/ros2_SLAM/build/my_robot_bringup', 'catkin_cmake_args': None, 'catkin_skip_building_tests': False, 'cmake_args': None, 'cmake_clean_cache': False, 'cmake_clean_first': False, 'cmake_force_configure': False, 'cmake_target': None, 'cmake_target_skip_unavailable': False, 'install_base': '/home/sahil/Desktop/ros_learn/ros2_SLAM/install/my_robot_bringup', 'merge_install': False, 'path': '/home/sahil/Desktop/ros_learn/ros2_SLAM/slam_bot/src/my_robot_bringup', 'symlink_install': False, 'test_result_base': None}
[0.374s] Level 5:colcon.colcon_core.verb:set package 'my_robot_control' build argument 'cmake_args' from command line to 'None'
[0.374s] Level 5:colcon.colcon_core.verb:set package 'my_robot_control' build argument 'cmake_target' from command line to 'None'
[0.374s] Level 5:colcon.colcon_core.verb:set package 'my_robot_control' build argument 'cmake_target_skip_unavailable' from command line to 'False'
[0.374s] Level 5:colcon.colcon_core.verb:set package 'my_robot_control' build argument 'cmake_clean_cache' from command line to 'False'
[0.374s] Level 5:colcon.colcon_core.verb:set package 'my_robot_control' build argument 'cmake_clean_first' from command line to 'False'
[0.374s] Level 5:colcon.colcon_core.verb:set package 'my_robot_control' build argument 'cmake_force_configure' from command line to 'False'
[0.374s] Level 5:colcon.colcon_core.verb:set package 'my_robot_control' build argument 'ament_cmake_args' from command line to 'None'
[0.374s] Level 5:colcon.colcon_core.verb:set package 'my_robot_control' build argument 'catkin_cmake_args' from command line to 'None'
[0.374s] Level 5:colcon.colcon_core.verb:set package 'my_robot_control' build argument 'catkin_skip_building_tests' from command line to 'False'
[0.374s] DEBUG:colcon.colcon_core.verb:Building package 'my_robot_control' with the following arguments: {'ament_cmake_args': None, 'build_base': '/home/sahil/Desktop/ros_learn/ros2_SLAM/build/my_robot_control', 'catkin_cmake_args': None, 'catkin_skip_building_tests': False, 'cmake_args': None, 'cmake_clean_cache': False, 'cmake_clean_first': False, 'cmake_force_configure': False, 'cmake_target': None, 'cmake_target_skip_unavailable': False, 'install_base': '/home/sahil/Desktop/ros_learn/ros2_SLAM/install/my_robot_control', 'merge_install': False, 'path': '/home/sahil/Desktop/ros_learn/ros2_SLAM/slam_bot/src/my_robot_control', 'symlink_install': False, 'test_result_base': None}
[0.375s] Level 5:colcon.colcon_core.verb:set package 'my_robot_description' build argument 'cmake_args' from command line to 'None'
[0.375s] Level 5:colcon.colcon_core.verb:set package 'my_robot_description' build argument 'cmake_target' from command line to 'None'
[0.375s] Level 5:colcon.colcon_core.verb:set package 'my_robot_description' build argument 'cmake_target_skip_unavailable' from command line to 'False'
[0.375s] Level 5:colcon.colcon_core.verb:set package 'my_robot_description' build argument 'cmake_clean_cache' from command line to 'False'
[0.375s] Level 5:colcon.colcon_core.verb:set package 'my_robot_description' build argument 'cmake_clean_first' from command line to 'False'
[0.375s] Level 5:colcon.colcon_core.verb:set package 'my_robot_description' build argument 'cmake_force_configure' from command line to 'False'
[0.375s] Level 5:colcon.colcon_core.verb:set package 'my_robot_description' build argument 'ament_cmake_args' from command line to 'None'
[0.375s] Level 5:colcon.colcon_core.verb:set package 'my_robot_description' build argument 'catkin_cmake_args' from command line to 'None'
[0.375s] Level 5:colcon.colcon_core.verb:set package 'my_robot_description' build argument 'catkin_skip_building_tests' from command line to 'False'
[0.375s] DEBUG:colcon.colcon_core.verb:Building package 'my_robot_description' with the following arguments: {'ament_cmake_args': None, 'build_base': '/home/sahil/Desktop/ros_learn/ros2_SLAM/build/my_robot_description', 'catkin_cmake_args': None, 'catkin_skip_building_tests': False, 'cmake_args': None, 'cmake_clean_cache': False, 'cmake_clean_first': False, 'cmake_force_configure': False, 'cmake_target': None, 'cmake_target_skip_unavailable': False, 'install_base': '/home/sahil/Desktop/ros_learn/ros2_SLAM/install/my_robot_description', 'merge_install': False, 'path': '/home/sahil/Desktop/ros_learn/ros2_SLAM/slam_bot/src/my_robot_description', 'symlink_install': False, 'test_result_base': None}
[0.375s] INFO:colcon.colcon_core.executor:Executing jobs using 'parallel' executor
[0.376s] DEBUG:colcon.colcon_parallel_executor.executor.parallel:run_until_complete
[0.377s] INFO:colcon.colcon_ros.task.ament_python.build:Building ROS package in '/home/sahil/Desktop/ros_learn/ros2_SLAM/slam_bot/src/my_robot_bringup' with build type 'ament_python'
[0.377s] Level 1:colcon.colcon_core.shell:create_environment_hook('my_robot_bringup', 'ament_prefix_path')
[0.379s] INFO:colcon.colcon_core.plugin_system:Skipping extension 'colcon_core.shell.bat': Not used on non-Windows systems
[0.379s] INFO:colcon.colcon_core.shell:Creating environment hook '/home/sahil/Desktop/ros_learn/ros2_SLAM/install/my_robot_bringup/share/my_robot_bringup/hook/ament_prefix_path.ps1'
[0.380s] INFO:colcon.colcon_core.shell:Creating environment descriptor '/home/sahil/Desktop/ros_learn/ros2_SLAM/install/my_robot_bringup/share/my_robot_bringup/hook/ament_prefix_path.dsv'
[0.380s] INFO:colcon.colcon_core.shell:Creating environment hook '/home/sahil/Desktop/ros_learn/ros2_SLAM/install/my_robot_bringup/share/my_robot_bringup/hook/ament_prefix_path.sh'
[0.381s] INFO:colcon.colcon_core.shell:Skip shell extension 'powershell' for command environment: Not usable outside of PowerShell
[0.381s] DEBUG:colcon.colcon_core.shell:Skip shell extension 'dsv' for command environment
[0.385s] INFO:colcon.colcon_ros.task.ament_python.build:Building ROS package in '/home/sahil/Desktop/ros_learn/ros2_SLAM/slam_bot/src/my_robot_control' with build type 'ament_python'
[0.385s] Level 1:colcon.colcon_core.shell:create_environment_hook('my_robot_control', 'ament_prefix_path')
[0.385s] INFO:colcon.colcon_core.shell:Creating environment hook '/home/sahil/Desktop/ros_learn/ros2_SLAM/install/my_robot_control/share/my_robot_control/hook/ament_prefix_path.ps1'
[0.386s] INFO:colcon.colcon_core.shell:Creating environment descriptor '/home/sahil/Desktop/ros_learn/ros2_SLAM/install/my_robot_control/share/my_robot_control/hook/ament_prefix_path.dsv'
[0.386s] INFO:colcon.colcon_core.shell:Creating environment hook '/home/sahil/Desktop/ros_learn/ros2_SLAM/install/my_robot_control/share/my_robot_control/hook/ament_prefix_path.sh'
[0.387s] INFO:colcon.colcon_core.shell:Skip shell extension 'powershell' for command environment: Not usable outside of PowerShell
[0.387s] DEBUG:colcon.colcon_core.shell:Skip shell extension 'dsv' for command environment
[0.390s] INFO:colcon.colcon_ros.task.ament_python.build:Building ROS package in '/home/sahil/Desktop/ros_learn/ros2_SLAM/slam_bot/src/my_robot_description' with build type 'ament_python'
[0.390s] Level 1:colcon.colcon_core.shell:create_environment_hook('my_robot_description', 'ament_prefix_path')
[0.391s] INFO:colcon.colcon_core.shell:Creating environment hook '/home/sahil/Desktop/ros_learn/ros2_SLAM/install/my_robot_description/share/my_robot_description/hook/ament_prefix_path.ps1'
[0.392s] INFO:colcon.colcon_core.shell:Creating environment descriptor '/home/sahil/Desktop/ros_learn/ros2_SLAM/install/my_robot_description/share/my_robot_description/hook/ament_prefix_path.dsv'
[0.393s] INFO:colcon.colcon_core.shell:Creating environment hook '/home/sahil/Desktop/ros_learn/ros2_SLAM/install/my_robot_description/share/my_robot_description/hook/ament_prefix_path.sh'
[0.394s] INFO:colcon.colcon_core.shell:Skip shell extension 'powershell' for command environment: Not usable outside of PowerShell
[0.394s] DEBUG:colcon.colcon_core.shell:Skip shell extension 'dsv' for command environment
[0.658s] INFO:colcon.colcon_core.task.python.build:Building Python package in '/home/sahil/Desktop/ros_learn/ros2_SLAM/slam_bot/src/my_robot_bringup'
[0.658s] INFO:colcon.colcon_core.shell:Skip shell extension 'powershell' for command environment: Not usable outside of PowerShell
[0.658s] DEBUG:colcon.colcon_core.shell:Skip shell extension 'dsv' for command environment
[0.913s] INFO:colcon.colcon_core.task.python.build:Building Python package in '/home/sahil/Desktop/ros_learn/ros2_SLAM/slam_bot/src/my_robot_control'
[0.913s] INFO:colcon.colcon_core.shell:Skip shell extension 'powershell' for command environment: Not usable outside of PowerShell
[0.913s] DEBUG:colcon.colcon_core.shell:Skip shell extension 'dsv' for command environment
[1.155s] INFO:colcon.colcon_core.task.python.build:Building Python package in '/home/sahil/Desktop/ros_learn/ros2_SLAM/slam_bot/src/my_robot_description'
[1.155s] INFO:colcon.colcon_core.shell:Skip shell extension 'powershell' for command environment: Not usable outside of PowerShell
[1.155s] DEBUG:colcon.colcon_core.shell:Skip shell extension 'dsv' for command environment
[1.513s] DEBUG:colcon.colcon_core.event_handler.log_command:Invoking command in '/home/sahil/Desktop/ros_learn/ros2_SLAM/slam_bot/src/my_robot_bringup': PYTHONPATH=/home/sahil/Desktop/ros_learn/ros2_SLAM/build/my_robot_bringup/prefix_override:/usr/lib/python3/dist-packages/colcon_core/task/python/colcon_distutils_commands:/home/sahil/Desktop/ros_learn/ros2_SLAM/install/my_robot_bringup/lib/python3.10/site-packages:${PYTHONPATH} /usr/bin/python3 -W ignore:setup.py install is deprecated -W ignore:easy_install command is deprecated setup.py egg_info --egg-base ../../../build/my_robot_bringup build --build-base /home/sahil/Desktop/ros_learn/ros2_SLAM/build/my_robot_bringup/build install --record /home/sahil/Desktop/ros_learn/ros2_SLAM/build/my_robot_bringup/install.log --single-version-externally-managed install_data
[1.517s] DEBUG:colcon.colcon_core.event_handler.log_command:Invoking command in '/home/sahil/Desktop/ros_learn/ros2_SLAM/slam_bot/src/my_robot_control': PYTHONPATH=/home/sahil/Desktop/ros_learn/ros2_SLAM/build/my_robot_control/prefix_override:/usr/lib/python3/dist-packages/colcon_core/task/python/colcon_distutils_commands:/home/sahil/Desktop/ros_learn/ros2_SLAM/install/my_robot_control/lib/python3.10/site-packages:${PYTHONPATH} /usr/bin/python3 -W ignore:setup.py install is deprecated -W ignore:easy_install command is deprecated setup.py egg_info --egg-base ../../../build/my_robot_control build --build-base /home/sahil/Desktop/ros_learn/ros2_SLAM/build/my_robot_control/build install --record /home/sahil/Desktop/ros_learn/ros2_SLAM/build/my_robot_control/install.log --single-version-externally-managed install_data
[1.520s] DEBUG:colcon.colcon_core.event_handler.log_command:Invoking command in '/home/sahil/Desktop/ros_learn/ros2_SLAM/slam_bot/src/my_robot_description': PYTHONPATH=/home/sahil/Desktop/ros_learn/ros2_SLAM/build/my_robot_description/prefix_override:/usr/lib/python3/dist-packages/colcon_core/task/python/colcon_distutils_commands:/home/sahil/Desktop/ros_learn/ros2_SLAM/install/my_robot_description/lib/python3.10/site-packages:${PYTHONPATH} /usr/bin/python3 -W ignore:setup.py install is deprecated -W ignore:easy_install command is deprecated setup.py egg_info --egg-base ../../../build/my_robot_description build --build-base /home/sahil/Desktop/ros_learn/ros2_SLAM/build/my_robot_description/build install --record /home/sahil/Desktop/ros_learn/ros2_SLAM/build/my_robot_description/install.log --single-version-externally-managed install_data
[1.781s] DEBUG:colcon.colcon_core.event_handler.log_command:Invoked command in '/home/sahil/Desktop/ros_learn/ros2_SLAM/slam_bot/src/my_robot_control' returned '0': PYTHONPATH=/home/sahil/Desktop/ros_learn/ros2_SLAM/build/my_robot_control/prefix_override:/usr/lib/python3/dist-packages/colcon_core/task/python/colcon_distutils_commands:/home/sahil/Desktop/ros_learn/ros2_SLAM/install/my_robot_control/lib/python3.10/site-packages:${PYTHONPATH} /usr/bin/python3 -W ignore:setup.py install is deprecated -W ignore:easy_install command is deprecated setup.py egg_info --egg-base ../../../build/my_robot_control build --build-base /home/sahil/Desktop/ros_learn/ros2_SLAM/build/my_robot_control/build install --record /home/sahil/Desktop/ros_learn/ros2_SLAM/build/my_robot_control/install.log --single-version-externally-managed install_data
[1.783s] Level 1:colcon.colcon_core.environment:checking '/home/sahil/Desktop/ros_learn/ros2_SLAM/install/my_robot_control' for CMake module files
[1.784s] Level 1:colcon.colcon_core.environment:checking '/home/sahil/Desktop/ros_learn/ros2_SLAM/install/my_robot_control' for CMake config files
[1.784s] Level 1:colcon.colcon_core.environment:checking '/home/sahil/Desktop/ros_learn/ros2_SLAM/install/my_robot_control/lib'
[1.784s] Level 1:colcon.colcon_core.environment:checking '/home/sahil/Desktop/ros_learn/ros2_SLAM/install/my_robot_control/bin'
[1.784s] Level 1:colcon.colcon_core.environment:checking '/home/sahil/Desktop/ros_learn/ros2_SLAM/install/my_robot_control/lib/pkgconfig/my_robot_control.pc'
[1.785s] Level 1:colcon.colcon_core.environment:checking '/home/sahil/Desktop/ros_learn/ros2_SLAM/install/my_robot_control/lib/python3.10/site-packages'
[1.785s] Level 1:colcon.colcon_core.shell:create_environment_hook('my_robot_control', 'pythonpath')
[1.785s] INFO:colcon.colcon_core.shell:Creating environment hook '/home/sahil/Desktop/ros_learn/ros2_SLAM/install/my_robot_control/share/my_robot_control/hook/pythonpath.ps1'
[1.785s] INFO:colcon.colcon_core.shell:Creating environment descriptor '/home/sahil/Desktop/ros_learn/ros2_SLAM/install/my_robot_control/share/my_robot_control/hook/pythonpath.dsv'
[1.786s] INFO:colcon.colcon_core.shell:Creating environment hook '/home/sahil/Desktop/ros_learn/ros2_SLAM/install/my_robot_control/share/my_robot_control/hook/pythonpath.sh'
[1.786s] Level 1:colcon.colcon_core.environment:checking '/home/sahil/Desktop/ros_learn/ros2_SLAM/install/my_robot_control/bin'
[1.786s] Level 1:colcon.colcon_core.environment:create_environment_scripts_only(my_robot_control)
[1.787s] INFO:colcon.colcon_core.shell:Creating package script '/home/sahil/Desktop/ros_learn/ros2_SLAM/install/my_robot_control/share/my_robot_control/package.ps1'
[1.788s] INFO:colcon.colcon_core.shell:Creating package descriptor '/home/sahil/Desktop/ros_learn/ros2_SLAM/install/my_robot_control/share/my_robot_control/package.dsv'
[1.788s] INFO:colcon.colcon_core.shell:Creating package script '/home/sahil/Desktop/ros_learn/ros2_SLAM/install/my_robot_control/share/my_robot_control/package.sh'
[1.789s] INFO:colcon.colcon_core.shell:Creating package script '/home/sahil/Desktop/ros_learn/ros2_SLAM/install/my_robot_control/share/my_robot_control/package.bash'
[1.789s] INFO:colcon.colcon_core.shell:Creating package script '/home/sahil/Desktop/ros_learn/ros2_SLAM/install/my_robot_control/share/my_robot_control/package.zsh'
[1.790s] Level 1:colcon.colcon_core.environment:create_file_with_runtime_dependencies(/home/sahil/Desktop/ros_learn/ros2_SLAM/install/my_robot_control/share/colcon-core/packages/my_robot_control)
[1.792s] Level 1:colcon.colcon_core.environment:checking '/home/sahil/Desktop/ros_learn/ros2_SLAM/install/my_robot_description' for CMake module files
[1.792s] DEBUG:colcon.colcon_core.event_handler.log_command:Invoked command in '/home/sahil/Desktop/ros_learn/ros2_SLAM/slam_bot/src/my_robot_description' returned '0': PYTHONPATH=/home/sahil/Desktop/ros_learn/ros2_SLAM/build/my_robot_description/prefix_override:/usr/lib/python3/dist-packages/colcon_core/task/python/colcon_distutils_commands:/home/sahil/Desktop/ros_learn/ros2_SLAM/install/my_robot_description/lib/python3.10/site-packages:${PYTHONPATH} /usr/bin/python3 -W ignore:setup.py install is deprecated -W ignore:easy_install command is deprecated setup.py egg_info --egg-base ../../../build/my_robot_description build --build-base /home/sahil/Desktop/ros_learn/ros2_SLAM/build/my_robot_description/build install --record /home/sahil/Desktop/ros_learn/ros2_SLAM/build/my_robot_description/install.log --single-version-externally-managed install_data
[1.792s] Level 1:colcon.colcon_core.environment:checking '/home/sahil/Desktop/ros_learn/ros2_SLAM/install/my_robot_description' for CMake config files
[1.793s] Level 1:colcon.colcon_core.environment:checking '/home/sahil/Desktop/ros_learn/ros2_SLAM/install/my_robot_description/lib'
[1.793s] Level 1:colcon.colcon_core.environment:checking '/home/sahil/Desktop/ros_learn/ros2_SLAM/install/my_robot_description/bin'
[1.793s] Level 1:colcon.colcon_core.environment:checking '/home/sahil/Desktop/ros_learn/ros2_SLAM/install/my_robot_description/lib/pkgconfig/my_robot_description.pc'
[1.793s] Level 1:colcon.colcon_core.environment:checking '/home/sahil/Desktop/ros_learn/ros2_SLAM/install/my_robot_description/lib/python3.10/site-packages'
[1.793s] Level 1:colcon.colcon_core.shell:create_environment_hook('my_robot_description', 'pythonpath')
[1.793s] INFO:colcon.colcon_core.shell:Creating environment hook '/home/sahil/Desktop/ros_learn/ros2_SLAM/install/my_robot_description/share/my_robot_description/hook/pythonpath.ps1'
[1.794s] INFO:colcon.colcon_core.shell:Creating environment descriptor '/home/sahil/Desktop/ros_learn/ros2_SLAM/install/my_robot_description/share/my_robot_description/hook/pythonpath.dsv'
[1.794s] INFO:colcon.colcon_core.shell:Creating environment hook '/home/sahil/Desktop/ros_learn/ros2_SLAM/install/my_robot_description/share/my_robot_description/hook/pythonpath.sh'
[1.795s] Level 1:colcon.colcon_core.environment:checking '/home/sahil/Desktop/ros_learn/ros2_SLAM/install/my_robot_description/bin'
[1.795s] Level 1:colcon.colcon_core.environment:create_environment_scripts_only(my_robot_description)
[1.795s] INFO:colcon.colcon_core.shell:Creating package script '/home/sahil/Desktop/ros_learn/ros2_SLAM/install/my_robot_description/share/my_robot_description/package.ps1'
[1.796s] INFO:colcon.colcon_core.shell:Creating package descriptor '/home/sahil/Desktop/ros_learn/ros2_SLAM/install/my_robot_description/share/my_robot_description/package.dsv'
[1.796s] INFO:colcon.colcon_core.shell:Creating package script '/home/sahil/Desktop/ros_learn/ros2_SLAM/install/my_robot_description/share/my_robot_description/package.sh'
[1.797s] INFO:colcon.colcon_core.shell:Creating package script '/home/sahil/Desktop/ros_learn/ros2_SLAM/install/my_robot_description/share/my_robot_description/package.bash'
[1.797s] INFO:colcon.colcon_core.shell:Creating package script '/home/sahil/Desktop/ros_learn/ros2_SLAM/install/my_robot_description/share/my_robot_description/package.zsh'
[1.797s] Level 1:colcon.colcon_core.environment:create_file_with_runtime_dependencies(/home/sahil/Desktop/ros_learn/ros2_SLAM/install/my_robot_description/share/colcon-core/packages/my_robot_description)
[1.798s] Level 1:colcon.colcon_core.environment:checking '/home/sahil/Desktop/ros_learn/ros2_SLAM/install/my_robot_bringup' for CMake module files
[1.798s] Level 1:colcon.colcon_core.environment:checking '/home/sahil/Desktop/ros_learn/ros2_SLAM/install/my_robot_bringup' for CMake config files
[1.799s] DEBUG:colcon.colcon_core.event_handler.log_command:Invoked command in '/home/sahil/Desktop/ros_learn/ros2_SLAM/slam_bot/src/my_robot_bringup' returned '0': PYTHONPATH=/home/sahil/Desktop/ros_learn/ros2_SLAM/build/my_robot_bringup/prefix_override:/usr/lib/python3/dist-packages/colcon_core/task/python/colcon_distutils_commands:/home/sahil/Desktop/ros_learn/ros2_SLAM/install/my_robot_bringup/lib/python3.10/site-packages:${PYTHONPATH} /usr/bin/python3 -W ignore:setup.py install is deprecated -W ignore:easy_install command is deprecated setup.py egg_info --egg-base ../../../build/my_robot_bringup build --build-base /home/sahil/Desktop/ros_learn/ros2_SLAM/build/my_robot_bringup/build install --record /home/sahil/Desktop/ros_learn/ros2_SLAM/build/my_robot_bringup/install.log --single-version-externally-managed install_data
[1.799s] Level 1:colcon.colcon_core.environment:checking '/home/sahil/Desktop/ros_learn/ros2_SLAM/install/my_robot_bringup/lib'
[1.799s] Level 1:colcon.colcon_core.environment:checking '/home/sahil/Desktop/ros_learn/ros2_SLAM/install/my_robot_bringup/bin'
[1.799s] Level 1:colcon.colcon_core.environment:checking '/home/sahil/Desktop/ros_learn/ros2_SLAM/install/my_robot_bringup/lib/pkgconfig/my_robot_bringup.pc'
[1.799s] Level 1:colcon.colcon_core.environment:checking '/home/sahil/Desktop/ros_learn/ros2_SLAM/install/my_robot_bringup/lib/python3.10/site-packages'
[1.799s] Level 1:colcon.colcon_core.shell:create_environment_hook('my_robot_bringup', 'pythonpath')
[1.800s] INFO:colcon.colcon_core.shell:Creating environment hook '/home/sahil/Desktop/ros_learn/ros2_SLAM/install/my_robot_bringup/share/my_robot_bringup/hook/pythonpath.ps1'
[1.800s] INFO:colcon.colcon_core.shell:Creating environment descriptor '/home/sahil/Desktop/ros_learn/ros2_SLAM/install/my_robot_bringup/share/my_robot_bringup/hook/pythonpath.dsv'
[1.800s] INFO:colcon.colcon_core.shell:Creating environment hook '/home/sahil/Desktop/ros_learn/ros2_SLAM/install/my_robot_bringup/share/my_robot_bringup/hook/pythonpath.sh'
[1.801s] Level 1:colcon.colcon_core.environment:checking '/home/sahil/Desktop/ros_learn/ros2_SLAM/install/my_robot_bringup/bin'
[1.801s] Level 1:colcon.colcon_core.environment:create_environment_scripts_only(my_robot_bringup)
[1.801s] INFO:colcon.colcon_core.shell:Creating package script '/home/sahil/Desktop/ros_learn/ros2_SLAM/install/my_robot_bringup/share/my_robot_bringup/package.ps1'
[1.802s] INFO:colcon.colcon_core.shell:Creating package descriptor '/home/sahil/Desktop/ros_learn/ros2_SLAM/install/my_robot_bringup/share/my_robot_bringup/package.dsv'
[1.802s] INFO:colcon.colcon_core.shell:Creating package script '/home/sahil/Desktop/ros_learn/ros2_SLAM/install/my_robot_bringup/share/my_robot_bringup/package.sh'
[1.802s] INFO:colcon.colcon_core.shell:Creating package script '/home/sahil/Desktop/ros_learn/ros2_SLAM/install/my_robot_bringup/share/my_robot_bringup/package.bash'
[1.803s] INFO:colcon.colcon_core.shell:Creating package script '/home/sahil/Desktop/ros_learn/ros2_SLAM/install/my_robot_bringup/share/my_robot_bringup/package.zsh'
[1.803s] Level 1:colcon.colcon_core.environment:create_file_with_runtime_dependencies(/home/sahil/Desktop/ros_learn/ros2_SLAM/install/my_robot_bringup/share/colcon-core/packages/my_robot_bringup)
[1.803s] DEBUG:colcon.colcon_parallel_executor.executor.parallel:closing loop
[1.804s] DEBUG:colcon.colcon_parallel_executor.executor.parallel:loop closed
[1.804s] DEBUG:colcon.colcon_parallel_executor.executor.parallel:run_until_complete finished with '0'
[1.804s] DEBUG:colcon.colcon_core.event_reactor:joining thread
[1.809s] INFO:colcon.colcon_core.plugin_system:Skipping extension 'colcon_notification.desktop_notification.terminal_notifier': Not used on non-Darwin systems
[1.809s] INFO:colcon.colcon_core.plugin_system:Skipping extension 'colcon_notification.desktop_notification.win32': Not used on non-Windows systems
[1.809s] INFO:colcon.colcon_notification.desktop_notification:Sending desktop notification using 'notify2'
[1.821s] DEBUG:colcon.colcon_core.event_reactor:joined thread
[1.822s] INFO:colcon.colcon_core.shell:Creating prefix script '/home/sahil/Desktop/ros_learn/ros2_SLAM/install/local_setup.ps1'
[1.823s] INFO:colcon.colcon_core.shell:Creating prefix util module '/home/sahil/Desktop/ros_learn/ros2_SLAM/install/_local_setup_util_ps1.py'
[1.824s] INFO:colcon.colcon_core.shell:Creating prefix chain script '/home/sahil/Desktop/ros_learn/ros2_SLAM/install/setup.ps1'
[1.825s] INFO:colcon.colcon_core.shell:Creating prefix script '/home/sahil/Desktop/ros_learn/ros2_SLAM/install/local_setup.sh'
[1.826s] INFO:colcon.colcon_core.shell:Creating prefix util module '/home/sahil/Desktop/ros_learn/ros2_SLAM/install/_local_setup_util_sh.py'
[1.826s] INFO:colcon.colcon_core.shell:Creating prefix chain script '/home/sahil/Desktop/ros_learn/ros2_SLAM/install/setup.sh'
[1.827s] INFO:colcon.colcon_core.shell:Creating prefix script '/home/sahil/Desktop/ros_learn/ros2_SLAM/install/local_setup.bash'
[1.827s] INFO:colcon.colcon_core.shell:Creating prefix chain script '/home/sahil/Desktop/ros_learn/ros2_SLAM/install/setup.bash'
[1.828s] INFO:colcon.colcon_core.shell:Creating prefix script '/home/sahil/Desktop/ros_learn/ros2_SLAM/install/local_setup.zsh'
[1.828s] INFO:colcon.colcon_core.shell:Creating prefix chain script '/home/sahil/Desktop/ros_learn/ros2_SLAM/install/setup.zsh'
