[0.777s] Invoking command in '/home/sahil/Desktop/ros_learn/slam_bot/src/my_robot_control': PYTHONPATH=/home/sahil/Desktop/ros_learn/slam_bot/build/my_robot_control/prefix_override:/usr/lib/python3/dist-packages/colcon_core/task/python/colcon_distutils_commands:/home/sahil/Desktop/ros_learn/slam_bot/install/my_robot_control/lib/python3.10/site-packages:${PYTHONPATH} /usr/bin/python3 -W ignore:setup.py install is deprecated -W ignore:easy_install command is deprecated setup.py egg_info --egg-base ../../build/my_robot_control build --build-base /home/sahil/Desktop/ros_learn/slam_bot/build/my_robot_control/build install --record /home/sahil/Desktop/ros_learn/slam_bot/build/my_robot_control/install.log --single-version-externally-managed install_data
[0.928s] running egg_info
[0.928s] writing ../../build/my_robot_control/my_robot_control.egg-info/PKG-INFO
[0.929s] writing dependency_links to ../../build/my_robot_control/my_robot_control.egg-info/dependency_links.txt
[0.929s] writing entry points to ../../build/my_robot_control/my_robot_control.egg-info/entry_points.txt
[0.929s] writing requirements to ../../build/my_robot_control/my_robot_control.egg-info/requires.txt
[0.929s] writing top-level names to ../../build/my_robot_control/my_robot_control.egg-info/top_level.txt
[0.930s] reading manifest file '../../build/my_robot_control/my_robot_control.egg-info/SOURCES.txt'
[0.930s] adding license file 'LICENSE'
[0.931s] writing manifest file '../../build/my_robot_control/my_robot_control.egg-info/SOURCES.txt'
[0.931s] running build
[0.931s] running build_py
[0.931s] running install
[0.931s] running install_lib
[0.932s] running install_data
[0.932s] running install_egg_info
[0.934s] removing '/home/sahil/Desktop/ros_learn/slam_bot/install/my_robot_control/lib/python3.10/site-packages/my_robot_control-0.0.0-py3.10.egg-info' (and everything under it)
[0.934s] Copying ../../build/my_robot_control/my_robot_control.egg-info to /home/sahil/Desktop/ros_learn/slam_bot/install/my_robot_control/lib/python3.10/site-packages/my_robot_control-0.0.0-py3.10.egg-info
[0.934s] running install_scripts
[0.947s] writing list of installed files to '/home/sahil/Desktop/ros_learn/slam_bot/build/my_robot_control/install.log'
[0.980s] Invoked command in '/home/sahil/Desktop/ros_learn/slam_bot/src/my_robot_control' returned '0': PYTHONPATH=/home/sahil/Desktop/ros_learn/slam_bot/build/my_robot_control/prefix_override:/usr/lib/python3/dist-packages/colcon_core/task/python/colcon_distutils_commands:/home/sahil/Desktop/ros_learn/slam_bot/install/my_robot_control/lib/python3.10/site-packages:${PYTHONPATH} /usr/bin/python3 -W ignore:setup.py install is deprecated -W ignore:easy_install command is deprecated setup.py egg_info --egg-base ../../build/my_robot_control build --build-base /home/sahil/Desktop/ros_learn/slam_bot/build/my_robot_control/build install --record /home/sahil/Desktop/ros_learn/slam_bot/build/my_robot_control/install.log --single-version-externally-managed install_data
