[2.439s] Invoking command in '/home/sahil/Desktop/ros_learn/ros2_SLAM/slam_bot/src/my_robot_description': PYTHONPATH=/home/sahil/Desktop/ros_learn/ros2_SLAM/build/my_robot_description/prefix_override:/usr/lib/python3/dist-packages/colcon_core/task/python/colcon_distutils_commands:/home/sahil/Desktop/ros_learn/ros2_SLAM/install/my_robot_description/lib/python3.10/site-packages:${PYTHONPATH} /usr/bin/python3 -W ignore:setup.py install is deprecated -W ignore:easy_install command is deprecated setup.py egg_info --egg-base ../../../build/my_robot_description build --build-base /home/sahil/Desktop/ros_learn/ros2_SLAM/build/my_robot_description/build install --record /home/sahil/Desktop/ros_learn/ros2_SLAM/build/my_robot_description/install.log --single-version-externally-managed install_data
[2.928s] running egg_info
[2.929s] writing ../../../build/my_robot_description/my_robot_description.egg-info/PKG-INFO
[2.930s] writing dependency_links to ../../../build/my_robot_description/my_robot_description.egg-info/dependency_links.txt
[2.930s] writing entry points to ../../../build/my_robot_description/my_robot_description.egg-info/entry_points.txt
[2.930s] writing requirements to ../../../build/my_robot_description/my_robot_description.egg-info/requires.txt
[2.931s] writing top-level names to ../../../build/my_robot_description/my_robot_description.egg-info/top_level.txt
[2.934s] reading manifest file '../../../build/my_robot_description/my_robot_description.egg-info/SOURCES.txt'
[2.935s] adding license file 'LICENSE'
[2.936s] writing manifest file '../../../build/my_robot_description/my_robot_description.egg-info/SOURCES.txt'
[2.936s] running build
[2.936s] running build_py
[2.936s] running install
[2.937s] running install_lib
[2.939s] running install_data
[2.939s] copying urdf/my_robot.urdf.xml -> /home/sahil/Desktop/ros_learn/ros2_SLAM/install/my_robot_description/share/my_robot_description/urdf
[2.940s] copying worlds/empty.sdf -> /home/sahil/Desktop/ros_learn/ros2_SLAM/install/my_robot_description/share/my_robot_description/worlds
[2.940s] running install_egg_info
[2.944s] removing '/home/sahil/Desktop/ros_learn/ros2_SLAM/install/my_robot_description/lib/python3.10/site-packages/my_robot_description-0.0.0-py3.10.egg-info' (and everything under it)
[2.944s] Copying ../../../build/my_robot_description/my_robot_description.egg-info to /home/sahil/Desktop/ros_learn/ros2_SLAM/install/my_robot_description/lib/python3.10/site-packages/my_robot_description-0.0.0-py3.10.egg-info
[2.946s] running install_scripts
[2.984s] writing list of installed files to '/home/sahil/Desktop/ros_learn/ros2_SLAM/build/my_robot_description/install.log'
[3.032s] Invoked command in '/home/sahil/Desktop/ros_learn/ros2_SLAM/slam_bot/src/my_robot_description' returned '0': PYTHONPATH=/home/sahil/Desktop/ros_learn/ros2_SLAM/build/my_robot_description/prefix_override:/usr/lib/python3/dist-packages/colcon_core/task/python/colcon_distutils_commands:/home/sahil/Desktop/ros_learn/ros2_SLAM/install/my_robot_description/lib/python3.10/site-packages:${PYTHONPATH} /usr/bin/python3 -W ignore:setup.py install is deprecated -W ignore:easy_install command is deprecated setup.py egg_info --egg-base ../../../build/my_robot_description build --build-base /home/sahil/Desktop/ros_learn/ros2_SLAM/build/my_robot_description/build install --record /home/sahil/Desktop/ros_learn/ros2_SLAM/build/my_robot_description/install.log --single-version-externally-managed install_data
