[1.048s] Invoking command in '/home/sahil/Desktop/ros_learn/ros2_SLAM/slam_bot/src/my_robot_control': PYTHONPATH=/home/sahil/Desktop/ros_learn/ros2_SLAM/build/my_robot_control/prefix_override:/usr/lib/python3/dist-packages/colcon_core/task/python/colcon_distutils_commands:/home/sahil/Desktop/ros_learn/ros2_SLAM/install/my_robot_control/lib/python3.10/site-packages:${PYTHONPATH} /usr/bin/python3 -W ignore:setup.py install is deprecated -W ignore:easy_install command is deprecated setup.py egg_info --egg-base ../../../build/my_robot_control build --build-base /home/sahil/Desktop/ros_learn/ros2_SLAM/build/my_robot_control/build install --record /home/sahil/Desktop/ros_learn/ros2_SLAM/build/my_robot_control/install.log --single-version-externally-managed install_data
[1.242s] running egg_info
[1.243s] writing ../../../build/my_robot_control/my_robot_control.egg-info/PKG-INFO
[1.244s] writing dependency_links to ../../../build/my_robot_control/my_robot_control.egg-info/dependency_links.txt
[1.244s] writing entry points to ../../../build/my_robot_control/my_robot_control.egg-info/entry_points.txt
[1.244s] writing requirements to ../../../build/my_robot_control/my_robot_control.egg-info/requires.txt
[1.244s] writing top-level names to ../../../build/my_robot_control/my_robot_control.egg-info/top_level.txt
[1.246s] reading manifest file '../../../build/my_robot_control/my_robot_control.egg-info/SOURCES.txt'
[1.246s] adding license file 'LICENSE'
[1.246s] writing manifest file '../../../build/my_robot_control/my_robot_control.egg-info/SOURCES.txt'
[1.246s] running build
[1.246s] running build_py
[1.247s] copying my_robot_control/grount_truth.py -> /home/sahil/Desktop/ros_learn/ros2_SLAM/build/my_robot_control/build/lib/my_robot_control
[1.247s] running install
[1.247s] running install_lib
[1.248s] copying /home/sahil/Desktop/ros_learn/ros2_SLAM/build/my_robot_control/build/lib/my_robot_control/grount_truth.py -> /home/sahil/Desktop/ros_learn/ros2_SLAM/install/my_robot_control/lib/python3.10/site-packages/my_robot_control
[1.248s] byte-compiling /home/sahil/Desktop/ros_learn/ros2_SLAM/install/my_robot_control/lib/python3.10/site-packages/my_robot_control/grount_truth.py to grount_truth.cpython-310.pyc
[1.249s] running install_data
[1.249s] running install_egg_info
[1.251s] removing '/home/sahil/Desktop/ros_learn/ros2_SLAM/install/my_robot_control/lib/python3.10/site-packages/my_robot_control-0.0.0-py3.10.egg-info' (and everything under it)
[1.251s] Copying ../../../build/my_robot_control/my_robot_control.egg-info to /home/sahil/Desktop/ros_learn/ros2_SLAM/install/my_robot_control/lib/python3.10/site-packages/my_robot_control-0.0.0-py3.10.egg-info
[1.251s] running install_scripts
[1.272s] Installing simple_controller script to /home/sahil/Desktop/ros_learn/ros2_SLAM/install/my_robot_control/lib/my_robot_control
[1.272s] Installing square script to /home/sahil/Desktop/ros_learn/ros2_SLAM/install/my_robot_control/lib/my_robot_control
[1.273s] writing list of installed files to '/home/sahil/Desktop/ros_learn/ros2_SLAM/build/my_robot_control/install.log'
[1.319s] Invoked command in '/home/sahil/Desktop/ros_learn/ros2_SLAM/slam_bot/src/my_robot_control' returned '0': PYTHONPATH=/home/sahil/Desktop/ros_learn/ros2_SLAM/build/my_robot_control/prefix_override:/usr/lib/python3/dist-packages/colcon_core/task/python/colcon_distutils_commands:/home/sahil/Desktop/ros_learn/ros2_SLAM/install/my_robot_control/lib/python3.10/site-packages:${PYTHONPATH} /usr/bin/python3 -W ignore:setup.py install is deprecated -W ignore:easy_install command is deprecated setup.py egg_info --egg-base ../../../build/my_robot_control build --build-base /home/sahil/Desktop/ros_learn/ros2_SLAM/build/my_robot_control/build install --record /home/sahil/Desktop/ros_learn/ros2_SLAM/build/my_robot_control/install.log --single-version-externally-managed install_data
