[1.334s] Invoking command in '/home/sahil/Desktop/ros_learn/ros2_SLAM/slam_bot/src/my_robot_control': PYTHONPATH=/home/sahil/Desktop/ros_learn/ros2_SLAM/build/my_robot_control/prefix_override:/usr/lib/python3/dist-packages/colcon_core/task/python/colcon_distutils_commands:/home/sahil/Desktop/ros_learn/ros2_SLAM/install/my_robot_control/lib/python3.10/site-packages:${PYTHONPATH} /usr/bin/python3 -W ignore:setup.py install is deprecated -W ignore:easy_install command is deprecated setup.py egg_info --egg-base ../../../build/my_robot_control build --build-base /home/sahil/Desktop/ros_learn/ros2_SLAM/build/my_robot_control/build install --record /home/sahil/Desktop/ros_learn/ros2_SLAM/build/my_robot_control/install.log --single-version-externally-managed install_data
[1.571s] running egg_info
[1.571s] creating ../../../build/my_robot_control/my_robot_control.egg-info
[1.572s] writing ../../../build/my_robot_control/my_robot_control.egg-info/PKG-INFO
[1.572s] writing dependency_links to ../../../build/my_robot_control/my_robot_control.egg-info/dependency_links.txt
[1.572s] writing entry points to ../../../build/my_robot_control/my_robot_control.egg-info/entry_points.txt
[1.572s] writing requirements to ../../../build/my_robot_control/my_robot_control.egg-info/requires.txt
[1.572s] writing top-level names to ../../../build/my_robot_control/my_robot_control.egg-info/top_level.txt
[1.572s] writing manifest file '../../../build/my_robot_control/my_robot_control.egg-info/SOURCES.txt'
[1.573s] reading manifest file '../../../build/my_robot_control/my_robot_control.egg-info/SOURCES.txt'
[1.573s] adding license file 'LICENSE'
[1.574s] writing manifest file '../../../build/my_robot_control/my_robot_control.egg-info/SOURCES.txt'
[1.574s] running build
[1.574s] running build_py
[1.575s] creating /home/sahil/Desktop/ros_learn/ros2_SLAM/build/my_robot_control/build
[1.575s] creating /home/sahil/Desktop/ros_learn/ros2_SLAM/build/my_robot_control/build/lib
[1.575s] creating /home/sahil/Desktop/ros_learn/ros2_SLAM/build/my_robot_control/build/lib/my_robot_control
[1.575s] copying my_robot_control/simple_controller.py -> /home/sahil/Desktop/ros_learn/ros2_SLAM/build/my_robot_control/build/lib/my_robot_control
[1.575s] copying my_robot_control/__init__.py -> /home/sahil/Desktop/ros_learn/ros2_SLAM/build/my_robot_control/build/lib/my_robot_control
[1.575s] running install
[1.575s] running install_lib
[1.575s] creating /home/sahil/Desktop/ros_learn/ros2_SLAM/install/my_robot_control/lib/python3.10/site-packages/my_robot_control
[1.575s] copying /home/sahil/Desktop/ros_learn/ros2_SLAM/build/my_robot_control/build/lib/my_robot_control/simple_controller.py -> /home/sahil/Desktop/ros_learn/ros2_SLAM/install/my_robot_control/lib/python3.10/site-packages/my_robot_control
[1.575s] copying /home/sahil/Desktop/ros_learn/ros2_SLAM/build/my_robot_control/build/lib/my_robot_control/__init__.py -> /home/sahil/Desktop/ros_learn/ros2_SLAM/install/my_robot_control/lib/python3.10/site-packages/my_robot_control
[1.576s] byte-compiling /home/sahil/Desktop/ros_learn/ros2_SLAM/install/my_robot_control/lib/python3.10/site-packages/my_robot_control/simple_controller.py to simple_controller.cpython-310.pyc
[1.577s] byte-compiling /home/sahil/Desktop/ros_learn/ros2_SLAM/install/my_robot_control/lib/python3.10/site-packages/my_robot_control/__init__.py to __init__.cpython-310.pyc
[1.577s] running install_data
[1.577s] creating /home/sahil/Desktop/ros_learn/ros2_SLAM/install/my_robot_control/share/ament_index
[1.577s] creating /home/sahil/Desktop/ros_learn/ros2_SLAM/install/my_robot_control/share/ament_index/resource_index
[1.577s] creating /home/sahil/Desktop/ros_learn/ros2_SLAM/install/my_robot_control/share/ament_index/resource_index/packages
[1.577s] copying resource/my_robot_control -> /home/sahil/Desktop/ros_learn/ros2_SLAM/install/my_robot_control/share/ament_index/resource_index/packages
[1.577s] copying package.xml -> /home/sahil/Desktop/ros_learn/ros2_SLAM/install/my_robot_control/share/my_robot_control
[1.577s] running install_egg_info
[1.579s] Copying ../../../build/my_robot_control/my_robot_control.egg-info to /home/sahil/Desktop/ros_learn/ros2_SLAM/install/my_robot_control/lib/python3.10/site-packages/my_robot_control-0.0.0-py3.10.egg-info
[1.580s] running install_scripts
[1.601s] Installing simple_controller script to /home/sahil/Desktop/ros_learn/ros2_SLAM/install/my_robot_control/lib/my_robot_control
[1.602s] writing list of installed files to '/home/sahil/Desktop/ros_learn/ros2_SLAM/build/my_robot_control/install.log'
[1.675s] Invoked command in '/home/sahil/Desktop/ros_learn/ros2_SLAM/slam_bot/src/my_robot_control' returned '0': PYTHONPATH=/home/sahil/Desktop/ros_learn/ros2_SLAM/build/my_robot_control/prefix_override:/usr/lib/python3/dist-packages/colcon_core/task/python/colcon_distutils_commands:/home/sahil/Desktop/ros_learn/ros2_SLAM/install/my_robot_control/lib/python3.10/site-packages:${PYTHONPATH} /usr/bin/python3 -W ignore:setup.py install is deprecated -W ignore:easy_install command is deprecated setup.py egg_info --egg-base ../../../build/my_robot_control build --build-base /home/sahil/Desktop/ros_learn/ros2_SLAM/build/my_robot_control/build install --record /home/sahil/Desktop/ros_learn/ros2_SLAM/build/my_robot_control/install.log --single-version-externally-managed install_data
