[1.299s] Invoking command in '/home/sahil/Desktop/ros_learn/ros2_SLAM/slam_bot/src/my_robot_description': PYTHONPATH=/home/sahil/Desktop/ros_learn/ros2_SLAM/build/my_robot_description/prefix_override:/usr/lib/python3/dist-packages/colcon_core/task/python/colcon_distutils_commands:/home/sahil/Desktop/ros_learn/ros2_SLAM/install/my_robot_description/lib/python3.10/site-packages:${PYTHONPATH} /usr/bin/python3 -W ignore:setup.py install is deprecated -W ignore:easy_install command is deprecated setup.py egg_info --egg-base ../../../build/my_robot_description build --build-base /home/sahil/Desktop/ros_learn/ros2_SLAM/build/my_robot_description/build install --record /home/sahil/Desktop/ros_learn/ros2_SLAM/build/my_robot_description/install.log --single-version-externally-managed install_data
[1.548s] running egg_info
[1.549s] creating ../../../build/my_robot_description/my_robot_description.egg-info
[1.549s] writing ../../../build/my_robot_description/my_robot_description.egg-info/PKG-INFO
[1.549s] writing dependency_links to ../../../build/my_robot_description/my_robot_description.egg-info/dependency_links.txt
[1.549s] writing entry points to ../../../build/my_robot_description/my_robot_description.egg-info/entry_points.txt
[1.549s] writing requirements to ../../../build/my_robot_description/my_robot_description.egg-info/requires.txt
[1.549s] writing top-level names to ../../../build/my_robot_description/my_robot_description.egg-info/top_level.txt
[1.549s] writing manifest file '../../../build/my_robot_description/my_robot_description.egg-info/SOURCES.txt'
[1.551s] reading manifest file '../../../build/my_robot_description/my_robot_description.egg-info/SOURCES.txt'
[1.551s] adding license file 'LICENSE'
[1.552s] writing manifest file '../../../build/my_robot_description/my_robot_description.egg-info/SOURCES.txt'
[1.552s] running build
[1.552s] running build_py
[1.552s] creating /home/sahil/Desktop/ros_learn/ros2_SLAM/build/my_robot_description/build
[1.552s] creating /home/sahil/Desktop/ros_learn/ros2_SLAM/build/my_robot_description/build/lib
[1.552s] creating /home/sahil/Desktop/ros_learn/ros2_SLAM/build/my_robot_description/build/lib/my_robot_description
[1.552s] copying my_robot_description/__init__.py -> /home/sahil/Desktop/ros_learn/ros2_SLAM/build/my_robot_description/build/lib/my_robot_description
[1.553s] running install
[1.553s] running install_lib
[1.553s] creating /home/sahil/Desktop/ros_learn/ros2_SLAM/install/my_robot_description/lib/python3.10/site-packages/my_robot_description
[1.553s] copying /home/sahil/Desktop/ros_learn/ros2_SLAM/build/my_robot_description/build/lib/my_robot_description/__init__.py -> /home/sahil/Desktop/ros_learn/ros2_SLAM/install/my_robot_description/lib/python3.10/site-packages/my_robot_description
[1.554s] byte-compiling /home/sahil/Desktop/ros_learn/ros2_SLAM/install/my_robot_description/lib/python3.10/site-packages/my_robot_description/__init__.py to __init__.cpython-310.pyc
[1.554s] running install_data
[1.554s] creating /home/sahil/Desktop/ros_learn/ros2_SLAM/install/my_robot_description/share/ament_index
[1.554s] creating /home/sahil/Desktop/ros_learn/ros2_SLAM/install/my_robot_description/share/ament_index/resource_index
[1.554s] creating /home/sahil/Desktop/ros_learn/ros2_SLAM/install/my_robot_description/share/ament_index/resource_index/packages
[1.554s] copying resource/my_robot_description -> /home/sahil/Desktop/ros_learn/ros2_SLAM/install/my_robot_description/share/ament_index/resource_index/packages
[1.554s] copying package.xml -> /home/sahil/Desktop/ros_learn/ros2_SLAM/install/my_robot_description/share/my_robot_description
[1.554s] creating /home/sahil/Desktop/ros_learn/ros2_SLAM/install/my_robot_description/share/my_robot_description/urdf
[1.554s] copying urdf/my_robot.urdf.xml -> /home/sahil/Desktop/ros_learn/ros2_SLAM/install/my_robot_description/share/my_robot_description/urdf
[1.554s] creating /home/sahil/Desktop/ros_learn/ros2_SLAM/install/my_robot_description/share/my_robot_description/worlds
[1.554s] copying worlds/empty.sdf -> /home/sahil/Desktop/ros_learn/ros2_SLAM/install/my_robot_description/share/my_robot_description/worlds
[1.554s] running install_egg_info
[1.556s] Copying ../../../build/my_robot_description/my_robot_description.egg-info to /home/sahil/Desktop/ros_learn/ros2_SLAM/install/my_robot_description/lib/python3.10/site-packages/my_robot_description-0.0.0-py3.10.egg-info
[1.557s] running install_scripts
[1.578s] writing list of installed files to '/home/sahil/Desktop/ros_learn/ros2_SLAM/build/my_robot_description/install.log'
[1.646s] Invoked command in '/home/sahil/Desktop/ros_learn/ros2_SLAM/slam_bot/src/my_robot_description' returned '0': PYTHONPATH=/home/sahil/Desktop/ros_learn/ros2_SLAM/build/my_robot_description/prefix_override:/usr/lib/python3/dist-packages/colcon_core/task/python/colcon_distutils_commands:/home/sahil/Desktop/ros_learn/ros2_SLAM/install/my_robot_description/lib/python3.10/site-packages:${PYTHONPATH} /usr/bin/python3 -W ignore:setup.py install is deprecated -W ignore:easy_install command is deprecated setup.py egg_info --egg-base ../../../build/my_robot_description build --build-base /home/sahil/Desktop/ros_learn/ros2_SLAM/build/my_robot_description/build install --record /home/sahil/Desktop/ros_learn/ros2_SLAM/build/my_robot_description/install.log --single-version-externally-managed install_data
