[0.864s] Invoking command in '/home/sahil/Desktop/ros_learn/slam_bot/src/my_robot_control': PYTHONPATH=/home/sahil/Desktop/ros_learn/slam_bot/build/my_robot_control/prefix_override:/usr/lib/python3/dist-packages/colcon_core/task/python/colcon_distutils_commands:/home/sahil/Desktop/ros_learn/slam_bot/install/my_robot_control/lib/python3.10/site-packages:${PYTHONPATH} /usr/bin/python3 -W ignore:setup.py install is deprecated -W ignore:easy_install command is deprecated setup.py egg_info --egg-base ../../build/my_robot_control build --build-base /home/sahil/Desktop/ros_learn/slam_bot/build/my_robot_control/build install --record /home/sahil/Desktop/ros_learn/slam_bot/build/my_robot_control/install.log --single-version-externally-managed install_data
[1.015s] running egg_info
[1.015s] writing ../../build/my_robot_control/my_robot_control.egg-info/PKG-INFO
[1.017s] writing dependency_links to ../../build/my_robot_control/my_robot_control.egg-info/dependency_links.txt
[1.017s] writing entry points to ../../build/my_robot_control/my_robot_control.egg-info/entry_points.txt
[1.018s] writing requirements to ../../build/my_robot_control/my_robot_control.egg-info/requires.txt
[1.018s] writing top-level names to ../../build/my_robot_control/my_robot_control.egg-info/top_level.txt
[1.018s] reading manifest file '../../build/my_robot_control/my_robot_control.egg-info/SOURCES.txt'
[1.018s] adding license file 'LICENSE'
[1.019s] writing manifest file '../../build/my_robot_control/my_robot_control.egg-info/SOURCES.txt'
[1.019s] running build
[1.019s] running build_py
[1.019s] running install
[1.020s] running install_lib
[1.020s] running install_data
[1.020s] running install_egg_info
[1.021s] removing '/home/sahil/Desktop/ros_learn/slam_bot/install/my_robot_control/lib/python3.10/site-packages/my_robot_control-0.0.0-py3.10.egg-info' (and everything under it)
[1.021s] Copying ../../build/my_robot_control/my_robot_control.egg-info to /home/sahil/Desktop/ros_learn/slam_bot/install/my_robot_control/lib/python3.10/site-packages/my_robot_control-0.0.0-py3.10.egg-info
[1.022s] running install_scripts
[1.035s] Installing simple_controller script to /home/sahil/Desktop/ros_learn/slam_bot/install/my_robot_control/lib/my_robot_control
[1.036s] writing list of installed files to '/home/sahil/Desktop/ros_learn/slam_bot/build/my_robot_control/install.log'
[1.073s] Invoked command in '/home/sahil/Desktop/ros_learn/slam_bot/src/my_robot_control' returned '0': PYTHONPATH=/home/sahil/Desktop/ros_learn/slam_bot/build/my_robot_control/prefix_override:/usr/lib/python3/dist-packages/colcon_core/task/python/colcon_distutils_commands:/home/sahil/Desktop/ros_learn/slam_bot/install/my_robot_control/lib/python3.10/site-packages:${PYTHONPATH} /usr/bin/python3 -W ignore:setup.py install is deprecated -W ignore:easy_install command is deprecated setup.py egg_info --egg-base ../../build/my_robot_control build --build-base /home/sahil/Desktop/ros_learn/slam_bot/build/my_robot_control/build install --record /home/sahil/Desktop/ros_learn/slam_bot/build/my_robot_control/install.log --single-version-externally-managed install_data
