[0.078s] DEBUG:colcon:Command line arguments: ['/usr/bin/colcon', 'build']
[0.078s] DEBUG:colcon:Parsed command line arguments: Namespace(log_base=None, log_level=None, verb_name='build', build_base='build', install_base='install', merge_install=False, symlink_install=False, test_result_base=None, continue_on_error=False, executor='parallel', parallel_workers=16, event_handlers=None, ignore_user_meta=False, metas=['./colcon.meta'], base_paths=['.'], packages_ignore=None, packages_ignore_regex=None, paths=None, packages_up_to=None, packages_up_to_regex=None, packages_above=None, packages_above_and_dependencies=None, packages_above_depth=None, packages_select_by_dep=None, packages_skip_by_dep=None, packages_skip_up_to=None, packages_select_build_failed=False, packages_skip_build_finished=False, packages_select_test_failures=False, packages_skip_test_passed=False, packages_select=None, packages_skip=None, packages_select_regex=None, packages_skip_regex=None, packages_start=None, packages_end=None, allow_overriding=[], cmake_args=None, cmake_target=None, cmake_target_skip_unavailable=False, cmake_clean_cache=False, cmake_clean_first=False, cmake_force_configure=False, ament_cmake_args=None, catkin_cmake_args=None, catkin_skip_building_tests=False, mixin_files=None, mixin=None, verb_parser=<colcon_mixin.mixin.mixin_argument.MixinArgumentDecorator object at 0x78a67696b940>, verb_extension=<colcon_core.verb.build.BuildVerb object at 0x78a67696b2b0>, main=<bound method BuildVerb.main of <colcon_core.verb.build.BuildVerb object at 0x78a67696b2b0>>, mixin_verb=('build',))
[0.208s] Level 1:colcon.colcon_core.package_discovery:discover_packages(colcon_meta) check parameters
[0.208s] Level 1:colcon.colcon_core.package_discovery:discover_packages(recursive) check parameters
[0.208s] Level 1:colcon.colcon_core.package_discovery:discover_packages(ignore) check parameters
[0.208s] Level 1:colcon.colcon_core.package_discovery:discover_packages(path) check parameters
[0.208s] Level 1:colcon.colcon_core.package_discovery:discover_packages(colcon_meta) discover
[0.208s] Level 1:colcon.colcon_core.package_discovery:discover_packages(recursive) discover
[0.208s] INFO:colcon.colcon_core.package_discovery:Crawling recursively for packages in '/home/sahil/Desktop/ros_learn/ros2_SLAM'
[0.208s] Level 1:colcon.colcon_core.package_identification:_identify(.) by extensions ['ignore', 'ignore_ament_install']
[0.208s] Level 1:colcon.colcon_core.package_identification:_identify(.) by extension 'ignore'
[0.208s] Level 1:colcon.colcon_core.package_identification:_identify(.) by extension 'ignore_ament_install'
[0.208s] Level 1:colcon.colcon_core.package_identification:_identify(.) by extensions ['colcon_pkg']
[0.208s] Level 1:colcon.colcon_core.package_identification:_identify(.) by extension 'colcon_pkg'
[0.208s] Level 1:colcon.colcon_core.package_identification:_identify(.) by extensions ['colcon_meta']
[0.208s] Level 1:colcon.colcon_core.package_identification:_identify(.) by extension 'colcon_meta'
[0.208s] Level 1:colcon.colcon_core.package_identification:_identify(.) by extensions ['ros']
[0.208s] Level 1:colcon.colcon_core.package_identification:_identify(.) by extension 'ros'
[0.228s] Level 1:colcon.colcon_core.package_identification:_identify(.) by extensions ['cmake', 'python']
[0.228s] Level 1:colcon.colcon_core.package_identification:_identify(.) by extension 'cmake'
[0.228s] Level 1:colcon.colcon_core.package_identification:_identify(.) by extension 'python'
[0.228s] Level 1:colcon.colcon_core.package_identification:_identify(.) by extensions ['python_setup_py']
[0.228s] Level 1:colcon.colcon_core.package_identification:_identify(.) by extension 'python_setup_py'
[0.228s] Level 1:colcon.colcon_core.package_identification:_identify(build) by extensions ['ignore', 'ignore_ament_install']
[0.228s] Level 1:colcon.colcon_core.package_identification:_identify(build) by extension 'ignore'
[0.228s] Level 1:colcon.colcon_core.package_identification:_identify(build) ignored
[0.228s] Level 1:colcon.colcon_core.package_identification:_identify(install) by extensions ['ignore', 'ignore_ament_install']
[0.229s] Level 1:colcon.colcon_core.package_identification:_identify(install) by extension 'ignore'
[0.229s] Level 1:colcon.colcon_core.package_identification:_identify(install) ignored
[0.229s] Level 1:colcon.colcon_core.package_identification:_identify(log) by extensions ['ignore', 'ignore_ament_install']
[0.229s] Level 1:colcon.colcon_core.package_identification:_identify(log) by extension 'ignore'
[0.229s] Level 1:colcon.colcon_core.package_identification:_identify(log) ignored
[0.229s] Level 1:colcon.colcon_core.package_identification:_identify(slam_bot) by extensions ['ignore', 'ignore_ament_install']
[0.229s] Level 1:colcon.colcon_core.package_identification:_identify(slam_bot) by extension 'ignore'
[0.229s] Level 1:colcon.colcon_core.package_identification:_identify(slam_bot) by extension 'ignore_ament_install'
[0.229s] Level 1:colcon.colcon_core.package_identification:_identify(slam_bot) by extensions ['colcon_pkg']
[0.229s] Level 1:colcon.colcon_core.package_identification:_identify(slam_bot) by extension 'colcon_pkg'
[0.229s] Level 1:colcon.colcon_core.package_identification:_identify(slam_bot) by extensions ['colcon_meta']
[0.229s] Level 1:colcon.colcon_core.package_identification:_identify(slam_bot) by extension 'colcon_meta'
[0.229s] Level 1:colcon.colcon_core.package_identification:_identify(slam_bot) by extensions ['ros']
[0.229s] Level 1:colcon.colcon_core.package_identification:_identify(slam_bot) by extension 'ros'
[0.229s] Level 1:colcon.colcon_core.package_identification:_identify(slam_bot) by extensions ['cmake', 'python']
[0.229s] Level 1:colcon.colcon_core.package_identification:_identify(slam_bot) by extension 'cmake'
[0.229s] Level 1:colcon.colcon_core.package_identification:_identify(slam_bot) by extension 'python'
[0.229s] Level 1:colcon.colcon_core.package_identification:_identify(slam_bot) by extensions ['python_setup_py']
[0.229s] Level 1:colcon.colcon_core.package_identification:_identify(slam_bot) by extension 'python_setup_py'
[0.229s] Level 1:colcon.colcon_core.package_identification:_identify(slam_bot/build) by extensions ['ignore', 'ignore_ament_install']
[0.229s] Level 1:colcon.colcon_core.package_identification:_identify(slam_bot/build) by extension 'ignore'
[0.229s] Level 1:colcon.colcon_core.package_identification:_identify(slam_bot/build) ignored
[0.229s] Level 1:colcon.colcon_core.package_identification:_identify(slam_bot/install) by extensions ['ignore', 'ignore_ament_install']
[0.229s] Level 1:colcon.colcon_core.package_identification:_identify(slam_bot/install) by extension 'ignore'
[0.229s] Level 1:colcon.colcon_core.package_identification:_identify(slam_bot/install) ignored
[0.229s] Level 1:colcon.colcon_core.package_identification:_identify(slam_bot/log) by extensions ['ignore', 'ignore_ament_install']
[0.229s] Level 1:colcon.colcon_core.package_identification:_identify(slam_bot/log) by extension 'ignore'
[0.229s] Level 1:colcon.colcon_core.package_identification:_identify(slam_bot/log) ignored
[0.229s] Level 1:colcon.colcon_core.package_identification:_identify(slam_bot/src) by extensions ['ignore', 'ignore_ament_install']
[0.229s] Level 1:colcon.colcon_core.package_identification:_identify(slam_bot/src) by extension 'ignore'
[0.230s] Level 1:colcon.colcon_core.package_identification:_identify(slam_bot/src) by extension 'ignore_ament_install'
[0.230s] Level 1:colcon.colcon_core.package_identification:_identify(slam_bot/src) by extensions ['colcon_pkg']
[0.230s] Level 1:colcon.colcon_core.package_identification:_identify(slam_bot/src) by extension 'colcon_pkg'
[0.230s] Level 1:colcon.colcon_core.package_identification:_identify(slam_bot/src) by extensions ['colcon_meta']
[0.230s] Level 1:colcon.colcon_core.package_identification:_identify(slam_bot/src) by extension 'colcon_meta'
[0.230s] Level 1:colcon.colcon_core.package_identification:_identify(slam_bot/src) by extensions ['ros']
[0.230s] Level 1:colcon.colcon_core.package_identification:_identify(slam_bot/src) by extension 'ros'
[0.230s] Level 1:colcon.colcon_core.package_identification:_identify(slam_bot/src) by extensions ['cmake', 'python']
[0.230s] Level 1:colcon.colcon_core.package_identification:_identify(slam_bot/src) by extension 'cmake'
[0.230s] Level 1:colcon.colcon_core.package_identification:_identify(slam_bot/src) by extension 'python'
[0.230s] Level 1:colcon.colcon_core.package_identification:_identify(slam_bot/src) by extensions ['python_setup_py']
[0.230s] Level 1:colcon.colcon_core.package_identification:_identify(slam_bot/src) by extension 'python_setup_py'
[0.230s] Level 1:colcon.colcon_core.package_identification:_identify(slam_bot/src/my_robot_bringup) by extensions ['ignore', 'ignore_ament_install']
[0.230s] Level 1:colcon.colcon_core.package_identification:_identify(slam_bot/src/my_robot_bringup) by extension 'ignore'
[0.230s] Level 1:colcon.colcon_core.package_identification:_identify(slam_bot/src/my_robot_bringup) by extension 'ignore_ament_install'
[0.230s] Level 1:colcon.colcon_core.package_identification:_identify(slam_bot/src/my_robot_bringup) by extensions ['colcon_pkg']
[0.230s] Level 1:colcon.colcon_core.package_identification:_identify(slam_bot/src/my_robot_bringup) by extension 'colcon_pkg'
[0.230s] Level 1:colcon.colcon_core.package_identification:_identify(slam_bot/src/my_robot_bringup) by extensions ['colcon_meta']
[0.230s] Level 1:colcon.colcon_core.package_identification:_identify(slam_bot/src/my_robot_bringup) by extension 'colcon_meta'
[0.230s] Level 1:colcon.colcon_core.package_identification:_identify(slam_bot/src/my_robot_bringup) by extensions ['ros']
[0.230s] Level 1:colcon.colcon_core.package_identification:_identify(slam_bot/src/my_robot_bringup) by extension 'ros'
[0.231s] DEBUG:colcon.colcon_core.package_identification:Package 'slam_bot/src/my_robot_bringup' with type 'ros.ament_python' and name 'my_robot_bringup'
[0.232s] Level 1:colcon.colcon_core.package_identification:_identify(slam_bot/src/my_robot_control) by extensions ['ignore', 'ignore_ament_install']
[0.232s] Level 1:colcon.colcon_core.package_identification:_identify(slam_bot/src/my_robot_control) by extension 'ignore'
[0.232s] Level 1:colcon.colcon_core.package_identification:_identify(slam_bot/src/my_robot_control) by extension 'ignore_ament_install'
[0.232s] Level 1:colcon.colcon_core.package_identification:_identify(slam_bot/src/my_robot_control) by extensions ['colcon_pkg']
[0.232s] Level 1:colcon.colcon_core.package_identification:_identify(slam_bot/src/my_robot_control) by extension 'colcon_pkg'
[0.232s] Level 1:colcon.colcon_core.package_identification:_identify(slam_bot/src/my_robot_control) by extensions ['colcon_meta']
[0.232s] Level 1:colcon.colcon_core.package_identification:_identify(slam_bot/src/my_robot_control) by extension 'colcon_meta'
[0.232s] Level 1:colcon.colcon_core.package_identification:_identify(slam_bot/src/my_robot_control) by extensions ['ros']
[0.232s] Level 1:colcon.colcon_core.package_identification:_identify(slam_bot/src/my_robot_control) by extension 'ros'
[0.232s] DEBUG:colcon.colcon_core.package_identification:Package 'slam_bot/src/my_robot_control' with type 'ros.ament_python' and name 'my_robot_control'
[0.232s] Level 1:colcon.colcon_core.package_identification:_identify(slam_bot/src/my_robot_description) by extensions ['ignore', 'ignore_ament_install']
[0.232s] Level 1:colcon.colcon_core.package_identification:_identify(slam_bot/src/my_robot_description) by extension 'ignore'
[0.232s] Level 1:colcon.colcon_core.package_identification:_identify(slam_bot/src/my_robot_description) by extension 'ignore_ament_install'
[0.232s] Level 1:colcon.colcon_core.package_identification:_identify(slam_bot/src/my_robot_description) by extensions ['colcon_pkg']
[0.232s] Level 1:colcon.colcon_core.package_identification:_identify(slam_bot/src/my_robot_description) by extension 'colcon_pkg'
[0.232s] Level 1:colcon.colcon_core.package_identification:_identify(slam_bot/src/my_robot_description) by extensions ['colcon_meta']
[0.232s] Level 1:colcon.colcon_core.package_identification:_identify(slam_bot/src/my_robot_description) by extension 'colcon_meta'
[0.232s] Level 1:colcon.colcon_core.package_identification:_identify(slam_bot/src/my_robot_description) by extensions ['ros']
[0.232s] Level 1:colcon.colcon_core.package_identification:_identify(slam_bot/src/my_robot_description) by extension 'ros'
[0.233s] DEBUG:colcon.colcon_core.package_identification:Package 'slam_bot/src/my_robot_description' with type 'ros.ament_python' and name 'my_robot_description'
[0.233s] Level 1:colcon.colcon_core.package_discovery:discover_packages(recursive) using defaults
[0.233s] Level 1:colcon.colcon_core.package_discovery:discover_packages(ignore) discover
[0.233s] Level 1:colcon.colcon_core.package_discovery:discover_packages(ignore) using defaults
[0.233s] Level 1:colcon.colcon_core.package_discovery:discover_packages(path) discover
[0.233s] Level 1:colcon.colcon_core.package_discovery:discover_packages(path) using defaults
[0.248s] Level 1:colcon.colcon_core.package_discovery:discover_packages(prefix_path) check parameters
[0.248s] Level 1:colcon.colcon_core.package_discovery:discover_packages(prefix_path) discover
[0.249s] DEBUG:colcon.colcon_installed_package_information.package_discovery:Found 3 installed packages in /home/sahil/Desktop/ros_learn/ros2_SLAM/install
[0.251s] DEBUG:colcon.colcon_installed_package_information.package_discovery:Found 363 installed packages in /opt/ros/humble
[0.252s] Level 1:colcon.colcon_core.package_discovery:discover_packages(prefix_path) using defaults
[0.284s] Level 5:colcon.colcon_core.verb:set package 'my_robot_bringup' build argument 'cmake_args' from command line to 'None'
[0.284s] Level 5:colcon.colcon_core.verb:set package 'my_robot_bringup' build argument 'cmake_target' from command line to 'None'
[0.284s] Level 5:colcon.colcon_core.verb:set package 'my_robot_bringup' build argument 'cmake_target_skip_unavailable' from command line to 'False'
[0.284s] Level 5:colcon.colcon_core.verb:set package 'my_robot_bringup' build argument 'cmake_clean_cache' from command line to 'False'
[0.284s] Level 5:colcon.colcon_core.verb:set package 'my_robot_bringup' build argument 'cmake_clean_first' from command line to 'False'
[0.284s] Level 5:colcon.colcon_core.verb:set package 'my_robot_bringup' build argument 'cmake_force_configure' from command line to 'False'
[0.284s] Level 5:colcon.colcon_core.verb:set package 'my_robot_bringup' build argument 'ament_cmake_args' from command line to 'None'
[0.284s] Level 5:colcon.colcon_core.verb:set package 'my_robot_bringup' build argument 'catkin_cmake_args' from command line to 'None'
[0.284s] Level 5:colcon.colcon_core.verb:set package 'my_robot_bringup' build argument 'catkin_skip_building_tests' from command line to 'False'
[0.284s] DEBUG:colcon.colcon_core.verb:Building package 'my_robot_bringup' with the following arguments: {'ament_cmake_args': None, 'build_base': '/home/sahil/Desktop/ros_learn/ros2_SLAM/build/my_robot_bringup', 'catkin_cmake_args': None, 'catkin_skip_building_tests': False, 'cmake_args': None, 'cmake_clean_cache': False, 'cmake_clean_first': False, 'cmake_force_configure': False, 'cmake_target': None, 'cmake_target_skip_unavailable': False, 'install_base': '/home/sahil/Desktop/ros_learn/ros2_SLAM/install/my_robot_bringup', 'merge_install': False, 'path': '/home/sahil/Desktop/ros_learn/ros2_SLAM/slam_bot/src/my_robot_bringup', 'symlink_install': False, 'test_result_base': None}
[0.284s] Level 5:colcon.colcon_core.verb:set package 'my_robot_control' build argument 'cmake_args' from command line to 'None'
[0.284s] Level 5:colcon.colcon_core.verb:set package 'my_robot_control' build argument 'cmake_target' from command line to 'None'
[0.284s] Level 5:colcon.colcon_core.verb:set package 'my_robot_control' build argument 'cmake_target_skip_unavailable' from command line to 'False'
[0.284s] Level 5:colcon.colcon_core.verb:set package 'my_robot_control' build argument 'cmake_clean_cache' from command line to 'False'
[0.284s] Level 5:colcon.colcon_core.verb:set package 'my_robot_control' build argument 'cmake_clean_first' from command line to 'False'
[0.284s] Level 5:colcon.colcon_core.verb:set package 'my_robot_control' build argument 'cmake_force_configure' from command line to 'False'
[0.284s] Level 5:colcon.colcon_core.verb:set package 'my_robot_control' build argument 'ament_cmake_args' from command line to 'None'
[0.284s] Level 5:colcon.colcon_core.verb:set package 'my_robot_control' build argument 'catkin_cmake_args' from command line to 'None'
[0.284s] Level 5:colcon.colcon_core.verb:set package 'my_robot_control' build argument 'catkin_skip_building_tests' from command line to 'False'
[0.284s] DEBUG:colcon.colcon_core.verb:Building package 'my_robot_control' with the following arguments: {'ament_cmake_args': None, 'build_base': '/home/sahil/Desktop/ros_learn/ros2_SLAM/build/my_robot_control', 'catkin_cmake_args': None, 'catkin_skip_building_tests': False, 'cmake_args': None, 'cmake_clean_cache': False, 'cmake_clean_first': False, 'cmake_force_configure': False, 'cmake_target': None, 'cmake_target_skip_unavailable': False, 'install_base': '/home/sahil/Desktop/ros_learn/ros2_SLAM/install/my_robot_control', 'merge_install': False, 'path': '/home/sahil/Desktop/ros_learn/ros2_SLAM/slam_bot/src/my_robot_control', 'symlink_install': False, 'test_result_base': None}
[0.284s] Level 5:colcon.colcon_core.verb:set package 'my_robot_description' build argument 'cmake_args' from command line to 'None'
[0.284s] Level 5:colcon.colcon_core.verb:set package 'my_robot_description' build argument 'cmake_target' from command line to 'None'
[0.284s] Level 5:colcon.colcon_core.verb:set package 'my_robot_description' build argument 'cmake_target_skip_unavailable' from command line to 'False'
[0.284s] Level 5:colcon.colcon_core.verb:set package 'my_robot_description' build argument 'cmake_clean_cache' from command line to 'False'
[0.284s] Level 5:colcon.colcon_core.verb:set package 'my_robot_description' build argument 'cmake_clean_first' from command line to 'False'
[0.284s] Level 5:colcon.colcon_core.verb:set package 'my_robot_description' build argument 'cmake_force_configure' from command line to 'False'
[0.284s] Level 5:colcon.colcon_core.verb:set package 'my_robot_description' build argument 'ament_cmake_args' from command line to 'None'
[0.285s] Level 5:colcon.colcon_core.verb:set package 'my_robot_description' build argument 'catkin_cmake_args' from command line to 'None'
[0.285s] Level 5:colcon.colcon_core.verb:set package 'my_robot_description' build argument 'catkin_skip_building_tests' from command line to 'False'
[0.285s] DEBUG:colcon.colcon_core.verb:Building package 'my_robot_description' with the following arguments: {'ament_cmake_args': None, 'build_base': '/home/sahil/Desktop/ros_learn/ros2_SLAM/build/my_robot_description', 'catkin_cmake_args': None, 'catkin_skip_building_tests': False, 'cmake_args': None, 'cmake_clean_cache': False, 'cmake_clean_first': False, 'cmake_force_configure': False, 'cmake_target': None, 'cmake_target_skip_unavailable': False, 'install_base': '/home/sahil/Desktop/ros_learn/ros2_SLAM/install/my_robot_description', 'merge_install': False, 'path': '/home/sahil/Desktop/ros_learn/ros2_SLAM/slam_bot/src/my_robot_description', 'symlink_install': False, 'test_result_base': None}
[0.285s] INFO:colcon.colcon_core.executor:Executing jobs using 'parallel' executor
[0.285s] DEBUG:colcon.colcon_parallel_executor.executor.parallel:run_until_complete
[0.285s] INFO:colcon.colcon_ros.task.ament_python.build:Building ROS package in '/home/sahil/Desktop/ros_learn/ros2_SLAM/slam_bot/src/my_robot_bringup' with build type 'ament_python'
[0.286s] Level 1:colcon.colcon_core.shell:create_environment_hook('my_robot_bringup', 'ament_prefix_path')
[0.287s] INFO:colcon.colcon_core.plugin_system:Skipping extension 'colcon_core.shell.bat': Not used on non-Windows systems
[0.287s] INFO:colcon.colcon_core.shell:Creating environment hook '/home/sahil/Desktop/ros_learn/ros2_SLAM/install/my_robot_bringup/share/my_robot_bringup/hook/ament_prefix_path.ps1'
[0.287s] INFO:colcon.colcon_core.shell:Creating environment descriptor '/home/sahil/Desktop/ros_learn/ros2_SLAM/install/my_robot_bringup/share/my_robot_bringup/hook/ament_prefix_path.dsv'
[0.288s] INFO:colcon.colcon_core.shell:Creating environment hook '/home/sahil/Desktop/ros_learn/ros2_SLAM/install/my_robot_bringup/share/my_robot_bringup/hook/ament_prefix_path.sh'
[0.288s] INFO:colcon.colcon_core.shell:Skip shell extension 'powershell' for command environment: Not usable outside of PowerShell
[0.288s] DEBUG:colcon.colcon_core.shell:Skip shell extension 'dsv' for command environment
[0.291s] INFO:colcon.colcon_ros.task.ament_python.build:Building ROS package in '/home/sahil/Desktop/ros_learn/ros2_SLAM/slam_bot/src/my_robot_control' with build type 'ament_python'
[0.291s] Level 1:colcon.colcon_core.shell:create_environment_hook('my_robot_control', 'ament_prefix_path')
[0.291s] INFO:colcon.colcon_core.shell:Creating environment hook '/home/sahil/Desktop/ros_learn/ros2_SLAM/install/my_robot_control/share/my_robot_control/hook/ament_prefix_path.ps1'
[0.291s] INFO:colcon.colcon_core.shell:Creating environment descriptor '/home/sahil/Desktop/ros_learn/ros2_SLAM/install/my_robot_control/share/my_robot_control/hook/ament_prefix_path.dsv'
[0.291s] INFO:colcon.colcon_core.shell:Creating environment hook '/home/sahil/Desktop/ros_learn/ros2_SLAM/install/my_robot_control/share/my_robot_control/hook/ament_prefix_path.sh'
[0.292s] INFO:colcon.colcon_core.shell:Skip shell extension 'powershell' for command environment: Not usable outside of PowerShell
[0.292s] DEBUG:colcon.colcon_core.shell:Skip shell extension 'dsv' for command environment
[0.294s] INFO:colcon.colcon_ros.task.ament_python.build:Building ROS package in '/home/sahil/Desktop/ros_learn/ros2_SLAM/slam_bot/src/my_robot_description' with build type 'ament_python'
[0.294s] Level 1:colcon.colcon_core.shell:create_environment_hook('my_robot_description', 'ament_prefix_path')
[0.295s] INFO:colcon.colcon_core.shell:Creating environment hook '/home/sahil/Desktop/ros_learn/ros2_SLAM/install/my_robot_description/share/my_robot_description/hook/ament_prefix_path.ps1'
[0.295s] INFO:colcon.colcon_core.shell:Creating environment descriptor '/home/sahil/Desktop/ros_learn/ros2_SLAM/install/my_robot_description/share/my_robot_description/hook/ament_prefix_path.dsv'
[0.295s] INFO:colcon.colcon_core.shell:Creating environment hook '/home/sahil/Desktop/ros_learn/ros2_SLAM/install/my_robot_description/share/my_robot_description/hook/ament_prefix_path.sh'
[0.296s] INFO:colcon.colcon_core.shell:Skip shell extension 'powershell' for command environment: Not usable outside of PowerShell
[0.296s] DEBUG:colcon.colcon_core.shell:Skip shell extension 'dsv' for command environment
[0.508s] INFO:colcon.colcon_core.task.python.build:Building Python package in '/home/sahil/Desktop/ros_learn/ros2_SLAM/slam_bot/src/my_robot_bringup'
[0.509s] INFO:colcon.colcon_core.shell:Skip shell extension 'powershell' for command environment: Not usable outside of PowerShell
[0.509s] DEBUG:colcon.colcon_core.shell:Skip shell extension 'dsv' for command environment
[0.726s] INFO:colcon.colcon_core.task.python.build:Building Python package in '/home/sahil/Desktop/ros_learn/ros2_SLAM/slam_bot/src/my_robot_control'
[0.727s] INFO:colcon.colcon_core.shell:Skip shell extension 'powershell' for command environment: Not usable outside of PowerShell
[0.727s] DEBUG:colcon.colcon_core.shell:Skip shell extension 'dsv' for command environment
[0.934s] INFO:colcon.colcon_core.task.python.build:Building Python package in '/home/sahil/Desktop/ros_learn/ros2_SLAM/slam_bot/src/my_robot_description'
[0.934s] INFO:colcon.colcon_core.shell:Skip shell extension 'powershell' for command environment: Not usable outside of PowerShell
[0.934s] DEBUG:colcon.colcon_core.shell:Skip shell extension 'dsv' for command environment
[1.267s] DEBUG:colcon.colcon_core.event_handler.log_command:Invoking command in '/home/sahil/Desktop/ros_learn/ros2_SLAM/slam_bot/src/my_robot_bringup': PYTHONPATH=/home/sahil/Desktop/ros_learn/ros2_SLAM/build/my_robot_bringup/prefix_override:/usr/lib/python3/dist-packages/colcon_core/task/python/colcon_distutils_commands:/home/sahil/Desktop/ros_learn/ros2_SLAM/install/my_robot_bringup/lib/python3.10/site-packages:${PYTHONPATH} /usr/bin/python3 -W ignore:setup.py install is deprecated -W ignore:easy_install command is deprecated setup.py egg_info --egg-base ../../../build/my_robot_bringup build --build-base /home/sahil/Desktop/ros_learn/ros2_SLAM/build/my_robot_bringup/build install --record /home/sahil/Desktop/ros_learn/ros2_SLAM/build/my_robot_bringup/install.log --single-version-externally-managed install_data
[1.270s] DEBUG:colcon.colcon_core.event_handler.log_command:Invoking command in '/home/sahil/Desktop/ros_learn/ros2_SLAM/slam_bot/src/my_robot_description': PYTHONPATH=/home/sahil/Desktop/ros_learn/ros2_SLAM/build/my_robot_description/prefix_override:/usr/lib/python3/dist-packages/colcon_core/task/python/colcon_distutils_commands:/home/sahil/Desktop/ros_learn/ros2_SLAM/install/my_robot_description/lib/python3.10/site-packages:${PYTHONPATH} /usr/bin/python3 -W ignore:setup.py install is deprecated -W ignore:easy_install command is deprecated setup.py egg_info --egg-base ../../../build/my_robot_description build --build-base /home/sahil/Desktop/ros_learn/ros2_SLAM/build/my_robot_description/build install --record /home/sahil/Desktop/ros_learn/ros2_SLAM/build/my_robot_description/install.log --single-version-externally-managed install_data
[1.273s] DEBUG:colcon.colcon_core.event_handler.log_command:Invoking command in '/home/sahil/Desktop/ros_learn/ros2_SLAM/slam_bot/src/my_robot_control': PYTHONPATH=/home/sahil/Desktop/ros_learn/ros2_SLAM/build/my_robot_control/prefix_override:/usr/lib/python3/dist-packages/colcon_core/task/python/colcon_distutils_commands:/home/sahil/Desktop/ros_learn/ros2_SLAM/install/my_robot_control/lib/python3.10/site-packages:${PYTHONPATH} /usr/bin/python3 -W ignore:setup.py install is deprecated -W ignore:easy_install command is deprecated setup.py egg_info --egg-base ../../../build/my_robot_control build --build-base /home/sahil/Desktop/ros_learn/ros2_SLAM/build/my_robot_control/build install --record /home/sahil/Desktop/ros_learn/ros2_SLAM/build/my_robot_control/install.log --single-version-externally-managed install_data
[1.532s] DEBUG:colcon.colcon_core.event_handler.log_command:Invoked command in '/home/sahil/Desktop/ros_learn/ros2_SLAM/slam_bot/src/my_robot_bringup' returned '0': PYTHONPATH=/home/sahil/Desktop/ros_learn/ros2_SLAM/build/my_robot_bringup/prefix_override:/usr/lib/python3/dist-packages/colcon_core/task/python/colcon_distutils_commands:/home/sahil/Desktop/ros_learn/ros2_SLAM/install/my_robot_bringup/lib/python3.10/site-packages:${PYTHONPATH} /usr/bin/python3 -W ignore:setup.py install is deprecated -W ignore:easy_install command is deprecated setup.py egg_info --egg-base ../../../build/my_robot_bringup build --build-base /home/sahil/Desktop/ros_learn/ros2_SLAM/build/my_robot_bringup/build install --record /home/sahil/Desktop/ros_learn/ros2_SLAM/build/my_robot_bringup/install.log --single-version-externally-managed install_data
[1.534s] Level 1:colcon.colcon_core.environment:checking '/home/sahil/Desktop/ros_learn/ros2_SLAM/install/my_robot_bringup' for CMake module files
[1.534s] Level 1:colcon.colcon_core.environment:checking '/home/sahil/Desktop/ros_learn/ros2_SLAM/install/my_robot_bringup' for CMake config files
[1.535s] Level 1:colcon.colcon_core.environment:checking '/home/sahil/Desktop/ros_learn/ros2_SLAM/install/my_robot_bringup/lib'
[1.535s] Level 1:colcon.colcon_core.environment:checking '/home/sahil/Desktop/ros_learn/ros2_SLAM/install/my_robot_bringup/bin'
[1.535s] Level 1:colcon.colcon_core.environment:checking '/home/sahil/Desktop/ros_learn/ros2_SLAM/install/my_robot_bringup/lib/pkgconfig/my_robot_bringup.pc'
[1.535s] Level 1:colcon.colcon_core.environment:checking '/home/sahil/Desktop/ros_learn/ros2_SLAM/install/my_robot_bringup/lib/python3.10/site-packages'
[1.535s] Level 1:colcon.colcon_core.shell:create_environment_hook('my_robot_bringup', 'pythonpath')
[1.535s] INFO:colcon.colcon_core.shell:Creating environment hook '/home/sahil/Desktop/ros_learn/ros2_SLAM/install/my_robot_bringup/share/my_robot_bringup/hook/pythonpath.ps1'
[1.536s] INFO:colcon.colcon_core.shell:Creating environment descriptor '/home/sahil/Desktop/ros_learn/ros2_SLAM/install/my_robot_bringup/share/my_robot_bringup/hook/pythonpath.dsv'
[1.536s] INFO:colcon.colcon_core.shell:Creating environment hook '/home/sahil/Desktop/ros_learn/ros2_SLAM/install/my_robot_bringup/share/my_robot_bringup/hook/pythonpath.sh'
[1.537s] Level 1:colcon.colcon_core.environment:checking '/home/sahil/Desktop/ros_learn/ros2_SLAM/install/my_robot_bringup/bin'
[1.537s] Level 1:colcon.colcon_core.environment:create_environment_scripts_only(my_robot_bringup)
[1.537s] INFO:colcon.colcon_core.shell:Creating package script '/home/sahil/Desktop/ros_learn/ros2_SLAM/install/my_robot_bringup/share/my_robot_bringup/package.ps1'
[1.538s] INFO:colcon.colcon_core.shell:Creating package descriptor '/home/sahil/Desktop/ros_learn/ros2_SLAM/install/my_robot_bringup/share/my_robot_bringup/package.dsv'
[1.539s] INFO:colcon.colcon_core.shell:Creating package script '/home/sahil/Desktop/ros_learn/ros2_SLAM/install/my_robot_bringup/share/my_robot_bringup/package.sh'
[1.539s] INFO:colcon.colcon_core.shell:Creating package script '/home/sahil/Desktop/ros_learn/ros2_SLAM/install/my_robot_bringup/share/my_robot_bringup/package.bash'
[1.540s] INFO:colcon.colcon_core.shell:Creating package script '/home/sahil/Desktop/ros_learn/ros2_SLAM/install/my_robot_bringup/share/my_robot_bringup/package.zsh'
[1.540s] Level 1:colcon.colcon_core.environment:create_file_with_runtime_dependencies(/home/sahil/Desktop/ros_learn/ros2_SLAM/install/my_robot_bringup/share/colcon-core/packages/my_robot_bringup)
[1.541s] Level 1:colcon.colcon_core.environment:checking '/home/sahil/Desktop/ros_learn/ros2_SLAM/install/my_robot_control' for CMake module files
[1.542s] DEBUG:colcon.colcon_core.event_handler.log_command:Invoked command in '/home/sahil/Desktop/ros_learn/ros2_SLAM/slam_bot/src/my_robot_control' returned '0': PYTHONPATH=/home/sahil/Desktop/ros_learn/ros2_SLAM/build/my_robot_control/prefix_override:/usr/lib/python3/dist-packages/colcon_core/task/python/colcon_distutils_commands:/home/sahil/Desktop/ros_learn/ros2_SLAM/install/my_robot_control/lib/python3.10/site-packages:${PYTHONPATH} /usr/bin/python3 -W ignore:setup.py install is deprecated -W ignore:easy_install command is deprecated setup.py egg_info --egg-base ../../../build/my_robot_control build --build-base /home/sahil/Desktop/ros_learn/ros2_SLAM/build/my_robot_control/build install --record /home/sahil/Desktop/ros_learn/ros2_SLAM/build/my_robot_control/install.log --single-version-externally-managed install_data
[1.542s] Level 1:colcon.colcon_core.environment:checking '/home/sahil/Desktop/ros_learn/ros2_SLAM/install/my_robot_control' for CMake config files
[1.543s] Level 1:colcon.colcon_core.environment:checking '/home/sahil/Desktop/ros_learn/ros2_SLAM/install/my_robot_control/lib'
[1.543s] Level 1:colcon.colcon_core.environment:checking '/home/sahil/Desktop/ros_learn/ros2_SLAM/install/my_robot_control/bin'
[1.543s] Level 1:colcon.colcon_core.environment:checking '/home/sahil/Desktop/ros_learn/ros2_SLAM/install/my_robot_control/lib/pkgconfig/my_robot_control.pc'
[1.543s] Level 1:colcon.colcon_core.environment:checking '/home/sahil/Desktop/ros_learn/ros2_SLAM/install/my_robot_control/lib/python3.10/site-packages'
[1.543s] Level 1:colcon.colcon_core.shell:create_environment_hook('my_robot_control', 'pythonpath')
[1.543s] INFO:colcon.colcon_core.shell:Creating environment hook '/home/sahil/Desktop/ros_learn/ros2_SLAM/install/my_robot_control/share/my_robot_control/hook/pythonpath.ps1'
[1.544s] INFO:colcon.colcon_core.shell:Creating environment descriptor '/home/sahil/Desktop/ros_learn/ros2_SLAM/install/my_robot_control/share/my_robot_control/hook/pythonpath.dsv'
[1.544s] INFO:colcon.colcon_core.shell:Creating environment hook '/home/sahil/Desktop/ros_learn/ros2_SLAM/install/my_robot_control/share/my_robot_control/hook/pythonpath.sh'
[1.545s] Level 1:colcon.colcon_core.environment:checking '/home/sahil/Desktop/ros_learn/ros2_SLAM/install/my_robot_control/bin'
[1.545s] Level 1:colcon.colcon_core.environment:create_environment_scripts_only(my_robot_control)
[1.545s] INFO:colcon.colcon_core.shell:Creating package script '/home/sahil/Desktop/ros_learn/ros2_SLAM/install/my_robot_control/share/my_robot_control/package.ps1'
[1.545s] INFO:colcon.colcon_core.shell:Creating package descriptor '/home/sahil/Desktop/ros_learn/ros2_SLAM/install/my_robot_control/share/my_robot_control/package.dsv'
[1.546s] INFO:colcon.colcon_core.shell:Creating package script '/home/sahil/Desktop/ros_learn/ros2_SLAM/install/my_robot_control/share/my_robot_control/package.sh'
[1.546s] INFO:colcon.colcon_core.shell:Creating package script '/home/sahil/Desktop/ros_learn/ros2_SLAM/install/my_robot_control/share/my_robot_control/package.bash'
[1.546s] INFO:colcon.colcon_core.shell:Creating package script '/home/sahil/Desktop/ros_learn/ros2_SLAM/install/my_robot_control/share/my_robot_control/package.zsh'
[1.546s] Level 1:colcon.colcon_core.environment:create_file_with_runtime_dependencies(/home/sahil/Desktop/ros_learn/ros2_SLAM/install/my_robot_control/share/colcon-core/packages/my_robot_control)
[1.547s] Level 1:colcon.colcon_core.environment:checking '/home/sahil/Desktop/ros_learn/ros2_SLAM/install/my_robot_description' for CMake module files
[1.547s] DEBUG:colcon.colcon_core.event_handler.log_command:Invoked command in '/home/sahil/Desktop/ros_learn/ros2_SLAM/slam_bot/src/my_robot_description' returned '0': PYTHONPATH=/home/sahil/Desktop/ros_learn/ros2_SLAM/build/my_robot_description/prefix_override:/usr/lib/python3/dist-packages/colcon_core/task/python/colcon_distutils_commands:/home/sahil/Desktop/ros_learn/ros2_SLAM/install/my_robot_description/lib/python3.10/site-packages:${PYTHONPATH} /usr/bin/python3 -W ignore:setup.py install is deprecated -W ignore:easy_install command is deprecated setup.py egg_info --egg-base ../../../build/my_robot_description build --build-base /home/sahil/Desktop/ros_learn/ros2_SLAM/build/my_robot_description/build install --record /home/sahil/Desktop/ros_learn/ros2_SLAM/build/my_robot_description/install.log --single-version-externally-managed install_data
[1.548s] Level 1:colcon.colcon_core.environment:checking '/home/sahil/Desktop/ros_learn/ros2_SLAM/install/my_robot_description' for CMake config files
[1.548s] Level 1:colcon.colcon_core.environment:checking '/home/sahil/Desktop/ros_learn/ros2_SLAM/install/my_robot_description/lib'
[1.548s] Level 1:colcon.colcon_core.environment:checking '/home/sahil/Desktop/ros_learn/ros2_SLAM/install/my_robot_description/bin'
[1.548s] Level 1:colcon.colcon_core.environment:checking '/home/sahil/Desktop/ros_learn/ros2_SLAM/install/my_robot_description/lib/pkgconfig/my_robot_description.pc'
[1.548s] Level 1:colcon.colcon_core.environment:checking '/home/sahil/Desktop/ros_learn/ros2_SLAM/install/my_robot_description/lib/python3.10/site-packages'
[1.548s] Level 1:colcon.colcon_core.shell:create_environment_hook('my_robot_description', 'pythonpath')
[1.548s] INFO:colcon.colcon_core.shell:Creating environment hook '/home/sahil/Desktop/ros_learn/ros2_SLAM/install/my_robot_description/share/my_robot_description/hook/pythonpath.ps1'
[1.549s] INFO:colcon.colcon_core.shell:Creating environment descriptor '/home/sahil/Desktop/ros_learn/ros2_SLAM/install/my_robot_description/share/my_robot_description/hook/pythonpath.dsv'
[1.549s] INFO:colcon.colcon_core.shell:Creating environment hook '/home/sahil/Desktop/ros_learn/ros2_SLAM/install/my_robot_description/share/my_robot_description/hook/pythonpath.sh'
[1.550s] Level 1:colcon.colcon_core.environment:checking '/home/sahil/Desktop/ros_learn/ros2_SLAM/install/my_robot_description/bin'
[1.550s] Level 1:colcon.colcon_core.environment:create_environment_scripts_only(my_robot_description)
[1.550s] INFO:colcon.colcon_core.shell:Creating package script '/home/sahil/Desktop/ros_learn/ros2_SLAM/install/my_robot_description/share/my_robot_description/package.ps1'
[1.550s] INFO:colcon.colcon_core.shell:Creating package descriptor '/home/sahil/Desktop/ros_learn/ros2_SLAM/install/my_robot_description/share/my_robot_description/package.dsv'
[1.551s] INFO:colcon.colcon_core.shell:Creating package script '/home/sahil/Desktop/ros_learn/ros2_SLAM/install/my_robot_description/share/my_robot_description/package.sh'
[1.551s] INFO:colcon.colcon_core.shell:Creating package script '/home/sahil/Desktop/ros_learn/ros2_SLAM/install/my_robot_description/share/my_robot_description/package.bash'
[1.551s] INFO:colcon.colcon_core.shell:Creating package script '/home/sahil/Desktop/ros_learn/ros2_SLAM/install/my_robot_description/share/my_robot_description/package.zsh'
[1.551s] Level 1:colcon.colcon_core.environment:create_file_with_runtime_dependencies(/home/sahil/Desktop/ros_learn/ros2_SLAM/install/my_robot_description/share/colcon-core/packages/my_robot_description)
[1.551s] DEBUG:colcon.colcon_parallel_executor.executor.parallel:closing loop
[1.552s] DEBUG:colcon.colcon_parallel_executor.executor.parallel:loop closed
[1.552s] DEBUG:colcon.colcon_parallel_executor.executor.parallel:run_until_complete finished with '0'
[1.552s] DEBUG:colcon.colcon_core.event_reactor:joining thread
[1.557s] INFO:colcon.colcon_core.plugin_system:Skipping extension 'colcon_notification.desktop_notification.terminal_notifier': Not used on non-Darwin systems
[1.557s] INFO:colcon.colcon_core.plugin_system:Skipping extension 'colcon_notification.desktop_notification.win32': Not used on non-Windows systems
[1.557s] INFO:colcon.colcon_notification.desktop_notification:Sending desktop notification using 'notify2'
[1.568s] DEBUG:colcon.colcon_core.event_reactor:joined thread
[1.568s] INFO:colcon.colcon_core.shell:Creating prefix script '/home/sahil/Desktop/ros_learn/ros2_SLAM/install/local_setup.ps1'
[1.569s] INFO:colcon.colcon_core.shell:Creating prefix util module '/home/sahil/Desktop/ros_learn/ros2_SLAM/install/_local_setup_util_ps1.py'
[1.570s] INFO:colcon.colcon_core.shell:Creating prefix chain script '/home/sahil/Desktop/ros_learn/ros2_SLAM/install/setup.ps1'
[1.571s] INFO:colcon.colcon_core.shell:Creating prefix script '/home/sahil/Desktop/ros_learn/ros2_SLAM/install/local_setup.sh'
[1.572s] INFO:colcon.colcon_core.shell:Creating prefix util module '/home/sahil/Desktop/ros_learn/ros2_SLAM/install/_local_setup_util_sh.py'
[1.572s] INFO:colcon.colcon_core.shell:Creating prefix chain script '/home/sahil/Desktop/ros_learn/ros2_SLAM/install/setup.sh'
[1.574s] INFO:colcon.colcon_core.shell:Creating prefix script '/home/sahil/Desktop/ros_learn/ros2_SLAM/install/local_setup.bash'
[1.574s] INFO:colcon.colcon_core.shell:Creating prefix chain script '/home/sahil/Desktop/ros_learn/ros2_SLAM/install/setup.bash'
[1.575s] INFO:colcon.colcon_core.shell:Creating prefix script '/home/sahil/Desktop/ros_learn/ros2_SLAM/install/local_setup.zsh'
[1.576s] INFO:colcon.colcon_core.shell:Creating prefix chain script '/home/sahil/Desktop/ros_learn/ros2_SLAM/install/setup.zsh'
