[1.003s] Invoking command in '/home/sahil/Desktop/ros_learn/ros2_SLAM/slam_bot/src/my_robot_control': PYTHONPATH=/home/sahil/Desktop/ros_learn/ros2_SLAM/build/my_robot_control/prefix_override:/usr/lib/python3/dist-packages/colcon_core/task/python/colcon_distutils_commands:/home/sahil/Desktop/ros_learn/ros2_SLAM/install/my_robot_control/lib/python3.10/site-packages:${PYTHONPATH} /usr/bin/python3 -W ignore:setup.py install is deprecated -W ignore:easy_install command is deprecated setup.py egg_info --egg-base ../../../build/my_robot_control build --build-base /home/sahil/Desktop/ros_learn/ros2_SLAM/build/my_robot_control/build install --record /home/sahil/Desktop/ros_learn/ros2_SLAM/build/my_robot_control/install.log --single-version-externally-managed install_data
[1.200s] running egg_info
[1.201s] writing ../../../build/my_robot_control/my_robot_control.egg-info/PKG-INFO
[1.201s] writing dependency_links to ../../../build/my_robot_control/my_robot_control.egg-info/dependency_links.txt
[1.201s] writing entry points to ../../../build/my_robot_control/my_robot_control.egg-info/entry_points.txt
[1.201s] writing requirements to ../../../build/my_robot_control/my_robot_control.egg-info/requires.txt
[1.201s] writing top-level names to ../../../build/my_robot_control/my_robot_control.egg-info/top_level.txt
[1.203s] reading manifest file '../../../build/my_robot_control/my_robot_control.egg-info/SOURCES.txt'
[1.203s] adding license file 'LICENSE'
[1.203s] writing manifest file '../../../build/my_robot_control/my_robot_control.egg-info/SOURCES.txt'
[1.203s] running build
[1.203s] running build_py
[1.204s] copying my_robot_control/square_move.py -> /home/sahil/Desktop/ros_learn/ros2_SLAM/build/my_robot_control/build/lib/my_robot_control
[1.204s] running install
[1.204s] running install_lib
[1.205s] copying /home/sahil/Desktop/ros_learn/ros2_SLAM/build/my_robot_control/build/lib/my_robot_control/square_move.py -> /home/sahil/Desktop/ros_learn/ros2_SLAM/install/my_robot_control/lib/python3.10/site-packages/my_robot_control
[1.205s] byte-compiling /home/sahil/Desktop/ros_learn/ros2_SLAM/install/my_robot_control/lib/python3.10/site-packages/my_robot_control/square_move.py to square_move.cpython-310.pyc
[1.207s] running install_data
[1.207s] running install_egg_info
[1.209s] removing '/home/sahil/Desktop/ros_learn/ros2_SLAM/install/my_robot_control/lib/python3.10/site-packages/my_robot_control-0.0.0-py3.10.egg-info' (and everything under it)
[1.210s] Copying ../../../build/my_robot_control/my_robot_control.egg-info to /home/sahil/Desktop/ros_learn/ros2_SLAM/install/my_robot_control/lib/python3.10/site-packages/my_robot_control-0.0.0-py3.10.egg-info
[1.211s] running install_scripts
[1.229s] Installing simple_controller script to /home/sahil/Desktop/ros_learn/ros2_SLAM/install/my_robot_control/lib/my_robot_control
[1.229s] Installing square script to /home/sahil/Desktop/ros_learn/ros2_SLAM/install/my_robot_control/lib/my_robot_control
[1.230s] Installing truth script to /home/sahil/Desktop/ros_learn/ros2_SLAM/install/my_robot_control/lib/my_robot_control
[1.230s] writing list of installed files to '/home/sahil/Desktop/ros_learn/ros2_SLAM/build/my_robot_control/install.log'
[1.274s] Invoked command in '/home/sahil/Desktop/ros_learn/ros2_SLAM/slam_bot/src/my_robot_control' returned '0': PYTHONPATH=/home/sahil/Desktop/ros_learn/ros2_SLAM/build/my_robot_control/prefix_override:/usr/lib/python3/dist-packages/colcon_core/task/python/colcon_distutils_commands:/home/sahil/Desktop/ros_learn/ros2_SLAM/install/my_robot_control/lib/python3.10/site-packages:${PYTHONPATH} /usr/bin/python3 -W ignore:setup.py install is deprecated -W ignore:easy_install command is deprecated setup.py egg_info --egg-base ../../../build/my_robot_control build --build-base /home/sahil/Desktop/ros_learn/ros2_SLAM/build/my_robot_control/build install --record /home/sahil/Desktop/ros_learn/ros2_SLAM/build/my_robot_control/install.log --single-version-externally-managed install_data
