[2.462s] Invoking command in '/home/sahil/Desktop/ros_learn/ros2_SLAM/slam_bot/src/my_robot_control': PYTHONPATH=/home/sahil/Desktop/ros_learn/ros2_SLAM/build/my_robot_control/prefix_override:/usr/lib/python3/dist-packages/colcon_core/task/python/colcon_distutils_commands:/home/sahil/Desktop/ros_learn/ros2_SLAM/install/my_robot_control/lib/python3.10/site-packages:${PYTHONPATH} /usr/bin/python3 -W ignore:setup.py install is deprecated -W ignore:easy_install command is deprecated setup.py egg_info --egg-base ../../../build/my_robot_control build --build-base /home/sahil/Desktop/ros_learn/ros2_SLAM/build/my_robot_control/build install --record /home/sahil/Desktop/ros_learn/ros2_SLAM/build/my_robot_control/install.log --single-version-externally-managed install_data
[2.954s] running egg_info
[2.956s] writing ../../../build/my_robot_control/my_robot_control.egg-info/PKG-INFO
[2.957s] writing dependency_links to ../../../build/my_robot_control/my_robot_control.egg-info/dependency_links.txt
[2.957s] writing entry points to ../../../build/my_robot_control/my_robot_control.egg-info/entry_points.txt
[2.957s] writing requirements to ../../../build/my_robot_control/my_robot_control.egg-info/requires.txt
[2.957s] writing top-level names to ../../../build/my_robot_control/my_robot_control.egg-info/top_level.txt
[2.960s] reading manifest file '../../../build/my_robot_control/my_robot_control.egg-info/SOURCES.txt'
[2.960s] adding license file 'LICENSE'
[2.961s] writing manifest file '../../../build/my_robot_control/my_robot_control.egg-info/SOURCES.txt'
[2.961s] running build
[2.961s] running build_py
[2.962s] running install
[2.962s] running install_lib
[2.963s] running install_data
[2.964s] running install_egg_info
[2.966s] removing '/home/sahil/Desktop/ros_learn/ros2_SLAM/install/my_robot_control/lib/python3.10/site-packages/my_robot_control-0.0.0-py3.10.egg-info' (and everything under it)
[2.967s] Copying ../../../build/my_robot_control/my_robot_control.egg-info to /home/sahil/Desktop/ros_learn/ros2_SLAM/install/my_robot_control/lib/python3.10/site-packages/my_robot_control-0.0.0-py3.10.egg-info
[2.968s] running install_scripts
[3.007s] Installing simple_controller script to /home/sahil/Desktop/ros_learn/ros2_SLAM/install/my_robot_control/lib/my_robot_control
[3.008s] Installing square script to /home/sahil/Desktop/ros_learn/ros2_SLAM/install/my_robot_control/lib/my_robot_control
[3.008s] Installing truth script to /home/sahil/Desktop/ros_learn/ros2_SLAM/install/my_robot_control/lib/my_robot_control
[3.010s] writing list of installed files to '/home/sahil/Desktop/ros_learn/ros2_SLAM/build/my_robot_control/install.log'
[3.069s] Invoked command in '/home/sahil/Desktop/ros_learn/ros2_SLAM/slam_bot/src/my_robot_control' returned '0': PYTHONPATH=/home/sahil/Desktop/ros_learn/ros2_SLAM/build/my_robot_control/prefix_override:/usr/lib/python3/dist-packages/colcon_core/task/python/colcon_distutils_commands:/home/sahil/Desktop/ros_learn/ros2_SLAM/install/my_robot_control/lib/python3.10/site-packages:${PYTHONPATH} /usr/bin/python3 -W ignore:setup.py install is deprecated -W ignore:easy_install command is deprecated setup.py egg_info --egg-base ../../../build/my_robot_control build --build-base /home/sahil/Desktop/ros_learn/ros2_SLAM/build/my_robot_control/build install --record /home/sahil/Desktop/ros_learn/ros2_SLAM/build/my_robot_control/install.log --single-version-externally-managed install_data
