running egg_info
creating ../../build/my_robot_description/my_robot_description.egg-info
writing ../../build/my_robot_description/my_robot_description.egg-info/PKG-INFO
writing dependency_links to ../../build/my_robot_description/my_robot_description.egg-info/dependency_links.txt
writing entry points to ../../build/my_robot_description/my_robot_description.egg-info/entry_points.txt
writing requirements to ../../build/my_robot_description/my_robot_description.egg-info/requires.txt
writing top-level names to ../../build/my_robot_description/my_robot_description.egg-info/top_level.txt
writing manifest file '../../build/my_robot_description/my_robot_description.egg-info/SOURCES.txt'
reading manifest file '../../build/my_robot_description/my_robot_description.egg-info/SOURCES.txt'
adding license file 'LICENSE'
writing manifest file '../../build/my_robot_description/my_robot_description.egg-info/SOURCES.txt'
running build
running build_py
creating /home/sahil/Desktop/ros_learn/slam_bot/build/my_robot_description/build
creating /home/sahil/Desktop/ros_learn/slam_bot/build/my_robot_description/build/lib
creating /home/sahil/Desktop/ros_learn/slam_bot/build/my_robot_description/build/lib/my_robot_description
copying my_robot_description/__init__.py -> /home/sahil/Desktop/ros_learn/slam_bot/build/my_robot_description/build/lib/my_robot_description
running install
running install_lib
creating /home/sahil/Desktop/ros_learn/slam_bot/install/my_robot_description/lib/python3.10/site-packages/my_robot_description
copying /home/sahil/Desktop/ros_learn/slam_bot/build/my_robot_description/build/lib/my_robot_description/__init__.py -> /home/sahil/Desktop/ros_learn/slam_bot/install/my_robot_description/lib/python3.10/site-packages/my_robot_description
byte-compiling /home/sahil/Desktop/ros_learn/slam_bot/install/my_robot_description/lib/python3.10/site-packages/my_robot_description/__init__.py to __init__.cpython-310.pyc
running install_data
creating /home/sahil/Desktop/ros_learn/slam_bot/install/my_robot_description/share/ament_index
creating /home/sahil/Desktop/ros_learn/slam_bot/install/my_robot_description/share/ament_index/resource_index
creating /home/sahil/Desktop/ros_learn/slam_bot/install/my_robot_description/share/ament_index/resource_index/packages
copying resource/my_robot_description -> /home/sahil/Desktop/ros_learn/slam_bot/install/my_robot_description/share/ament_index/resource_index/packages
copying package.xml -> /home/sahil/Desktop/ros_learn/slam_bot/install/my_robot_description/share/my_robot_description
creating /home/sahil/Desktop/ros_learn/slam_bot/install/my_robot_description/share/my_robot_description/urdf
copying urdf/my_robot.urdf.xml -> /home/sahil/Desktop/ros_learn/slam_bot/install/my_robot_description/share/my_robot_description/urdf
creating /home/sahil/Desktop/ros_learn/slam_bot/install/my_robot_description/share/my_robot_description/worlds
copying worlds/empty.sdf -> /home/sahil/Desktop/ros_learn/slam_bot/install/my_robot_description/share/my_robot_description/worlds
running install_egg_info
Copying ../../build/my_robot_description/my_robot_description.egg-info to /home/sahil/Desktop/ros_learn/slam_bot/install/my_robot_description/lib/python3.10/site-packages/my_robot_description-0.0.0-py3.10.egg-info
running install_scripts
writing list of installed files to '/home/sahil/Desktop/ros_learn/slam_bot/build/my_robot_description/install.log'
