[0.733s] Invoking command in '/home/sahil/Desktop/ros_learn/slam_bot/src/my_robot_description': PYTHONPATH=/home/sahil/Desktop/ros_learn/slam_bot/build/my_robot_description/prefix_override:/usr/lib/python3/dist-packages/colcon_core/task/python/colcon_distutils_commands:/home/sahil/Desktop/ros_learn/slam_bot/install/my_robot_description/lib/python3.10/site-packages:${PYTHONPATH} /usr/bin/python3 -W ignore:setup.py install is deprecated -W ignore:easy_install command is deprecated setup.py egg_info --egg-base ../../build/my_robot_description build --build-base /home/sahil/Desktop/ros_learn/slam_bot/build/my_robot_description/build install --record /home/sahil/Desktop/ros_learn/slam_bot/build/my_robot_description/install.log --single-version-externally-managed install_data
[0.881s] running egg_info
[0.881s] creating ../../build/my_robot_description/my_robot_description.egg-info
[0.881s] writing ../../build/my_robot_description/my_robot_description.egg-info/PKG-INFO
[0.882s] writing dependency_links to ../../build/my_robot_description/my_robot_description.egg-info/dependency_links.txt
[0.882s] writing entry points to ../../build/my_robot_description/my_robot_description.egg-info/entry_points.txt
[0.882s] writing requirements to ../../build/my_robot_description/my_robot_description.egg-info/requires.txt
[0.882s] writing top-level names to ../../build/my_robot_description/my_robot_description.egg-info/top_level.txt
[0.882s] writing manifest file '../../build/my_robot_description/my_robot_description.egg-info/SOURCES.txt'
[0.883s] reading manifest file '../../build/my_robot_description/my_robot_description.egg-info/SOURCES.txt'
[0.883s] adding license file 'LICENSE'
[0.883s] writing manifest file '../../build/my_robot_description/my_robot_description.egg-info/SOURCES.txt'
[0.883s] running build
[0.883s] running build_py
[0.883s] creating /home/sahil/Desktop/ros_learn/slam_bot/build/my_robot_description/build
[0.883s] creating /home/sahil/Desktop/ros_learn/slam_bot/build/my_robot_description/build/lib
[0.883s] creating /home/sahil/Desktop/ros_learn/slam_bot/build/my_robot_description/build/lib/my_robot_description
[0.883s] copying my_robot_description/__init__.py -> /home/sahil/Desktop/ros_learn/slam_bot/build/my_robot_description/build/lib/my_robot_description
[0.883s] running install
[0.884s] running install_lib
[0.884s] creating /home/sahil/Desktop/ros_learn/slam_bot/install/my_robot_description/lib/python3.10/site-packages/my_robot_description
[0.884s] copying /home/sahil/Desktop/ros_learn/slam_bot/build/my_robot_description/build/lib/my_robot_description/__init__.py -> /home/sahil/Desktop/ros_learn/slam_bot/install/my_robot_description/lib/python3.10/site-packages/my_robot_description
[0.884s] byte-compiling /home/sahil/Desktop/ros_learn/slam_bot/install/my_robot_description/lib/python3.10/site-packages/my_robot_description/__init__.py to __init__.cpython-310.pyc
[0.884s] running install_data
[0.884s] creating /home/sahil/Desktop/ros_learn/slam_bot/install/my_robot_description/share/ament_index
[0.884s] creating /home/sahil/Desktop/ros_learn/slam_bot/install/my_robot_description/share/ament_index/resource_index
[0.885s] creating /home/sahil/Desktop/ros_learn/slam_bot/install/my_robot_description/share/ament_index/resource_index/packages
[0.885s] copying resource/my_robot_description -> /home/sahil/Desktop/ros_learn/slam_bot/install/my_robot_description/share/ament_index/resource_index/packages
[0.885s] copying package.xml -> /home/sahil/Desktop/ros_learn/slam_bot/install/my_robot_description/share/my_robot_description
[0.885s] creating /home/sahil/Desktop/ros_learn/slam_bot/install/my_robot_description/share/my_robot_description/urdf
[0.885s] copying urdf/my_robot.urdf.xml -> /home/sahil/Desktop/ros_learn/slam_bot/install/my_robot_description/share/my_robot_description/urdf
[0.885s] creating /home/sahil/Desktop/ros_learn/slam_bot/install/my_robot_description/share/my_robot_description/worlds
[0.885s] copying worlds/empty.sdf -> /home/sahil/Desktop/ros_learn/slam_bot/install/my_robot_description/share/my_robot_description/worlds
[0.885s] running install_egg_info
[0.886s] Copying ../../build/my_robot_description/my_robot_description.egg-info to /home/sahil/Desktop/ros_learn/slam_bot/install/my_robot_description/lib/python3.10/site-packages/my_robot_description-0.0.0-py3.10.egg-info
[0.886s] running install_scripts
[0.901s] writing list of installed files to '/home/sahil/Desktop/ros_learn/slam_bot/build/my_robot_description/install.log'
[0.923s] Invoked command in '/home/sahil/Desktop/ros_learn/slam_bot/src/my_robot_description' returned '0': PYTHONPATH=/home/sahil/Desktop/ros_learn/slam_bot/build/my_robot_description/prefix_override:/usr/lib/python3/dist-packages/colcon_core/task/python/colcon_distutils_commands:/home/sahil/Desktop/ros_learn/slam_bot/install/my_robot_description/lib/python3.10/site-packages:${PYTHONPATH} /usr/bin/python3 -W ignore:setup.py install is deprecated -W ignore:easy_install command is deprecated setup.py egg_info --egg-base ../../build/my_robot_description build --build-base /home/sahil/Desktop/ros_learn/slam_bot/build/my_robot_description/build install --record /home/sahil/Desktop/ros_learn/slam_bot/build/my_robot_description/install.log --single-version-externally-managed install_data
