[0.771s] Invoking command in '/home/sahil/Desktop/ros_learn/slam_bot/src/my_robot_description': PYTHONPATH=/home/sahil/Desktop/ros_learn/slam_bot/build/my_robot_description/prefix_override:/usr/lib/python3/dist-packages/colcon_core/task/python/colcon_distutils_commands:/home/sahil/Desktop/ros_learn/slam_bot/install/my_robot_description/lib/python3.10/site-packages:${PYTHONPATH} /usr/bin/python3 -W ignore:setup.py install is deprecated -W ignore:easy_install command is deprecated setup.py egg_info --egg-base ../../build/my_robot_description build --build-base /home/sahil/Desktop/ros_learn/slam_bot/build/my_robot_description/build install --record /home/sahil/Desktop/ros_learn/slam_bot/build/my_robot_description/install.log --single-version-externally-managed install_data
[0.923s] running egg_info
[0.923s] writing ../../build/my_robot_description/my_robot_description.egg-info/PKG-INFO
[0.924s] writing dependency_links to ../../build/my_robot_description/my_robot_description.egg-info/dependency_links.txt
[0.924s] writing entry points to ../../build/my_robot_description/my_robot_description.egg-info/entry_points.txt
[0.924s] writing requirements to ../../build/my_robot_description/my_robot_description.egg-info/requires.txt
[0.924s] writing top-level names to ../../build/my_robot_description/my_robot_description.egg-info/top_level.txt
[0.925s] reading manifest file '../../build/my_robot_description/my_robot_description.egg-info/SOURCES.txt'
[0.925s] adding license file 'LICENSE'
[0.925s] writing manifest file '../../build/my_robot_description/my_robot_description.egg-info/SOURCES.txt'
[0.926s] running build
[0.926s] running build_py
[0.926s] running install
[0.926s] running install_lib
[0.927s] running install_data
[0.927s] running install_egg_info
[0.928s] removing '/home/sahil/Desktop/ros_learn/slam_bot/install/my_robot_description/lib/python3.10/site-packages/my_robot_description-0.0.0-py3.10.egg-info' (and everything under it)
[0.929s] Copying ../../build/my_robot_description/my_robot_description.egg-info to /home/sahil/Desktop/ros_learn/slam_bot/install/my_robot_description/lib/python3.10/site-packages/my_robot_description-0.0.0-py3.10.egg-info
[0.929s] running install_scripts
[0.944s] writing list of installed files to '/home/sahil/Desktop/ros_learn/slam_bot/build/my_robot_description/install.log'
[0.967s] Invoked command in '/home/sahil/Desktop/ros_learn/slam_bot/src/my_robot_description' returned '0': PYTHONPATH=/home/sahil/Desktop/ros_learn/slam_bot/build/my_robot_description/prefix_override:/usr/lib/python3/dist-packages/colcon_core/task/python/colcon_distutils_commands:/home/sahil/Desktop/ros_learn/slam_bot/install/my_robot_description/lib/python3.10/site-packages:${PYTHONPATH} /usr/bin/python3 -W ignore:setup.py install is deprecated -W ignore:easy_install command is deprecated setup.py egg_info --egg-base ../../build/my_robot_description build --build-base /home/sahil/Desktop/ros_learn/slam_bot/build/my_robot_description/build install --record /home/sahil/Desktop/ros_learn/slam_bot/build/my_robot_description/install.log --single-version-externally-managed install_data
