[1.824s] Invoking command in '/home/sahil/Desktop/ros_learn/ros2_SLAM/slam_bot/src/my_robot_description': PYTHONPATH=/home/sahil/Desktop/ros_learn/ros2_SLAM/build/my_robot_description/prefix_override:/usr/lib/python3/dist-packages/colcon_core/task/python/colcon_distutils_commands:/home/sahil/Desktop/ros_learn/ros2_SLAM/install/my_robot_description/lib/python3.10/site-packages:${PYTHONPATH} /usr/bin/python3 -W ignore:setup.py install is deprecated -W ignore:easy_install command is deprecated setup.py egg_info --egg-base ../../../build/my_robot_description build --build-base /home/sahil/Desktop/ros_learn/ros2_SLAM/build/my_robot_description/build install --record /home/sahil/Desktop/ros_learn/ros2_SLAM/build/my_robot_description/install.log --single-version-externally-managed install_data
[2.098s] running egg_info
[2.098s] writing ../../../build/my_robot_description/my_robot_description.egg-info/PKG-INFO
[2.098s] writing dependency_links to ../../../build/my_robot_description/my_robot_description.egg-info/dependency_links.txt
[2.099s] writing entry points to ../../../build/my_robot_description/my_robot_description.egg-info/entry_points.txt
[2.099s] writing requirements to ../../../build/my_robot_description/my_robot_description.egg-info/requires.txt
[2.099s] writing top-level names to ../../../build/my_robot_description/my_robot_description.egg-info/top_level.txt
[2.102s] reading manifest file '../../../build/my_robot_description/my_robot_description.egg-info/SOURCES.txt'
[2.102s] adding license file 'LICENSE'
[2.103s] writing manifest file '../../../build/my_robot_description/my_robot_description.egg-info/SOURCES.txt'
[2.103s] running build
[2.103s] running build_py
[2.104s] running install
[2.104s] running install_lib
[2.105s] running install_data
[2.106s] running install_egg_info
[2.107s] removing '/home/sahil/Desktop/ros_learn/ros2_SLAM/install/my_robot_description/lib/python3.10/site-packages/my_robot_description-0.0.0-py3.10.egg-info' (and everything under it)
[2.108s] Copying ../../../build/my_robot_description/my_robot_description.egg-info to /home/sahil/Desktop/ros_learn/ros2_SLAM/install/my_robot_description/lib/python3.10/site-packages/my_robot_description-0.0.0-py3.10.egg-info
[2.109s] running install_scripts
[2.131s] writing list of installed files to '/home/sahil/Desktop/ros_learn/ros2_SLAM/build/my_robot_description/install.log'
[2.194s] Invoked command in '/home/sahil/Desktop/ros_learn/ros2_SLAM/slam_bot/src/my_robot_description' returned '0': PYTHONPATH=/home/sahil/Desktop/ros_learn/ros2_SLAM/build/my_robot_description/prefix_override:/usr/lib/python3/dist-packages/colcon_core/task/python/colcon_distutils_commands:/home/sahil/Desktop/ros_learn/ros2_SLAM/install/my_robot_description/lib/python3.10/site-packages:${PYTHONPATH} /usr/bin/python3 -W ignore:setup.py install is deprecated -W ignore:easy_install command is deprecated setup.py egg_info --egg-base ../../../build/my_robot_description build --build-base /home/sahil/Desktop/ros_learn/ros2_SLAM/build/my_robot_description/build install --record /home/sahil/Desktop/ros_learn/ros2_SLAM/build/my_robot_description/install.log --single-version-externally-managed install_data
