[1.841s] Invoking command in '/home/sahil/Desktop/ros_learn/ros2_SLAM/slam_bot/src/my_robot_control': PYTHONPATH=/home/sahil/Desktop/ros_learn/ros2_SLAM/build/my_robot_control/prefix_override:/usr/lib/python3/dist-packages/colcon_core/task/python/colcon_distutils_commands:/home/sahil/Desktop/ros_learn/ros2_SLAM/install/my_robot_control/lib/python3.10/site-packages:${PYTHONPATH} /usr/bin/python3 -W ignore:setup.py install is deprecated -W ignore:easy_install command is deprecated setup.py egg_info --egg-base ../../../build/my_robot_control build --build-base /home/sahil/Desktop/ros_learn/ros2_SLAM/build/my_robot_control/build install --record /home/sahil/Desktop/ros_learn/ros2_SLAM/build/my_robot_control/install.log --single-version-externally-managed install_data
[2.113s] running egg_info
[2.114s] writing ../../../build/my_robot_control/my_robot_control.egg-info/PKG-INFO
[2.114s] writing dependency_links to ../../../build/my_robot_control/my_robot_control.egg-info/dependency_links.txt
[2.115s] writing entry points to ../../../build/my_robot_control/my_robot_control.egg-info/entry_points.txt
[2.115s] writing requirements to ../../../build/my_robot_control/my_robot_control.egg-info/requires.txt
[2.115s] writing top-level names to ../../../build/my_robot_control/my_robot_control.egg-info/top_level.txt
[2.118s] reading manifest file '../../../build/my_robot_control/my_robot_control.egg-info/SOURCES.txt'
[2.118s] adding license file 'LICENSE'
[2.119s] writing manifest file '../../../build/my_robot_control/my_robot_control.egg-info/SOURCES.txt'
[2.119s] running build
[2.119s] running build_py
[2.119s] running install
[2.119s] running install_lib
[2.121s] running install_data
[2.121s] running install_egg_info
[2.123s] removing '/home/sahil/Desktop/ros_learn/ros2_SLAM/install/my_robot_control/lib/python3.10/site-packages/my_robot_control-0.0.0-py3.10.egg-info' (and everything under it)
[2.124s] Copying ../../../build/my_robot_control/my_robot_control.egg-info to /home/sahil/Desktop/ros_learn/ros2_SLAM/install/my_robot_control/lib/python3.10/site-packages/my_robot_control-0.0.0-py3.10.egg-info
[2.125s] running install_scripts
[2.149s] Installing simple_controller script to /home/sahil/Desktop/ros_learn/ros2_SLAM/install/my_robot_control/lib/my_robot_control
[2.149s] Installing square script to /home/sahil/Desktop/ros_learn/ros2_SLAM/install/my_robot_control/lib/my_robot_control
[2.149s] Installing truth script to /home/sahil/Desktop/ros_learn/ros2_SLAM/install/my_robot_control/lib/my_robot_control
[2.150s] writing list of installed files to '/home/sahil/Desktop/ros_learn/ros2_SLAM/build/my_robot_control/install.log'
[2.212s] Invoked command in '/home/sahil/Desktop/ros_learn/ros2_SLAM/slam_bot/src/my_robot_control' returned '0': PYTHONPATH=/home/sahil/Desktop/ros_learn/ros2_SLAM/build/my_robot_control/prefix_override:/usr/lib/python3/dist-packages/colcon_core/task/python/colcon_distutils_commands:/home/sahil/Desktop/ros_learn/ros2_SLAM/install/my_robot_control/lib/python3.10/site-packages:${PYTHONPATH} /usr/bin/python3 -W ignore:setup.py install is deprecated -W ignore:easy_install command is deprecated setup.py egg_info --egg-base ../../../build/my_robot_control build --build-base /home/sahil/Desktop/ros_learn/ros2_SLAM/build/my_robot_control/build install --record /home/sahil/Desktop/ros_learn/ros2_SLAM/build/my_robot_control/install.log --single-version-externally-managed install_data
