running egg_info
writing ../../../build/my_robot_bringup/my_robot_bringup.egg-info/PKG-INFO
writing dependency_links to ../../../build/my_robot_bringup/my_robot_bringup.egg-info/dependency_links.txt
writing entry points to ../../../build/my_robot_bringup/my_robot_bringup.egg-info/entry_points.txt
writing requirements to ../../../build/my_robot_bringup/my_robot_bringup.egg-info/requires.txt
writing top-level names to ../../../build/my_robot_bringup/my_robot_bringup.egg-info/top_level.txt
reading manifest file '../../../build/my_robot_bringup/my_robot_bringup.egg-info/SOURCES.txt'
adding license file 'LICENSE'
writing manifest file '../../../build/my_robot_bringup/my_robot_bringup.egg-info/SOURCES.txt'
running build
running build_py
running install
running install_lib
running install_data
copying config/nav2_params.yaml -> /home/sahil/Desktop/ros_learn/ros2_SLAM/install/my_robot_bringup/share/my_robot_bringup/config
running install_egg_info
removing '/home/sahil/Desktop/ros_learn/ros2_SLAM/install/my_robot_bringup/lib/python3.10/site-packages/my_robot_bringup-0.0.0-py3.10.egg-info' (and everything under it)
Copying ../../../build/my_robot_bringup/my_robot_bringup.egg-info to /home/sahil/Desktop/ros_learn/ros2_SLAM/install/my_robot_bringup/lib/python3.10/site-packages/my_robot_bringup-0.0.0-py3.10.egg-info
running install_scripts
writing list of installed files to '/home/sahil/Desktop/ros_learn/ros2_SLAM/build/my_robot_bringup/install.log'
