/home/sahil/Desktop/ros_learn/ros2_SLAM/install/my_robot_control/lib/python3.10/site-packages/my_robot_control/ground_truth.py
/home/sahil/Desktop/ros_learn/ros2_SLAM/install/my_robot_control/lib/python3.10/site-packages/my_robot_control/odom_tf_broadcaster.py
/home/sahil/Desktop/ros_learn/ros2_SLAM/install/my_robot_control/lib/python3.10/site-packages/my_robot_control/square_move.py
/home/sahil/Desktop/ros_learn/ros2_SLAM/install/my_robot_control/lib/python3.10/site-packages/my_robot_control/simple_controller.py
/home/sahil/Desktop/ros_learn/ros2_SLAM/install/my_robot_control/lib/python3.10/site-packages/my_robot_control/__init__.py
/home/sahil/Desktop/ros_learn/ros2_SLAM/install/my_robot_control/lib/python3.10/site-packages/my_robot_control/__pycache__/ground_truth.cpython-310.pyc
/home/sahil/Desktop/ros_learn/ros2_SLAM/install/my_robot_control/lib/python3.10/site-packages/my_robot_control/__pycache__/odom_tf_broadcaster.cpython-310.pyc
/home/sahil/Desktop/ros_learn/ros2_SLAM/install/my_robot_control/lib/python3.10/site-packages/my_robot_control/__pycache__/square_move.cpython-310.pyc
/home/sahil/Desktop/ros_learn/ros2_SLAM/install/my_robot_control/lib/python3.10/site-packages/my_robot_control/__pycache__/simple_controller.cpython-310.pyc
/home/sahil/Desktop/ros_learn/ros2_SLAM/install/my_robot_control/lib/python3.10/site-packages/my_robot_control/__pycache__/__init__.cpython-310.pyc
/home/sahil/Desktop/ros_learn/ros2_SLAM/install/my_robot_control/share/ament_index/resource_index/packages/my_robot_control
/home/sahil/Desktop/ros_learn/ros2_SLAM/install/my_robot_control/share/my_robot_control/package.xml
/home/sahil/Desktop/ros_learn/ros2_SLAM/install/my_robot_control/lib/python3.10/site-packages/my_robot_control-0.0.0-py3.10.egg-info/zip-safe
/home/sahil/Desktop/ros_learn/ros2_SLAM/install/my_robot_control/lib/python3.10/site-packages/my_robot_control-0.0.0-py3.10.egg-info/PKG-INFO
/home/sahil/Desktop/ros_learn/ros2_SLAM/install/my_robot_control/lib/python3.10/site-packages/my_robot_control-0.0.0-py3.10.egg-info/requires.txt
/home/sahil/Desktop/ros_learn/ros2_SLAM/install/my_robot_control/lib/python3.10/site-packages/my_robot_control-0.0.0-py3.10.egg-info/dependency_links.txt
/home/sahil/Desktop/ros_learn/ros2_SLAM/install/my_robot_control/lib/python3.10/site-packages/my_robot_control-0.0.0-py3.10.egg-info/entry_points.txt
/home/sahil/Desktop/ros_learn/ros2_SLAM/install/my_robot_control/lib/python3.10/site-packages/my_robot_control-0.0.0-py3.10.egg-info/top_level.txt
/home/sahil/Desktop/ros_learn/ros2_SLAM/install/my_robot_control/lib/python3.10/site-packages/my_robot_control-0.0.0-py3.10.egg-info/SOURCES.txt
/home/sahil/Desktop/ros_learn/ros2_SLAM/install/my_robot_control/lib/my_robot_control/odom_broadcast
/home/sahil/Desktop/ros_learn/ros2_SLAM/install/my_robot_control/lib/my_robot_control/simple_controller
/home/sahil/Desktop/ros_learn/ros2_SLAM/install/my_robot_control/lib/my_robot_control/square
/home/sahil/Desktop/ros_learn/ros2_SLAM/install/my_robot_control/lib/my_robot_control/truth
