[0.836s] Invoking command in '/home/sahil/Desktop/ros_learn/ros2_SLAM/slam_bot/src/my_robot_bringup': PYTHONPATH=/home/sahil/Desktop/ros_learn/ros2_SLAM/build/my_robot_bringup/prefix_override:/usr/lib/python3/dist-packages/colcon_core/task/python/colcon_distutils_commands:/home/sahil/Desktop/ros_learn/ros2_SLAM/install/my_robot_bringup/lib/python3.10/site-packages:${PYTHONPATH} /usr/bin/python3 -W ignore:setup.py install is deprecated -W ignore:easy_install command is deprecated setup.py egg_info --egg-base ../../../build/my_robot_bringup build --build-base /home/sahil/Desktop/ros_learn/ros2_SLAM/build/my_robot_bringup/build install --record /home/sahil/Desktop/ros_learn/ros2_SLAM/build/my_robot_bringup/install.log --single-version-externally-managed install_data
[0.997s] running egg_info
[0.997s] writing ../../../build/my_robot_bringup/my_robot_bringup.egg-info/PKG-INFO
[0.997s] writing dependency_links to ../../../build/my_robot_bringup/my_robot_bringup.egg-info/dependency_links.txt
[0.997s] writing entry points to ../../../build/my_robot_bringup/my_robot_bringup.egg-info/entry_points.txt
[0.997s] writing requirements to ../../../build/my_robot_bringup/my_robot_bringup.egg-info/requires.txt
[0.998s] writing top-level names to ../../../build/my_robot_bringup/my_robot_bringup.egg-info/top_level.txt
[0.999s] reading manifest file '../../../build/my_robot_bringup/my_robot_bringup.egg-info/SOURCES.txt'
[0.999s] adding license file 'LICENSE'
[0.999s] writing manifest file '../../../build/my_robot_bringup/my_robot_bringup.egg-info/SOURCES.txt'
[0.999s] running build
[1.000s] running build_py
[1.000s] running install
[1.000s] running install_lib
[1.001s] running install_data
[1.001s] copying launch/simulation.launch.py -> /home/sahil/Desktop/ros_learn/ros2_SLAM/install/my_robot_bringup/share/my_robot_bringup/launch
[1.001s] running install_egg_info
[1.002s] removing '/home/sahil/Desktop/ros_learn/ros2_SLAM/install/my_robot_bringup/lib/python3.10/site-packages/my_robot_bringup-0.0.0-py3.10.egg-info' (and everything under it)
[1.002s] Copying ../../../build/my_robot_bringup/my_robot_bringup.egg-info to /home/sahil/Desktop/ros_learn/ros2_SLAM/install/my_robot_bringup/lib/python3.10/site-packages/my_robot_bringup-0.0.0-py3.10.egg-info
[1.003s] running install_scripts
[1.018s] writing list of installed files to '/home/sahil/Desktop/ros_learn/ros2_SLAM/build/my_robot_bringup/install.log'
[1.055s] Invoked command in '/home/sahil/Desktop/ros_learn/ros2_SLAM/slam_bot/src/my_robot_bringup' returned '0': PYTHONPATH=/home/sahil/Desktop/ros_learn/ros2_SLAM/build/my_robot_bringup/prefix_override:/usr/lib/python3/dist-packages/colcon_core/task/python/colcon_distutils_commands:/home/sahil/Desktop/ros_learn/ros2_SLAM/install/my_robot_bringup/lib/python3.10/site-packages:${PYTHONPATH} /usr/bin/python3 -W ignore:setup.py install is deprecated -W ignore:easy_install command is deprecated setup.py egg_info --egg-base ../../../build/my_robot_bringup build --build-base /home/sahil/Desktop/ros_learn/ros2_SLAM/build/my_robot_bringup/build install --record /home/sahil/Desktop/ros_learn/ros2_SLAM/build/my_robot_bringup/install.log --single-version-externally-managed install_data
