[0.069s] DEBUG:colcon:Command line arguments: ['/usr/bin/colcon', 'build']
[0.069s] DEBUG:colcon:Parsed command line arguments: Namespace(log_base=None, log_level=None, verb_name='build', build_base='build', install_base='install', merge_install=False, symlink_install=False, test_result_base=None, continue_on_error=False, executor='parallel', parallel_workers=16, event_handlers=None, ignore_user_meta=False, metas=['./colcon.meta'], base_paths=['.'], packages_ignore=None, packages_ignore_regex=None, paths=None, packages_up_to=None, packages_up_to_regex=None, packages_above=None, packages_above_and_dependencies=None, packages_above_depth=None, packages_select_by_dep=None, packages_skip_by_dep=None, packages_skip_up_to=None, packages_select_build_failed=False, packages_skip_build_finished=False, packages_select_test_failures=False, packages_skip_test_passed=False, packages_select=None, packages_skip=None, packages_select_regex=None, packages_skip_regex=None, packages_start=None, packages_end=None, allow_overriding=[], cmake_args=None, cmake_target=None, cmake_target_skip_unavailable=False, cmake_clean_cache=False, cmake_clean_first=False, cmake_force_configure=False, ament_cmake_args=None, catkin_cmake_args=None, catkin_skip_building_tests=False, mixin_files=None, mixin=None, verb_parser=<colcon_mixin.mixin.mixin_argument.MixinArgumentDecorator object at 0x794f2a56f8e0>, verb_extension=<colcon_core.verb.build.BuildVerb object at 0x794f2a56f250>, main=<bound method BuildVerb.main of <colcon_core.verb.build.BuildVerb object at 0x794f2a56f250>>, mixin_verb=('build',))
[0.180s] Level 1:colcon.colcon_core.package_discovery:discover_packages(colcon_meta) check parameters
[0.180s] Level 1:colcon.colcon_core.package_discovery:discover_packages(recursive) check parameters
[0.180s] Level 1:colcon.colcon_core.package_discovery:discover_packages(ignore) check parameters
[0.180s] Level 1:colcon.colcon_core.package_discovery:discover_packages(path) check parameters
[0.180s] Level 1:colcon.colcon_core.package_discovery:discover_packages(colcon_meta) discover
[0.180s] Level 1:colcon.colcon_core.package_discovery:discover_packages(recursive) discover
[0.180s] INFO:colcon.colcon_core.package_discovery:Crawling recursively for packages in '/home/sahil/Desktop/ros_learn/slam_bot'
[0.180s] Level 1:colcon.colcon_core.package_identification:_identify(.) by extensions ['ignore', 'ignore_ament_install']
[0.181s] Level 1:colcon.colcon_core.package_identification:_identify(.) by extension 'ignore'
[0.181s] Level 1:colcon.colcon_core.package_identification:_identify(.) by extension 'ignore_ament_install'
[0.181s] Level 1:colcon.colcon_core.package_identification:_identify(.) by extensions ['colcon_pkg']
[0.181s] Level 1:colcon.colcon_core.package_identification:_identify(.) by extension 'colcon_pkg'
[0.181s] Level 1:colcon.colcon_core.package_identification:_identify(.) by extensions ['colcon_meta']
[0.181s] Level 1:colcon.colcon_core.package_identification:_identify(.) by extension 'colcon_meta'
[0.181s] Level 1:colcon.colcon_core.package_identification:_identify(.) by extensions ['ros']
[0.181s] Level 1:colcon.colcon_core.package_identification:_identify(.) by extension 'ros'
[0.193s] Level 1:colcon.colcon_core.package_identification:_identify(.) by extensions ['cmake', 'python']
[0.193s] Level 1:colcon.colcon_core.package_identification:_identify(.) by extension 'cmake'
[0.193s] Level 1:colcon.colcon_core.package_identification:_identify(.) by extension 'python'
[0.193s] Level 1:colcon.colcon_core.package_identification:_identify(.) by extensions ['python_setup_py']
[0.193s] Level 1:colcon.colcon_core.package_identification:_identify(.) by extension 'python_setup_py'
[0.193s] Level 1:colcon.colcon_core.package_identification:_identify(build) by extensions ['ignore', 'ignore_ament_install']
[0.193s] Level 1:colcon.colcon_core.package_identification:_identify(build) by extension 'ignore'
[0.193s] Level 1:colcon.colcon_core.package_identification:_identify(build) ignored
[0.194s] Level 1:colcon.colcon_core.package_identification:_identify(install) by extensions ['ignore', 'ignore_ament_install']
[0.194s] Level 1:colcon.colcon_core.package_identification:_identify(install) by extension 'ignore'
[0.194s] Level 1:colcon.colcon_core.package_identification:_identify(install) ignored
[0.194s] Level 1:colcon.colcon_core.package_identification:_identify(log) by extensions ['ignore', 'ignore_ament_install']
[0.194s] Level 1:colcon.colcon_core.package_identification:_identify(log) by extension 'ignore'
[0.194s] Level 1:colcon.colcon_core.package_identification:_identify(log) ignored
[0.194s] Level 1:colcon.colcon_core.package_identification:_identify(src) by extensions ['ignore', 'ignore_ament_install']
[0.194s] Level 1:colcon.colcon_core.package_identification:_identify(src) by extension 'ignore'
[0.194s] Level 1:colcon.colcon_core.package_identification:_identify(src) by extension 'ignore_ament_install'
[0.194s] Level 1:colcon.colcon_core.package_identification:_identify(src) by extensions ['colcon_pkg']
[0.194s] Level 1:colcon.colcon_core.package_identification:_identify(src) by extension 'colcon_pkg'
[0.194s] Level 1:colcon.colcon_core.package_identification:_identify(src) by extensions ['colcon_meta']
[0.194s] Level 1:colcon.colcon_core.package_identification:_identify(src) by extension 'colcon_meta'
[0.194s] Level 1:colcon.colcon_core.package_identification:_identify(src) by extensions ['ros']
[0.194s] Level 1:colcon.colcon_core.package_identification:_identify(src) by extension 'ros'
[0.194s] Level 1:colcon.colcon_core.package_identification:_identify(src) by extensions ['cmake', 'python']
[0.194s] Level 1:colcon.colcon_core.package_identification:_identify(src) by extension 'cmake'
[0.194s] Level 1:colcon.colcon_core.package_identification:_identify(src) by extension 'python'
[0.194s] Level 1:colcon.colcon_core.package_identification:_identify(src) by extensions ['python_setup_py']
[0.194s] Level 1:colcon.colcon_core.package_identification:_identify(src) by extension 'python_setup_py'
[0.194s] Level 1:colcon.colcon_core.package_identification:_identify(src/my_robot_bringup) by extensions ['ignore', 'ignore_ament_install']
[0.194s] Level 1:colcon.colcon_core.package_identification:_identify(src/my_robot_bringup) by extension 'ignore'
[0.194s] Level 1:colcon.colcon_core.package_identification:_identify(src/my_robot_bringup) by extension 'ignore_ament_install'
[0.194s] Level 1:colcon.colcon_core.package_identification:_identify(src/my_robot_bringup) by extensions ['colcon_pkg']
[0.194s] Level 1:colcon.colcon_core.package_identification:_identify(src/my_robot_bringup) by extension 'colcon_pkg'
[0.194s] Level 1:colcon.colcon_core.package_identification:_identify(src/my_robot_bringup) by extensions ['colcon_meta']
[0.194s] Level 1:colcon.colcon_core.package_identification:_identify(src/my_robot_bringup) by extension 'colcon_meta'
[0.194s] Level 1:colcon.colcon_core.package_identification:_identify(src/my_robot_bringup) by extensions ['ros']
[0.194s] Level 1:colcon.colcon_core.package_identification:_identify(src/my_robot_bringup) by extension 'ros'
[0.196s] DEBUG:colcon.colcon_core.package_identification:Package 'src/my_robot_bringup' with type 'ros.ament_python' and name 'my_robot_bringup'
[0.196s] Level 1:colcon.colcon_core.package_identification:_identify(src/my_robot_control) by extensions ['ignore', 'ignore_ament_install']
[0.197s] Level 1:colcon.colcon_core.package_identification:_identify(src/my_robot_control) by extension 'ignore'
[0.197s] Level 1:colcon.colcon_core.package_identification:_identify(src/my_robot_control) by extension 'ignore_ament_install'
[0.197s] Level 1:colcon.colcon_core.package_identification:_identify(src/my_robot_control) by extensions ['colcon_pkg']
[0.198s] Level 1:colcon.colcon_core.package_identification:_identify(src/my_robot_control) by extension 'colcon_pkg'
[0.198s] Level 1:colcon.colcon_core.package_identification:_identify(src/my_robot_control) by extensions ['colcon_meta']
[0.198s] Level 1:colcon.colcon_core.package_identification:_identify(src/my_robot_control) by extension 'colcon_meta'
[0.198s] Level 1:colcon.colcon_core.package_identification:_identify(src/my_robot_control) by extensions ['ros']
[0.198s] Level 1:colcon.colcon_core.package_identification:_identify(src/my_robot_control) by extension 'ros'
[0.199s] DEBUG:colcon.colcon_core.package_identification:Package 'src/my_robot_control' with type 'ros.ament_python' and name 'my_robot_control'
[0.199s] Level 1:colcon.colcon_core.package_identification:_identify(src/my_robot_description) by extensions ['ignore', 'ignore_ament_install']
[0.199s] Level 1:colcon.colcon_core.package_identification:_identify(src/my_robot_description) by extension 'ignore'
[0.199s] Level 1:colcon.colcon_core.package_identification:_identify(src/my_robot_description) by extension 'ignore_ament_install'
[0.199s] Level 1:colcon.colcon_core.package_identification:_identify(src/my_robot_description) by extensions ['colcon_pkg']
[0.199s] Level 1:colcon.colcon_core.package_identification:_identify(src/my_robot_description) by extension 'colcon_pkg'
[0.199s] Level 1:colcon.colcon_core.package_identification:_identify(src/my_robot_description) by extensions ['colcon_meta']
[0.199s] Level 1:colcon.colcon_core.package_identification:_identify(src/my_robot_description) by extension 'colcon_meta'
[0.199s] Level 1:colcon.colcon_core.package_identification:_identify(src/my_robot_description) by extensions ['ros']
[0.199s] Level 1:colcon.colcon_core.package_identification:_identify(src/my_robot_description) by extension 'ros'
[0.199s] DEBUG:colcon.colcon_core.package_identification:Package 'src/my_robot_description' with type 'ros.ament_python' and name 'my_robot_description'
[0.199s] Level 1:colcon.colcon_core.package_discovery:discover_packages(recursive) using defaults
[0.199s] Level 1:colcon.colcon_core.package_discovery:discover_packages(ignore) discover
[0.199s] Level 1:colcon.colcon_core.package_discovery:discover_packages(ignore) using defaults
[0.199s] Level 1:colcon.colcon_core.package_discovery:discover_packages(path) discover
[0.199s] Level 1:colcon.colcon_core.package_discovery:discover_packages(path) using defaults
[0.212s] Level 1:colcon.colcon_core.package_discovery:discover_packages(prefix_path) check parameters
[0.212s] Level 1:colcon.colcon_core.package_discovery:discover_packages(prefix_path) discover
[0.213s] DEBUG:colcon.colcon_installed_package_information.package_discovery:Found 3 installed packages in /home/sahil/Desktop/ros_learn/slam_bot/install
[0.214s] DEBUG:colcon.colcon_installed_package_information.package_discovery:Found 361 installed packages in /opt/ros/humble
[0.215s] Level 1:colcon.colcon_core.package_discovery:discover_packages(prefix_path) using defaults
[0.243s] Level 5:colcon.colcon_core.verb:set package 'my_robot_bringup' build argument 'cmake_args' from command line to 'None'
[0.243s] Level 5:colcon.colcon_core.verb:set package 'my_robot_bringup' build argument 'cmake_target' from command line to 'None'
[0.243s] Level 5:colcon.colcon_core.verb:set package 'my_robot_bringup' build argument 'cmake_target_skip_unavailable' from command line to 'False'
[0.243s] Level 5:colcon.colcon_core.verb:set package 'my_robot_bringup' build argument 'cmake_clean_cache' from command line to 'False'
[0.243s] Level 5:colcon.colcon_core.verb:set package 'my_robot_bringup' build argument 'cmake_clean_first' from command line to 'False'
[0.243s] Level 5:colcon.colcon_core.verb:set package 'my_robot_bringup' build argument 'cmake_force_configure' from command line to 'False'
[0.243s] Level 5:colcon.colcon_core.verb:set package 'my_robot_bringup' build argument 'ament_cmake_args' from command line to 'None'
[0.243s] Level 5:colcon.colcon_core.verb:set package 'my_robot_bringup' build argument 'catkin_cmake_args' from command line to 'None'
[0.243s] Level 5:colcon.colcon_core.verb:set package 'my_robot_bringup' build argument 'catkin_skip_building_tests' from command line to 'False'
[0.243s] DEBUG:colcon.colcon_core.verb:Building package 'my_robot_bringup' with the following arguments: {'ament_cmake_args': None, 'build_base': '/home/sahil/Desktop/ros_learn/slam_bot/build/my_robot_bringup', 'catkin_cmake_args': None, 'catkin_skip_building_tests': False, 'cmake_args': None, 'cmake_clean_cache': False, 'cmake_clean_first': False, 'cmake_force_configure': False, 'cmake_target': None, 'cmake_target_skip_unavailable': False, 'install_base': '/home/sahil/Desktop/ros_learn/slam_bot/install/my_robot_bringup', 'merge_install': False, 'path': '/home/sahil/Desktop/ros_learn/slam_bot/src/my_robot_bringup', 'symlink_install': False, 'test_result_base': None}
[0.243s] Level 5:colcon.colcon_core.verb:set package 'my_robot_control' build argument 'cmake_args' from command line to 'None'
[0.243s] Level 5:colcon.colcon_core.verb:set package 'my_robot_control' build argument 'cmake_target' from command line to 'None'
[0.243s] Level 5:colcon.colcon_core.verb:set package 'my_robot_control' build argument 'cmake_target_skip_unavailable' from command line to 'False'
[0.243s] Level 5:colcon.colcon_core.verb:set package 'my_robot_control' build argument 'cmake_clean_cache' from command line to 'False'
[0.243s] Level 5:colcon.colcon_core.verb:set package 'my_robot_control' build argument 'cmake_clean_first' from command line to 'False'
[0.243s] Level 5:colcon.colcon_core.verb:set package 'my_robot_control' build argument 'cmake_force_configure' from command line to 'False'
[0.243s] Level 5:colcon.colcon_core.verb:set package 'my_robot_control' build argument 'ament_cmake_args' from command line to 'None'
[0.243s] Level 5:colcon.colcon_core.verb:set package 'my_robot_control' build argument 'catkin_cmake_args' from command line to 'None'
[0.243s] Level 5:colcon.colcon_core.verb:set package 'my_robot_control' build argument 'catkin_skip_building_tests' from command line to 'False'
[0.243s] DEBUG:colcon.colcon_core.verb:Building package 'my_robot_control' with the following arguments: {'ament_cmake_args': None, 'build_base': '/home/sahil/Desktop/ros_learn/slam_bot/build/my_robot_control', 'catkin_cmake_args': None, 'catkin_skip_building_tests': False, 'cmake_args': None, 'cmake_clean_cache': False, 'cmake_clean_first': False, 'cmake_force_configure': False, 'cmake_target': None, 'cmake_target_skip_unavailable': False, 'install_base': '/home/sahil/Desktop/ros_learn/slam_bot/install/my_robot_control', 'merge_install': False, 'path': '/home/sahil/Desktop/ros_learn/slam_bot/src/my_robot_control', 'symlink_install': False, 'test_result_base': None}
[0.243s] Level 5:colcon.colcon_core.verb:set package 'my_robot_description' build argument 'cmake_args' from command line to 'None'
[0.243s] Level 5:colcon.colcon_core.verb:set package 'my_robot_description' build argument 'cmake_target' from command line to 'None'
[0.243s] Level 5:colcon.colcon_core.verb:set package 'my_robot_description' build argument 'cmake_target_skip_unavailable' from command line to 'False'
[0.243s] Level 5:colcon.colcon_core.verb:set package 'my_robot_description' build argument 'cmake_clean_cache' from command line to 'False'
[0.243s] Level 5:colcon.colcon_core.verb:set package 'my_robot_description' build argument 'cmake_clean_first' from command line to 'False'
[0.243s] Level 5:colcon.colcon_core.verb:set package 'my_robot_description' build argument 'cmake_force_configure' from command line to 'False'
[0.243s] Level 5:colcon.colcon_core.verb:set package 'my_robot_description' build argument 'ament_cmake_args' from command line to 'None'
[0.243s] Level 5:colcon.colcon_core.verb:set package 'my_robot_description' build argument 'catkin_cmake_args' from command line to 'None'
[0.243s] Level 5:colcon.colcon_core.verb:set package 'my_robot_description' build argument 'catkin_skip_building_tests' from command line to 'False'
[0.243s] DEBUG:colcon.colcon_core.verb:Building package 'my_robot_description' with the following arguments: {'ament_cmake_args': None, 'build_base': '/home/sahil/Desktop/ros_learn/slam_bot/build/my_robot_description', 'catkin_cmake_args': None, 'catkin_skip_building_tests': False, 'cmake_args': None, 'cmake_clean_cache': False, 'cmake_clean_first': False, 'cmake_force_configure': False, 'cmake_target': None, 'cmake_target_skip_unavailable': False, 'install_base': '/home/sahil/Desktop/ros_learn/slam_bot/install/my_robot_description', 'merge_install': False, 'path': '/home/sahil/Desktop/ros_learn/slam_bot/src/my_robot_description', 'symlink_install': False, 'test_result_base': None}
[0.243s] INFO:colcon.colcon_core.executor:Executing jobs using 'parallel' executor
[0.244s] DEBUG:colcon.colcon_parallel_executor.executor.parallel:run_until_complete
[0.244s] INFO:colcon.colcon_ros.task.ament_python.build:Building ROS package in '/home/sahil/Desktop/ros_learn/slam_bot/src/my_robot_bringup' with build type 'ament_python'
[0.244s] Level 1:colcon.colcon_core.shell:create_environment_hook('my_robot_bringup', 'ament_prefix_path')
[0.245s] INFO:colcon.colcon_core.plugin_system:Skipping extension 'colcon_core.shell.bat': Not used on non-Windows systems
[0.246s] INFO:colcon.colcon_core.shell:Creating environment hook '/home/sahil/Desktop/ros_learn/slam_bot/install/my_robot_bringup/share/my_robot_bringup/hook/ament_prefix_path.ps1'
[0.246s] INFO:colcon.colcon_core.shell:Creating environment descriptor '/home/sahil/Desktop/ros_learn/slam_bot/install/my_robot_bringup/share/my_robot_bringup/hook/ament_prefix_path.dsv'
[0.246s] INFO:colcon.colcon_core.shell:Creating environment hook '/home/sahil/Desktop/ros_learn/slam_bot/install/my_robot_bringup/share/my_robot_bringup/hook/ament_prefix_path.sh'
[0.247s] INFO:colcon.colcon_core.shell:Skip shell extension 'powershell' for command environment: Not usable outside of PowerShell
[0.247s] DEBUG:colcon.colcon_core.shell:Skip shell extension 'dsv' for command environment
[0.249s] INFO:colcon.colcon_ros.task.ament_python.build:Building ROS package in '/home/sahil/Desktop/ros_learn/slam_bot/src/my_robot_control' with build type 'ament_python'
[0.250s] Level 1:colcon.colcon_core.shell:create_environment_hook('my_robot_control', 'ament_prefix_path')
[0.250s] INFO:colcon.colcon_core.shell:Creating environment hook '/home/sahil/Desktop/ros_learn/slam_bot/install/my_robot_control/share/my_robot_control/hook/ament_prefix_path.ps1'
[0.251s] INFO:colcon.colcon_core.shell:Creating environment descriptor '/home/sahil/Desktop/ros_learn/slam_bot/install/my_robot_control/share/my_robot_control/hook/ament_prefix_path.dsv'
[0.251s] INFO:colcon.colcon_core.shell:Creating environment hook '/home/sahil/Desktop/ros_learn/slam_bot/install/my_robot_control/share/my_robot_control/hook/ament_prefix_path.sh'
[0.251s] INFO:colcon.colcon_core.shell:Skip shell extension 'powershell' for command environment: Not usable outside of PowerShell
[0.251s] DEBUG:colcon.colcon_core.shell:Skip shell extension 'dsv' for command environment
[0.254s] INFO:colcon.colcon_ros.task.ament_python.build:Building ROS package in '/home/sahil/Desktop/ros_learn/slam_bot/src/my_robot_description' with build type 'ament_python'
[0.254s] Level 1:colcon.colcon_core.shell:create_environment_hook('my_robot_description', 'ament_prefix_path')
[0.254s] INFO:colcon.colcon_core.shell:Creating environment hook '/home/sahil/Desktop/ros_learn/slam_bot/install/my_robot_description/share/my_robot_description/hook/ament_prefix_path.ps1'
[0.255s] INFO:colcon.colcon_core.shell:Creating environment descriptor '/home/sahil/Desktop/ros_learn/slam_bot/install/my_robot_description/share/my_robot_description/hook/ament_prefix_path.dsv'
[0.255s] INFO:colcon.colcon_core.shell:Creating environment hook '/home/sahil/Desktop/ros_learn/slam_bot/install/my_robot_description/share/my_robot_description/hook/ament_prefix_path.sh'
[0.255s] INFO:colcon.colcon_core.shell:Skip shell extension 'powershell' for command environment: Not usable outside of PowerShell
[0.255s] DEBUG:colcon.colcon_core.shell:Skip shell extension 'dsv' for command environment
[0.438s] INFO:colcon.colcon_core.task.python.build:Building Python package in '/home/sahil/Desktop/ros_learn/slam_bot/src/my_robot_bringup'
[0.438s] INFO:colcon.colcon_core.shell:Skip shell extension 'powershell' for command environment: Not usable outside of PowerShell
[0.438s] DEBUG:colcon.colcon_core.shell:Skip shell extension 'dsv' for command environment
[0.623s] INFO:colcon.colcon_core.task.python.build:Building Python package in '/home/sahil/Desktop/ros_learn/slam_bot/src/my_robot_control'
[0.624s] INFO:colcon.colcon_core.shell:Skip shell extension 'powershell' for command environment: Not usable outside of PowerShell
[0.624s] DEBUG:colcon.colcon_core.shell:Skip shell extension 'dsv' for command environment
[0.798s] INFO:colcon.colcon_core.task.python.build:Building Python package in '/home/sahil/Desktop/ros_learn/slam_bot/src/my_robot_description'
[0.799s] INFO:colcon.colcon_core.shell:Skip shell extension 'powershell' for command environment: Not usable outside of PowerShell
[0.799s] DEBUG:colcon.colcon_core.shell:Skip shell extension 'dsv' for command environment
[1.082s] DEBUG:colcon.colcon_core.event_handler.log_command:Invoking command in '/home/sahil/Desktop/ros_learn/slam_bot/src/my_robot_bringup': PYTHONPATH=/home/sahil/Desktop/ros_learn/slam_bot/build/my_robot_bringup/prefix_override:/usr/lib/python3/dist-packages/colcon_core/task/python/colcon_distutils_commands:/home/sahil/Desktop/ros_learn/slam_bot/install/my_robot_bringup/lib/python3.10/site-packages:${PYTHONPATH} /usr/bin/python3 -W ignore:setup.py install is deprecated -W ignore:easy_install command is deprecated setup.py egg_info --egg-base ../../build/my_robot_bringup build --build-base /home/sahil/Desktop/ros_learn/slam_bot/build/my_robot_bringup/build install --record /home/sahil/Desktop/ros_learn/slam_bot/build/my_robot_bringup/install.log --single-version-externally-managed install_data
[1.084s] DEBUG:colcon.colcon_core.event_handler.log_command:Invoking command in '/home/sahil/Desktop/ros_learn/slam_bot/src/my_robot_control': PYTHONPATH=/home/sahil/Desktop/ros_learn/slam_bot/build/my_robot_control/prefix_override:/usr/lib/python3/dist-packages/colcon_core/task/python/colcon_distutils_commands:/home/sahil/Desktop/ros_learn/slam_bot/install/my_robot_control/lib/python3.10/site-packages:${PYTHONPATH} /usr/bin/python3 -W ignore:setup.py install is deprecated -W ignore:easy_install command is deprecated setup.py egg_info --egg-base ../../build/my_robot_control build --build-base /home/sahil/Desktop/ros_learn/slam_bot/build/my_robot_control/build install --record /home/sahil/Desktop/ros_learn/slam_bot/build/my_robot_control/install.log --single-version-externally-managed install_data
[1.085s] DEBUG:colcon.colcon_core.event_handler.log_command:Invoking command in '/home/sahil/Desktop/ros_learn/slam_bot/src/my_robot_description': PYTHONPATH=/home/sahil/Desktop/ros_learn/slam_bot/build/my_robot_description/prefix_override:/usr/lib/python3/dist-packages/colcon_core/task/python/colcon_distutils_commands:/home/sahil/Desktop/ros_learn/slam_bot/install/my_robot_description/lib/python3.10/site-packages:${PYTHONPATH} /usr/bin/python3 -W ignore:setup.py install is deprecated -W ignore:easy_install command is deprecated setup.py egg_info --egg-base ../../build/my_robot_description build --build-base /home/sahil/Desktop/ros_learn/slam_bot/build/my_robot_description/build install --record /home/sahil/Desktop/ros_learn/slam_bot/build/my_robot_description/install.log --single-version-externally-managed install_data
[1.292s] DEBUG:colcon.colcon_core.event_handler.log_command:Invoked command in '/home/sahil/Desktop/ros_learn/slam_bot/src/my_robot_bringup' returned '0': PYTHONPATH=/home/sahil/Desktop/ros_learn/slam_bot/build/my_robot_bringup/prefix_override:/usr/lib/python3/dist-packages/colcon_core/task/python/colcon_distutils_commands:/home/sahil/Desktop/ros_learn/slam_bot/install/my_robot_bringup/lib/python3.10/site-packages:${PYTHONPATH} /usr/bin/python3 -W ignore:setup.py install is deprecated -W ignore:easy_install command is deprecated setup.py egg_info --egg-base ../../build/my_robot_bringup build --build-base /home/sahil/Desktop/ros_learn/slam_bot/build/my_robot_bringup/build install --record /home/sahil/Desktop/ros_learn/slam_bot/build/my_robot_bringup/install.log --single-version-externally-managed install_data
[1.293s] Level 1:colcon.colcon_core.environment:checking '/home/sahil/Desktop/ros_learn/slam_bot/install/my_robot_bringup' for CMake module files
[1.293s] Level 1:colcon.colcon_core.environment:checking '/home/sahil/Desktop/ros_learn/slam_bot/install/my_robot_bringup' for CMake config files
[1.294s] Level 1:colcon.colcon_core.environment:checking '/home/sahil/Desktop/ros_learn/slam_bot/install/my_robot_bringup/lib'
[1.294s] Level 1:colcon.colcon_core.environment:checking '/home/sahil/Desktop/ros_learn/slam_bot/install/my_robot_bringup/bin'
[1.294s] Level 1:colcon.colcon_core.environment:checking '/home/sahil/Desktop/ros_learn/slam_bot/install/my_robot_bringup/lib/pkgconfig/my_robot_bringup.pc'
[1.294s] Level 1:colcon.colcon_core.environment:checking '/home/sahil/Desktop/ros_learn/slam_bot/install/my_robot_bringup/lib/python3.10/site-packages'
[1.294s] Level 1:colcon.colcon_core.shell:create_environment_hook('my_robot_bringup', 'pythonpath')
[1.294s] INFO:colcon.colcon_core.shell:Creating environment hook '/home/sahil/Desktop/ros_learn/slam_bot/install/my_robot_bringup/share/my_robot_bringup/hook/pythonpath.ps1'
[1.295s] INFO:colcon.colcon_core.shell:Creating environment descriptor '/home/sahil/Desktop/ros_learn/slam_bot/install/my_robot_bringup/share/my_robot_bringup/hook/pythonpath.dsv'
[1.295s] INFO:colcon.colcon_core.shell:Creating environment hook '/home/sahil/Desktop/ros_learn/slam_bot/install/my_robot_bringup/share/my_robot_bringup/hook/pythonpath.sh'
[1.295s] Level 1:colcon.colcon_core.environment:checking '/home/sahil/Desktop/ros_learn/slam_bot/install/my_robot_bringup/bin'
[1.295s] Level 1:colcon.colcon_core.environment:create_environment_scripts_only(my_robot_bringup)
[1.296s] INFO:colcon.colcon_core.shell:Creating package script '/home/sahil/Desktop/ros_learn/slam_bot/install/my_robot_bringup/share/my_robot_bringup/package.ps1'
[1.296s] INFO:colcon.colcon_core.shell:Creating package descriptor '/home/sahil/Desktop/ros_learn/slam_bot/install/my_robot_bringup/share/my_robot_bringup/package.dsv'
[1.297s] INFO:colcon.colcon_core.shell:Creating package script '/home/sahil/Desktop/ros_learn/slam_bot/install/my_robot_bringup/share/my_robot_bringup/package.sh'
[1.297s] INFO:colcon.colcon_core.shell:Creating package script '/home/sahil/Desktop/ros_learn/slam_bot/install/my_robot_bringup/share/my_robot_bringup/package.bash'
[1.297s] INFO:colcon.colcon_core.shell:Creating package script '/home/sahil/Desktop/ros_learn/slam_bot/install/my_robot_bringup/share/my_robot_bringup/package.zsh'
[1.298s] Level 1:colcon.colcon_core.environment:create_file_with_runtime_dependencies(/home/sahil/Desktop/ros_learn/slam_bot/install/my_robot_bringup/share/colcon-core/packages/my_robot_bringup)
[1.299s] Level 1:colcon.colcon_core.environment:checking '/home/sahil/Desktop/ros_learn/slam_bot/install/my_robot_control' for CMake module files
[1.299s] DEBUG:colcon.colcon_core.event_handler.log_command:Invoked command in '/home/sahil/Desktop/ros_learn/slam_bot/src/my_robot_control' returned '0': PYTHONPATH=/home/sahil/Desktop/ros_learn/slam_bot/build/my_robot_control/prefix_override:/usr/lib/python3/dist-packages/colcon_core/task/python/colcon_distutils_commands:/home/sahil/Desktop/ros_learn/slam_bot/install/my_robot_control/lib/python3.10/site-packages:${PYTHONPATH} /usr/bin/python3 -W ignore:setup.py install is deprecated -W ignore:easy_install command is deprecated setup.py egg_info --egg-base ../../build/my_robot_control build --build-base /home/sahil/Desktop/ros_learn/slam_bot/build/my_robot_control/build install --record /home/sahil/Desktop/ros_learn/slam_bot/build/my_robot_control/install.log --single-version-externally-managed install_data
[1.299s] Level 1:colcon.colcon_core.environment:checking '/home/sahil/Desktop/ros_learn/slam_bot/install/my_robot_control' for CMake config files
[1.300s] Level 1:colcon.colcon_core.environment:checking '/home/sahil/Desktop/ros_learn/slam_bot/install/my_robot_control/lib'
[1.300s] Level 1:colcon.colcon_core.environment:checking '/home/sahil/Desktop/ros_learn/slam_bot/install/my_robot_control/bin'
[1.300s] Level 1:colcon.colcon_core.environment:checking '/home/sahil/Desktop/ros_learn/slam_bot/install/my_robot_control/lib/pkgconfig/my_robot_control.pc'
[1.300s] Level 1:colcon.colcon_core.environment:checking '/home/sahil/Desktop/ros_learn/slam_bot/install/my_robot_control/lib/python3.10/site-packages'
[1.300s] Level 1:colcon.colcon_core.shell:create_environment_hook('my_robot_control', 'pythonpath')
[1.300s] INFO:colcon.colcon_core.shell:Creating environment hook '/home/sahil/Desktop/ros_learn/slam_bot/install/my_robot_control/share/my_robot_control/hook/pythonpath.ps1'
[1.300s] INFO:colcon.colcon_core.shell:Creating environment descriptor '/home/sahil/Desktop/ros_learn/slam_bot/install/my_robot_control/share/my_robot_control/hook/pythonpath.dsv'
[1.300s] INFO:colcon.colcon_core.shell:Creating environment hook '/home/sahil/Desktop/ros_learn/slam_bot/install/my_robot_control/share/my_robot_control/hook/pythonpath.sh'
[1.301s] Level 1:colcon.colcon_core.environment:checking '/home/sahil/Desktop/ros_learn/slam_bot/install/my_robot_control/bin'
[1.301s] Level 1:colcon.colcon_core.environment:create_environment_scripts_only(my_robot_control)
[1.301s] INFO:colcon.colcon_core.shell:Creating package script '/home/sahil/Desktop/ros_learn/slam_bot/install/my_robot_control/share/my_robot_control/package.ps1'
[1.301s] INFO:colcon.colcon_core.shell:Creating package descriptor '/home/sahil/Desktop/ros_learn/slam_bot/install/my_robot_control/share/my_robot_control/package.dsv'
[1.302s] INFO:colcon.colcon_core.shell:Creating package script '/home/sahil/Desktop/ros_learn/slam_bot/install/my_robot_control/share/my_robot_control/package.sh'
[1.302s] INFO:colcon.colcon_core.shell:Creating package script '/home/sahil/Desktop/ros_learn/slam_bot/install/my_robot_control/share/my_robot_control/package.bash'
[1.302s] INFO:colcon.colcon_core.shell:Creating package script '/home/sahil/Desktop/ros_learn/slam_bot/install/my_robot_control/share/my_robot_control/package.zsh'
[1.302s] Level 1:colcon.colcon_core.environment:create_file_with_runtime_dependencies(/home/sahil/Desktop/ros_learn/slam_bot/install/my_robot_control/share/colcon-core/packages/my_robot_control)
[1.303s] Level 1:colcon.colcon_core.environment:checking '/home/sahil/Desktop/ros_learn/slam_bot/install/my_robot_description' for CMake module files
[1.303s] Level 1:colcon.colcon_core.environment:checking '/home/sahil/Desktop/ros_learn/slam_bot/install/my_robot_description' for CMake config files
[1.304s] DEBUG:colcon.colcon_core.event_handler.log_command:Invoked command in '/home/sahil/Desktop/ros_learn/slam_bot/src/my_robot_description' returned '0': PYTHONPATH=/home/sahil/Desktop/ros_learn/slam_bot/build/my_robot_description/prefix_override:/usr/lib/python3/dist-packages/colcon_core/task/python/colcon_distutils_commands:/home/sahil/Desktop/ros_learn/slam_bot/install/my_robot_description/lib/python3.10/site-packages:${PYTHONPATH} /usr/bin/python3 -W ignore:setup.py install is deprecated -W ignore:easy_install command is deprecated setup.py egg_info --egg-base ../../build/my_robot_description build --build-base /home/sahil/Desktop/ros_learn/slam_bot/build/my_robot_description/build install --record /home/sahil/Desktop/ros_learn/slam_bot/build/my_robot_description/install.log --single-version-externally-managed install_data
[1.304s] Level 1:colcon.colcon_core.environment:checking '/home/sahil/Desktop/ros_learn/slam_bot/install/my_robot_description/lib'
[1.304s] Level 1:colcon.colcon_core.environment:checking '/home/sahil/Desktop/ros_learn/slam_bot/install/my_robot_description/bin'
[1.304s] Level 1:colcon.colcon_core.environment:checking '/home/sahil/Desktop/ros_learn/slam_bot/install/my_robot_description/lib/pkgconfig/my_robot_description.pc'
[1.304s] Level 1:colcon.colcon_core.environment:checking '/home/sahil/Desktop/ros_learn/slam_bot/install/my_robot_description/lib/python3.10/site-packages'
[1.304s] Level 1:colcon.colcon_core.shell:create_environment_hook('my_robot_description', 'pythonpath')
[1.304s] INFO:colcon.colcon_core.shell:Creating environment hook '/home/sahil/Desktop/ros_learn/slam_bot/install/my_robot_description/share/my_robot_description/hook/pythonpath.ps1'
[1.305s] INFO:colcon.colcon_core.shell:Creating environment descriptor '/home/sahil/Desktop/ros_learn/slam_bot/install/my_robot_description/share/my_robot_description/hook/pythonpath.dsv'
[1.305s] INFO:colcon.colcon_core.shell:Creating environment hook '/home/sahil/Desktop/ros_learn/slam_bot/install/my_robot_description/share/my_robot_description/hook/pythonpath.sh'
[1.305s] Level 1:colcon.colcon_core.environment:checking '/home/sahil/Desktop/ros_learn/slam_bot/install/my_robot_description/bin'
[1.305s] Level 1:colcon.colcon_core.environment:create_environment_scripts_only(my_robot_description)
[1.306s] INFO:colcon.colcon_core.shell:Creating package script '/home/sahil/Desktop/ros_learn/slam_bot/install/my_robot_description/share/my_robot_description/package.ps1'
[1.306s] INFO:colcon.colcon_core.shell:Creating package descriptor '/home/sahil/Desktop/ros_learn/slam_bot/install/my_robot_description/share/my_robot_description/package.dsv'
[1.306s] INFO:colcon.colcon_core.shell:Creating package script '/home/sahil/Desktop/ros_learn/slam_bot/install/my_robot_description/share/my_robot_description/package.sh'
[1.306s] INFO:colcon.colcon_core.shell:Creating package script '/home/sahil/Desktop/ros_learn/slam_bot/install/my_robot_description/share/my_robot_description/package.bash'
[1.307s] INFO:colcon.colcon_core.shell:Creating package script '/home/sahil/Desktop/ros_learn/slam_bot/install/my_robot_description/share/my_robot_description/package.zsh'
[1.307s] Level 1:colcon.colcon_core.environment:create_file_with_runtime_dependencies(/home/sahil/Desktop/ros_learn/slam_bot/install/my_robot_description/share/colcon-core/packages/my_robot_description)
[1.307s] DEBUG:colcon.colcon_parallel_executor.executor.parallel:closing loop
[1.307s] DEBUG:colcon.colcon_parallel_executor.executor.parallel:loop closed
[1.308s] DEBUG:colcon.colcon_parallel_executor.executor.parallel:run_until_complete finished with '0'
[1.308s] DEBUG:colcon.colcon_core.event_reactor:joining thread
[1.312s] INFO:colcon.colcon_core.plugin_system:Skipping extension 'colcon_notification.desktop_notification.terminal_notifier': Not used on non-Darwin systems
[1.312s] INFO:colcon.colcon_core.plugin_system:Skipping extension 'colcon_notification.desktop_notification.win32': Not used on non-Windows systems
[1.312s] INFO:colcon.colcon_notification.desktop_notification:Sending desktop notification using 'notify2'
[1.318s] DEBUG:colcon.colcon_core.event_reactor:joined thread
[1.318s] INFO:colcon.colcon_core.shell:Creating prefix script '/home/sahil/Desktop/ros_learn/slam_bot/install/local_setup.ps1'
[1.319s] INFO:colcon.colcon_core.shell:Creating prefix util module '/home/sahil/Desktop/ros_learn/slam_bot/install/_local_setup_util_ps1.py'
[1.320s] INFO:colcon.colcon_core.shell:Creating prefix chain script '/home/sahil/Desktop/ros_learn/slam_bot/install/setup.ps1'
[1.321s] INFO:colcon.colcon_core.shell:Creating prefix script '/home/sahil/Desktop/ros_learn/slam_bot/install/local_setup.sh'
[1.321s] INFO:colcon.colcon_core.shell:Creating prefix util module '/home/sahil/Desktop/ros_learn/slam_bot/install/_local_setup_util_sh.py'
[1.321s] INFO:colcon.colcon_core.shell:Creating prefix chain script '/home/sahil/Desktop/ros_learn/slam_bot/install/setup.sh'
[1.322s] INFO:colcon.colcon_core.shell:Creating prefix script '/home/sahil/Desktop/ros_learn/slam_bot/install/local_setup.bash'
[1.323s] INFO:colcon.colcon_core.shell:Creating prefix chain script '/home/sahil/Desktop/ros_learn/slam_bot/install/setup.bash'
[1.324s] INFO:colcon.colcon_core.shell:Creating prefix script '/home/sahil/Desktop/ros_learn/slam_bot/install/local_setup.zsh'
[1.324s] INFO:colcon.colcon_core.shell:Creating prefix chain script '/home/sahil/Desktop/ros_learn/slam_bot/install/setup.zsh'
